[2018-11-25 13:41:25,397][    INFO] --- url: /passport/web/auth/uamtk
入参: {'appid': 'otn'}
请求方式: post
 (logger.py:61)
[2018-11-25 13:41:25,885][    INFO] --- 出参：{"result_message":"用户未登录","result_code":1} (logger.py:61)
[2018-11-25 13:41:54,258][    INFO] --- url: /passport/web/auth/uamtk
入参: {'appid': 'otn'}
请求方式: post
 (logger.py:61)
[2018-11-25 13:41:54,432][    INFO] --- 出参：{"result_message":"用户未登录","result_code":1} (logger.py:61)
[2018-11-25 13:41:54,433][    INFO] --- url: /passport/captcha/captcha-check
入参: {'answer': '42,46,115,112,252,111', 'rand': 'sjrand', 'login_site': 'E'}
请求方式: post
 (logger.py:61)
[2018-11-25 13:41:54,613][    INFO] --- 出参：{"result_message":"验证码校验成功","result_code":"4"} (logger.py:61)
[2018-11-25 13:41:54,613][    INFO] --- url: /passport/web/login
入参: {'username': 'b624345050', 'password': '530530', 'appid': 'otn'}
请求方式: post
 (logger.py:61)
[2018-11-25 13:41:55,039][    INFO] --- 出参：{"result_message":"登录成功","result_code":0,"uamtk":"VM2IQo3AX_vzEp8ITpQa-09gd3qSBw_P1FKBWw36b1b0"} (logger.py:61)
[2018-11-25 13:41:55,039][    INFO] --- url: /passport/web/auth/uamtk
入参: {'appid': 'otn'}
请求方式: post
 (logger.py:61)
[2018-11-25 13:41:55,219][    INFO] --- 出参：{"result_message":"验证通过","result_code":0,"apptk":null,"newapptk":"pTuvNQR4Hj2WrIrnCPVNZhl7HU0FeCdFmMuajgplb1b0"} (logger.py:61)
[2018-11-25 13:41:55,220][    INFO] --- url: /otn/uamauthclient
入参: {'tk': u'pTuvNQR4Hj2WrIrnCPVNZhl7HU0FeCdFmMuajgplb1b0'}
请求方式: post
 (logger.py:61)
[2018-11-25 13:41:55,407][    INFO] --- 出参：{"apptk":"pTuvNQR4Hj2WrIrnCPVNZhl7HU0FeCdFmMuajgplb1b0","result_code":0,"result_message":"验证通过","username":"卞东海"} (logger.py:61)
[2018-11-25 14:05:10,651][    INFO] --- url: /passport/web/auth/uamtk
入参: {'appid': 'otn'}
请求方式: post
 (logger.py:61)
[2018-11-25 14:05:10,921][    INFO] --- 出参：{"result_message":"用户未登录","result_code":1} (logger.py:61)
[2018-11-25 14:05:10,921][    INFO] --- url: /passport/captcha/captcha-check
入参: {'answer': '184,45', 'rand': 'sjrand', 'login_site': 'E'}
请求方式: post
 (logger.py:61)
[2018-11-25 14:05:11,105][    INFO] --- 出参：{"result_message":"验证码校验成功","result_code":"4"} (logger.py:61)
[2018-11-25 14:05:11,105][    INFO] --- url: /passport/web/login
入参: {'username': 'b624345050', 'password': '530530', 'appid': 'otn'}
请求方式: post
 (logger.py:61)
[2018-11-25 14:05:11,293][    INFO] --- 出参：{"result_message":"登录成功","result_code":0,"uamtk":"LCVjuPa65Nsmd3leRd5pod6kpBRDxucmCmYzsA09b1b0"} (logger.py:61)
[2018-11-25 14:05:11,293][    INFO] --- url: /passport/web/auth/uamtk
入参: {'appid': 'otn'}
请求方式: post
 (logger.py:61)
[2018-11-25 14:05:11,466][    INFO] --- 出参：{"result_message":"验证通过","result_code":0,"apptk":null,"newapptk":"U8CvlR0TQ9Gsy26jkVjcfEL3BJRfF0h-U0OWAQkob1b0"} (logger.py:61)
[2018-11-25 14:05:11,466][    INFO] --- url: /otn/uamauthclient
入参: {'tk': u'U8CvlR0TQ9Gsy26jkVjcfEL3BJRfF0h-U0OWAQkob1b0'}
请求方式: post
 (logger.py:61)
[2018-11-25 14:05:11,649][    INFO] --- 出参：{"apptk":"U8CvlR0TQ9Gsy26jkVjcfEL3BJRfF0h-U0OWAQkob1b0","result_code":0,"result_message":"验证通过","username":"卞东海"} (logger.py:61)
[2018-11-25 14:05:11,649][    INFO] --- url: /otn/login/checkUser
入参: {'_json_att': ''}
请求方式: post
 (logger.py:61)
[2018-11-25 14:05:11,918][    INFO] --- 出参：{"validateMessagesShowId":"_validatorMessage","status":true,"httpstatus":200,"data":{"flag":true},"messages":[],"validateMessages":{}} (logger.py:61)
[2018-11-25 14:12:16,613][    INFO] --- url: /passport/web/auth/uamtk
入参: {'appid': 'otn'}
请求方式: post
 (logger.py:61)
[2018-11-25 14:12:16,887][    INFO] --- 出参：{"result_message":"用户未登录","result_code":1} (logger.py:61)
[2018-11-25 14:12:16,888][    INFO] --- url: /passport/captcha/captcha-check
入参: {'answer': '181,114', 'rand': 'sjrand', 'login_site': 'E'}
请求方式: post
 (logger.py:61)
[2018-11-25 14:12:17,064][    INFO] --- 出参：{"result_message":"验证码校验失败","result_code":"5"} (logger.py:61)
[2018-11-25 14:12:25,534][    INFO] --- url: /passport/web/auth/uamtk
入参: {'appid': 'otn'}
请求方式: post
 (logger.py:61)
[2018-11-25 14:12:25,704][    INFO] --- 出参：{"result_message":"用户未登录","result_code":1} (logger.py:61)
[2018-11-25 14:12:25,705][    INFO] --- url: /passport/captcha/captcha-check
入参: {'answer': '42,46,117,36', 'rand': 'sjrand', 'login_site': 'E'}
请求方式: post
 (logger.py:61)
[2018-11-25 14:12:25,877][    INFO] --- 出参：{"result_message":"验证码校验失败","result_code":"5"} (logger.py:61)
[2018-11-25 14:12:34,918][    INFO] --- url: /passport/web/auth/uamtk
入参: {'appid': 'otn'}
请求方式: post
 (logger.py:61)
[2018-11-25 14:12:35,082][    INFO] --- 出参：{"result_message":"用户未登录","result_code":1} (logger.py:61)
[2018-11-25 14:12:35,083][    INFO] --- url: /passport/captcha/captcha-check
入参: {'answer': '252,111', 'rand': 'sjrand', 'login_site': 'E'}
请求方式: post
 (logger.py:61)
[2018-11-25 14:12:35,250][    INFO] --- 出参：{"result_message":"验证码校验成功","result_code":"4"} (logger.py:61)
[2018-11-25 14:12:35,251][    INFO] --- url: /passport/web/login
入参: {'username': 'b624345050', 'password': '530530', 'appid': 'otn'}
请求方式: post
 (logger.py:61)
[2018-11-25 14:12:35,435][    INFO] --- 出参：{"result_message":"登录成功","result_code":0,"uamtk":"TiI48ZeZ80YiRD2ysmv_PCcOaqXYxIi5-4Umxwgab1b0"} (logger.py:61)
[2018-11-25 14:12:35,435][    INFO] --- url: /passport/web/auth/uamtk
入参: {'appid': 'otn'}
请求方式: post
 (logger.py:61)
[2018-11-25 14:12:35,599][    INFO] --- 出参：{"result_message":"验证通过","result_code":0,"apptk":null,"newapptk":"6ll19aEwN6yh4tWJRzCqXGC-M-sLA9nmxhq55Qetb1b0"} (logger.py:61)
[2018-11-25 14:12:35,599][    INFO] --- url: /otn/uamauthclient
入参: {'tk': u'6ll19aEwN6yh4tWJRzCqXGC-M-sLA9nmxhq55Qetb1b0'}
请求方式: post
 (logger.py:61)
[2018-11-25 14:12:35,780][    INFO] --- 出参：{"apptk":"6ll19aEwN6yh4tWJRzCqXGC-M-sLA9nmxhq55Qetb1b0","result_code":0,"result_message":"验证通过","username":"卞东海"} (logger.py:61)
[2018-11-25 14:12:35,780][    INFO] --- url: /otn/login/checkUser
入参: {'_json_att': ''}
请求方式: post
 (logger.py:61)
[2018-11-25 14:12:36,093][    INFO] --- 出参：{"validateMessagesShowId":"_validatorMessage","status":true,"httpstatus":200,"data":{"flag":true},"messages":[],"validateMessages":{}} (logger.py:61)
[2018-11-25 14:23:04,676][    INFO] --- url: /otn/confirmPassenger/getPassengerDTOs
入参: {}
请求方式: get
 (logger.py:61)
[2018-11-25 14:23:05,116][    INFO] --- 出参：{"validateMessagesShowId":"_validatorMessage","status":true,"httpstatus":200,"data":{"isExist":true,"exMsg":"","two_isOpenClick":["93","95","97","99"],"other_isOpenClick":["91","93","98","99","95","97"],"normal_passengers":[{"code":"1","passenger_name":"卞东海","sex_code":"M","sex_name":"男","born_date":"1990-12-05 00:00:00","country_code":"CN","passenger_id_type_code":"1","passenger_id_type_name":"中国居民身份证","passenger_id_no":"342201199012057214","passenger_type":"1","passenger_flag":"0","passenger_type_name":"成人","mobile_no":"","phone_no":"","email":"469529324@qq.com","address":"","postalcode":"","first_letter":"","recordCount":"14","total_times":"99","index_id":"0","gat_born_date":"","gat_valid_date_start":"","gat_valid_date_end":"","gat_version":""},{"code":"3","passenger_name":"卞和威","sex_code":"M","sex_name":"男","born_date":"2015-04-11 00:00:00","country_code":"CN","passenger_id_type_code":"1","passenger_id_type_name":"中国居民身份证","passenger_id_no":"342201199306157210","passenger_type":"1","passenger_flag":"0","passenger_type_name":"成人","mobile_no":"18355379372","phone_no":"","email":"","address":"","postalcode":"","first_letter":"BHW","recordCount":"14","total_times":"99","index_id":"1","gat_born_date":"","gat_valid_date_start":"","gat_valid_date_end":"","gat_version":""},{"code":"2","passenger_name":"卞荣伟","sex_code":"M","sex_name":"男","born_date":"2014-01-07 00:00:00","country_code":"CN","passenger_id_type_code":"1","passenger_id_type_name":"中国居民身份证","passenger_id_no":"342201196503157216","passenger_type":"1","passenger_flag":"0","passenger_type_name":"成人","mobile_no":"","phone_no":"","email":"","address":"","postalcode":"","first_letter":"BRW","recordCount":"14","total_times":"97","index_id":"2","gat_born_date":"","gat_valid_date_start":"","gat_valid_date_end":"","gat_version":""},{"code":"4","passenger_name":"蔡开连","sex_code":"M","sex_name":"男","born_date":"2016-01-27 00:00:00","country_code":"CN","passenger_id_type_code":"1","passenger_id_type_name":"中国居民身份证","passenger_id_no":"522427198711255483","passenger_type":"1","passenger_flag":"0","passenger_type_name":"成人","mobile_no":"15220144676","phone_no":"","email":"","address":"","postalcode":"","first_letter":"CKL","recordCount":"14","total_times":"99","index_id":"3","gat_born_date":"","gat_valid_date_start":"","gat_valid_date_end":"","gat_version":""},{"code":"5","passenger_name":"陈云","sex_code":"M","sex_name":"男","born_date":"2016-01-14 00:00:00","country_code":"CN","passenger_id_type_code":"1","passenger_id_type_name":"中国居民身份证","passenger_id_no":"341222199009096336","passenger_type":"1","passenger_flag":"0","passenger_type_name":"成人","mobile_no":"13613087212","phone_no":"","email":"","address":"","postalcode":"","first_letter":"CY","recordCount":"14","total_times":"99","index_id":"4","gat_born_date":"","gat_valid_date_start":"","gat_valid_date_end":"","gat_version":""},{"code":"7","passenger_name":"顾凤武","sex_code":"M","sex_name":"男","born_date":"1900-01-01 00:00:00","country_code":"CN","passenger_id_type_code":"1","passenger_id_type_name":"中国居民身份证","passenger_id_no":"340122199102222417","passenger_type":"1","passenger_flag":"0","passenger_type_name":"成人","mobile_no":"15330722856","phone_no":"","email":"","address":"","postalcode":"","first_letter":"GFW","recordCount":"14","total_times":"99","index_id":"5","gat_born_date":"","gat_valid_date_start":"","gat_valid_date_end":"","gat_version":""},{"code":"6","passenger_name":"甘恢早","sex_code":"F","sex_name":"女","born_date":"1991-06-11 00:00:00","country_code":"CN","passenger_id_type_code":"1","passenger_id_type_name":"中国居民身份证","passenger_id_no":"342523199106118828","passenger_type":"3","passenger_flag":"0","passenger_type_name":"学生","mobile_no":"18226734364","phone_no":"","email":"","address":"","postalcode":"","first_letter":"GHZ","recordCount":"14","total_times":"99","index_id":"6","gat_born_date":"","gat_valid_date_start":"","gat_valid_date_end":"","gat_version":""},{"code":"8","passenger_name":"黎芳羡","sex_code":"F","sex_name":"女","born_date":"2014-03-01 00:00:00","country_code":"CN","passenger_id_type_code":"1","passenger_id_type_name":"中国居民身份证","passenger_id_no":"45072119900706044X","passenger_type":"1","passenger_flag":"0","passenger_type_name":"成人","mobile_no":"18255399993","phone_no":"","email":"","address":"","postalcode":"","first_letter":"LFX","recordCount":"14","total_times":"99","index_id":"7","gat_born_date":"","gat_valid_date_start":"","gat_valid_date_end":"","gat_version":""},{"code":"9","passenger_name":"鲁治","sex_code":"M","sex_name":"男","born_date":"2016-02-14 00:00:00","country_code":"CN","passenger_id_type_code":"1","passenger_id_type_name":"中国居民身份证","passenger_id_no":"342425199202260514","passenger_type":"1","passenger_flag":"0","passenger_type_name":"成人","mobile_no":"15851720052","phone_no":"","email":"","address":"","postalcode":"","first_letter":"LZ","recordCount":"14","total_times":"99","index_id":"8","gat_born_date":"","gat_valid_date_start":"","gat_valid_date_end":"","gat_version":""},{"code":"10","passenger_name":"韦明英","sex_code":"F","sex_name":"女","born_date":"2014-01-07 00:00:00","country_code":"CN","passenger_id_type_code":"1","passenger_id_type_name":"中国居民身份证","passenger_id_no":"342201197001017226","passenger_type":"1","passenger_flag":"0","passenger_type_name":"成人","mobile_no":"","phone_no":"","email":"","address":"","postalcode":"","first_letter":"WMY","recordCount":"14","total_times":"97","index_id":"9","gat_born_date":"","gat_valid_date_start":"","gat_valid_date_end":"","gat_version":""},{"code":"11","passenger_name":"许娟","sex_code":"F","sex_name":"女","born_date":"2014-04-08 00:00:00","country_code":"CN","passenger_id_type_code":"1","passenger_id_type_name":"中国居民身份证","passenger_id_no":"342427199407203743","passenger_type":"1","passenger_flag":"0","passenger_type_name":"成人","mobile_no":"15256068968","phone_no":"","email":"","address":"","postalcode":"","first_letter":"XJ","recordCount":"14","total_times":"99","index_id":"10","gat_born_date":"","gat_valid_date_start":"","gat_valid_date_end":"","gat_version":""},{"code":"12","passenger_name":"云玉芝","sex_code":"M","sex_name":"男","born_date":"2016-01-05 00:00:00","country_code":"CN","passenger_id_type_code":"1","passenger_id_type_name":"中国居民身份证","passenger_id_no":"342123196501201220","passenger_type":"1","passenger_flag":"0","passenger_type_name":"成人","mobile_no":"13613087212","phone_no":"","email":"","address":"","postalcode":"","first_letter":"YYZ","recordCount":"14","total_times":"99","index_id":"11","gat_born_date":"","gat_valid_date_start":"","gat_valid_date_end":"","gat_version":""},{"code":"14","passenger_name":"朱宝","sex_code":"F","sex_name":"女","born_date":"1993-07-12 00:00:00","country_code":"CN","passenger_id_type_code":"1","passenger_id_type_name":"中国居民身份证","passenger_id_no":"342423199307124006","passenger_type":"1","passenger_flag":"0","passenger_type_name":"成人","mobile_no":"15755387063","phone_no":"","email":"","address":"","postalcode":"","first_letter":"ZB","recordCount":"14","total_times":"99","index_id":"12","gat_born_date":"","gat_valid_date_start":"","gat_valid_date_end":"","gat_version":""},{"code":"13","passenger_name":"张丽","sex_code":"F","sex_name":"女","born_date":"2015-06-20 00:00:00","country_code":"CN","passenger_id_type_code":"1","passenger_id_type_name":"中国居民身份证","passenger_id_no":"340881199210301225","passenger_type":"1","passenger_flag":"0","passenger_type_name":"成人","mobile_no":"18256091240","phone_no":"","email":"","address":"","postalcode":"","first_letter":"ZL","recordCount":"14","total_times":"99","index_id":"13","gat_born_date":"","gat_valid_date_start":"","gat_valid_date_end":"","gat_version":""}],"dj_passengers":[]},"messages":[],"validateMessages":{}} (logger.py:61)
[2018-11-25 14:26:20,622][    INFO] --- url: /passport/web/auth/uamtk
入参: {'appid': 'otn'}
请求方式: post
 (logger.py:61)
[2018-11-25 14:26:20,925][    INFO] --- 出参：{"result_message":"用户未登录","result_code":1} (logger.py:61)
[2018-11-25 14:26:20,926][    INFO] --- url: /passport/captcha/captcha-check
入参: {'answer': '117,36', 'rand': 'sjrand', 'login_site': 'E'}
请求方式: post
 (logger.py:61)
[2018-11-25 14:26:21,124][    INFO] --- 出参：{"result_message":"验证码校验失败","result_code":"5"} (logger.py:61)
[2018-11-25 14:26:30,626][    INFO] --- url: /passport/web/auth/uamtk
入参: {'appid': 'otn'}
请求方式: post
 (logger.py:61)
[2018-11-25 14:26:30,970][    INFO] --- 出参：{"result_message":"用户未登录","result_code":1} (logger.py:61)
[2018-11-25 14:26:30,971][    INFO] --- url: /passport/captcha/captcha-check
入参: {'answer': '117,36,181,114,252,111', 'rand': 'sjrand', 'login_site': 'E'}
请求方式: post
 (logger.py:61)
[2018-11-25 14:26:31,160][    INFO] --- 出参：{"result_message":"验证码校验失败","result_code":"5"} (logger.py:61)
[2018-11-25 14:26:38,997][    INFO] --- url: /passport/web/auth/uamtk
入参: {'appid': 'otn'}
请求方式: post
 (logger.py:61)
[2018-11-25 14:26:39,413][    INFO] --- 出参：{"result_message":"用户未登录","result_code":1} (logger.py:61)
[2018-11-25 14:26:39,416][    INFO] --- url: /passport/captcha/captcha-check
入参: {'answer': '105,46,115,112', 'rand': 'sjrand', 'login_site': 'E'}
请求方式: post
 (logger.py:61)
[2018-11-25 14:26:39,604][    INFO] --- 出参：{"result_message":"验证码校验成功","result_code":"4"} (logger.py:61)
[2018-11-25 14:26:39,605][    INFO] --- url: /passport/web/login
入参: {'username': 'b624345050', 'password': '530530', 'appid': 'otn'}
请求方式: post
 (logger.py:61)
[2018-11-25 14:26:40,047][    INFO] --- 出参：{"result_message":"登录成功","result_code":0,"uamtk":"Ot3kCrGRHxuylAoUxLtz-SPyk501H_s9Q7SEawzib1b0"} (logger.py:61)
[2018-11-25 14:26:40,047][    INFO] --- url: /passport/web/auth/uamtk
入参: {'appid': 'otn'}
请求方式: post
 (logger.py:61)
[2018-11-25 14:26:40,437][    INFO] --- 出参：{"result_message":"验证通过","result_code":0,"apptk":null,"newapptk":"zkDcjG6BB7ZOkDQrpEe3uRs0kO3ublTKlcYwqAfsb1b0"} (logger.py:61)
[2018-11-25 14:26:40,438][    INFO] --- url: /otn/uamauthclient
入参: {'tk': u'zkDcjG6BB7ZOkDQrpEe3uRs0kO3ublTKlcYwqAfsb1b0'}
请求方式: post
 (logger.py:61)
[2018-11-25 14:26:40,849][    INFO] --- 出参：{"apptk":"zkDcjG6BB7ZOkDQrpEe3uRs0kO3ublTKlcYwqAfsb1b0","result_code":0,"result_message":"验证通过","username":"卞东海"} (logger.py:61)
[2018-11-25 14:26:40,849][    INFO] --- url: /otn/login/checkUser
入参: {'_json_att': ''}
请求方式: post
 (logger.py:61)
[2018-11-25 14:26:41,217][    INFO] --- 出参：{"validateMessagesShowId":"_validatorMessage","status":true,"httpstatus":200,"data":{"flag":true},"messages":[],"validateMessages":{}} (logger.py:61)
[2018-11-25 14:26:47,783][    INFO] --- url: /otn/confirmPassenger/getPassengerDTOs
入参: {}
请求方式: get
 (logger.py:61)
[2018-11-25 14:26:48,220][    INFO] --- 出参：{"validateMessagesShowId":"_validatorMessage","status":true,"httpstatus":200,"data":{"isExist":true,"exMsg":"","two_isOpenClick":["93","95","97","99"],"other_isOpenClick":["91","93","98","99","95","97"],"normal_passengers":[{"code":"1","passenger_name":"卞东海","sex_code":"M","sex_name":"男","born_date":"1990-12-05 00:00:00","country_code":"CN","passenger_id_type_code":"1","passenger_id_type_name":"中国居民身份证","passenger_id_no":"342201199012057214","passenger_type":"1","passenger_flag":"0","passenger_type_name":"成人","mobile_no":"","phone_no":"","email":"469529324@qq.com","address":"","postalcode":"","first_letter":"","recordCount":"14","total_times":"99","index_id":"0","gat_born_date":"","gat_valid_date_start":"","gat_valid_date_end":"","gat_version":""},{"code":"3","passenger_name":"卞和威","sex_code":"M","sex_name":"男","born_date":"2015-04-11 00:00:00","country_code":"CN","passenger_id_type_code":"1","passenger_id_type_name":"中国居民身份证","passenger_id_no":"342201199306157210","passenger_type":"1","passenger_flag":"0","passenger_type_name":"成人","mobile_no":"18355379372","phone_no":"","email":"","address":"","postalcode":"","first_letter":"BHW","recordCount":"14","total_times":"99","index_id":"1","gat_born_date":"","gat_valid_date_start":"","gat_valid_date_end":"","gat_version":""},{"code":"2","passenger_name":"卞荣伟","sex_code":"M","sex_name":"男","born_date":"2014-01-07 00:00:00","country_code":"CN","passenger_id_type_code":"1","passenger_id_type_name":"中国居民身份证","passenger_id_no":"342201196503157216","passenger_type":"1","passenger_flag":"0","passenger_type_name":"成人","mobile_no":"","phone_no":"","email":"","address":"","postalcode":"","first_letter":"BRW","recordCount":"14","total_times":"97","index_id":"2","gat_born_date":"","gat_valid_date_start":"","gat_valid_date_end":"","gat_version":""},{"code":"4","passenger_name":"蔡开连","sex_code":"M","sex_name":"男","born_date":"2016-01-27 00:00:00","country_code":"CN","passenger_id_type_code":"1","passenger_id_type_name":"中国居民身份证","passenger_id_no":"522427198711255483","passenger_type":"1","passenger_flag":"0","passenger_type_name":"成人","mobile_no":"15220144676","phone_no":"","email":"","address":"","postalcode":"","first_letter":"CKL","recordCount":"14","total_times":"99","index_id":"3","gat_born_date":"","gat_valid_date_start":"","gat_valid_date_end":"","gat_version":""},{"code":"5","passenger_name":"陈云","sex_code":"M","sex_name":"男","born_date":"2016-01-14 00:00:00","country_code":"CN","passenger_id_type_code":"1","passenger_id_type_name":"中国居民身份证","passenger_id_no":"341222199009096336","passenger_type":"1","passenger_flag":"0","passenger_type_name":"成人","mobile_no":"13613087212","phone_no":"","email":"","address":"","postalcode":"","first_letter":"CY","recordCount":"14","total_times":"99","index_id":"4","gat_born_date":"","gat_valid_date_start":"","gat_valid_date_end":"","gat_version":""},{"code":"7","passenger_name":"顾凤武","sex_code":"M","sex_name":"男","born_date":"1900-01-01 00:00:00","country_code":"CN","passenger_id_type_code":"1","passenger_id_type_name":"中国居民身份证","passenger_id_no":"340122199102222417","passenger_type":"1","passenger_flag":"0","passenger_type_name":"成人","mobile_no":"15330722856","phone_no":"","email":"","address":"","postalcode":"","first_letter":"GFW","recordCount":"14","total_times":"99","index_id":"5","gat_born_date":"","gat_valid_date_start":"","gat_valid_date_end":"","gat_version":""},{"code":"6","passenger_name":"甘恢早","sex_code":"F","sex_name":"女","born_date":"1991-06-11 00:00:00","country_code":"CN","passenger_id_type_code":"1","passenger_id_type_name":"中国居民身份证","passenger_id_no":"342523199106118828","passenger_type":"3","passenger_flag":"0","passenger_type_name":"学生","mobile_no":"18226734364","phone_no":"","email":"","address":"","postalcode":"","first_letter":"GHZ","recordCount":"14","total_times":"99","index_id":"6","gat_born_date":"","gat_valid_date_start":"","gat_valid_date_end":"","gat_version":""},{"code":"8","passenger_name":"黎芳羡","sex_code":"F","sex_name":"女","born_date":"2014-03-01 00:00:00","country_code":"CN","passenger_id_type_code":"1","passenger_id_type_name":"中国居民身份证","passenger_id_no":"45072119900706044X","passenger_type":"1","passenger_flag":"0","passenger_type_name":"成人","mobile_no":"18255399993","phone_no":"","email":"","address":"","postalcode":"","first_letter":"LFX","recordCount":"14","total_times":"99","index_id":"7","gat_born_date":"","gat_valid_date_start":"","gat_valid_date_end":"","gat_version":""},{"code":"9","passenger_name":"鲁治","sex_code":"M","sex_name":"男","born_date":"2016-02-14 00:00:00","country_code":"CN","passenger_id_type_code":"1","passenger_id_type_name":"中国居民身份证","passenger_id_no":"342425199202260514","passenger_type":"1","passenger_flag":"0","passenger_type_name":"成人","mobile_no":"15851720052","phone_no":"","email":"","address":"","postalcode":"","first_letter":"LZ","recordCount":"14","total_times":"99","index_id":"8","gat_born_date":"","gat_valid_date_start":"","gat_valid_date_end":"","gat_version":""},{"code":"10","passenger_name":"韦明英","sex_code":"F","sex_name":"女","born_date":"2014-01-07 00:00:00","country_code":"CN","passenger_id_type_code":"1","passenger_id_type_name":"中国居民身份证","passenger_id_no":"342201197001017226","passenger_type":"1","passenger_flag":"0","passenger_type_name":"成人","mobile_no":"","phone_no":"","email":"","address":"","postalcode":"","first_letter":"WMY","recordCount":"14","total_times":"97","index_id":"9","gat_born_date":"","gat_valid_date_start":"","gat_valid_date_end":"","gat_version":""},{"code":"11","passenger_name":"许娟","sex_code":"F","sex_name":"女","born_date":"2014-04-08 00:00:00","country_code":"CN","passenger_id_type_code":"1","passenger_id_type_name":"中国居民身份证","passenger_id_no":"342427199407203743","passenger_type":"1","passenger_flag":"0","passenger_type_name":"成人","mobile_no":"15256068968","phone_no":"","email":"","address":"","postalcode":"","first_letter":"XJ","recordCount":"14","total_times":"99","index_id":"10","gat_born_date":"","gat_valid_date_start":"","gat_valid_date_end":"","gat_version":""},{"code":"12","passenger_name":"云玉芝","sex_code":"M","sex_name":"男","born_date":"2016-01-05 00:00:00","country_code":"CN","passenger_id_type_code":"1","passenger_id_type_name":"中国居民身份证","passenger_id_no":"342123196501201220","passenger_type":"1","passenger_flag":"0","passenger_type_name":"成人","mobile_no":"13613087212","phone_no":"","email":"","address":"","postalcode":"","first_letter":"YYZ","recordCount":"14","total_times":"99","index_id":"11","gat_born_date":"","gat_valid_date_start":"","gat_valid_date_end":"","gat_version":""},{"code":"14","passenger_name":"朱宝","sex_code":"F","sex_name":"女","born_date":"1993-07-12 00:00:00","country_code":"CN","passenger_id_type_code":"1","passenger_id_type_name":"中国居民身份证","passenger_id_no":"342423199307124006","passenger_type":"1","passenger_flag":"0","passenger_type_name":"成人","mobile_no":"15755387063","phone_no":"","email":"","address":"","postalcode":"","first_letter":"ZB","recordCount":"14","total_times":"99","index_id":"12","gat_born_date":"","gat_valid_date_start":"","gat_valid_date_end":"","gat_version":""},{"code":"13","passenger_name":"张丽","sex_code":"F","sex_name":"女","born_date":"2015-06-20 00:00:00","country_code":"CN","passenger_id_type_code":"1","passenger_id_type_name":"中国居民身份证","passenger_id_no":"340881199210301225","passenger_type":"1","passenger_flag":"0","passenger_type_name":"成人","mobile_no":"18256091240","phone_no":"","email":"","address":"","postalcode":"","first_letter":"ZL","recordCount":"14","total_times":"99","index_id":"13","gat_born_date":"","gat_valid_date_start":"","gat_valid_date_end":"","gat_version":""}],"dj_passengers":[]},"messages":[],"validateMessages":{}} (logger.py:61)
[2018-11-25 14:34:48,968][    INFO] --- url: /otn/confirmPassenger/autoSubmitOrderRequest
入参: OrderedDict([('secretStr', u'IjICuAcfLmKZB5jP3sdEh/ZGPj6JJxx+FkcS3dioep83iuzLhRYgRcoqEvGHjjp4KxKNmkDcqAwh\nO9oLpjsXfeZ0Qu/aEkVu3UTrTdwa9Phf4bzDcdpxq0QdMBimdXu3p8y91cXiV8L2dl8y31T2h83f\nKPIFqY92nVb4UUhs+wHAq0ZnSUsAQAKxBY8BYPeTm76TuD6P8eRI+QHzJeg2+OmviT2vjRU3msJL\nif/jjBib1+uVwaA6WYPbFGIKdvBj'), ('train_date', '2018-11-28'), ('tour_flag', 'dc'), ('purpose_codes', 'ADULT'), ('query_from_station_name', '\xe6\xb7\xb1\xe5\x9c\xb3'), ('query_to_station_name', '\xe5\xb9\xbf\xe5\xb7\x9e'), ('cancel_flag', 2), ('bed_level_order_num', '000000000000000000000000000000'), ('passengerTicketStr', u'O,0,1,\u535e\u4e1c\u6d77,1,342201199012057214,,N'), ('oldPassengerStr', u'\u535e\u4e1c\u6d77,1,342201199012057214,1_')])
请求方式: post
 (logger.py:61)
[2018-11-25 14:34:49,318][    INFO] --- 出参：{"validateMessagesShowId":"_validatorMessage","status":false,"httpstatus":200,"messages":["车票信息已过期，请重新查询最新车票信息"],"validateMessages":{}} (logger.py:61)
[2018-11-25 14:35:41,192][    INFO] --- url: /otn/login/checkUser
入参: {'_json_att': ''}
请求方式: post
 (logger.py:61)
[2018-11-25 14:35:41,368][    INFO] --- 出参：{"validateMessagesShowId":"_validatorMessage","status":true,"httpstatus":200,"data":{"flag":true},"messages":[],"validateMessages":{}} (logger.py:61)
[2018-11-25 14:35:47,382][    INFO] --- url: /otn/confirmPassenger/autoSubmitOrderRequest
入参: OrderedDict([('secretStr', u'rgNiOD/gRmHpV1jGPCFyPA3LN0abGkNmKTqZ5mtA3MWUo3JJojyuY3U+Z5HxiD+aPEnUBUVn9cA0\nBccJJybWaQMPGkl2BjelZUe/dJ0DNWTxJTHBMuZL3lkH+0IZmm7QIv4JhUXXuZq5/iJz31UAGjNT\nRWYPUhajzLWBIBQIJLZ3XlylQPeVCqlarZB5H/rn5vkrBbXO0gNQ5FTnfJv35U/V2ldQOaNx3IC7\n2bKJIQcg6j0C8hp/qYBfeQi0E7CI'), ('train_date', '2018-11-28'), ('tour_flag', 'dc'), ('purpose_codes', 'ADULT'), ('query_from_station_name', '\xe6\xb7\xb1\xe5\x9c\xb3'), ('query_to_station_name', '\xe5\xb9\xbf\xe5\xb7\x9e'), ('cancel_flag', 2), ('bed_level_order_num', '000000000000000000000000000000'), ('passengerTicketStr', u'O,0,1,\u535e\u4e1c\u6d77,1,342201199012057214,,N'), ('oldPassengerStr', u'\u535e\u4e1c\u6d77,1,342201199012057214,1_')])
请求方式: post
 (logger.py:61)
[2018-11-25 14:35:47,763][    INFO] --- 出参：{"validateMessagesShowId":"_validatorMessage","status":true,"httpstatus":200,"data":{"result":"P2#3A598BB70FEC1909507AA2DFA4FD2E14E77A73CEFA81223120617862#PJxVURW2sVRiF17QFs1BwvdWKvgu7Z5zhKmcbBuNzud41i8g#0","ifShowPassCode":"N","canChooseBeds":"N","canChooseSeats":"Y","choose_Seats":"O","isCanChooseMid":"N","ifShowPassCodeTime":"2726","submitStatus":true,"smokeStr":""},"messages":[],"validateMessages":{}} (logger.py:61)
[2018-11-25 14:35:47,772][    INFO] --- url: /otn/confirmPassenger/getQueueCountAsync
入参: OrderedDict([('train_date', ('Wed Nov 28 2018 00:00:00 GMT+0800 (\xe4\xb8\xad\xe5\x9b\xbd\xe6\xa0\x87\xe5\x87\x86\xe6\x97\xb6\xe9\x97\xb4)',)), ('train_no', u'240000G1010H'), ('stationTrainCode', u'G101'), ('seatType', u'\u4e8c\u7b49\u5ea7'), ('fromStationTelecode', u'VNP'), ('toStationTelecode', u'NKH'), ('leftTicket', u'PJxVURW2sVRiF17QFs1BwvdWKvgu7Z5zhKmcbBuNzud41i8g'), ('purpose_codes', 'ADULT'), ('_json_att', '')])
请求方式: post
 (logger.py:61)
[2018-11-25 14:35:47,937][    INFO] --- 出参：{"validateMessagesShowId":"_validatorMessage","status":true,"httpstatus":200,"data":{"ticket":"0","op_2":"false","op_1":"false"},"messages":[],"validateMessages":{}} (logger.py:61)
[2018-11-25 14:35:47,968][    INFO] --- url: /otn/confirmPassenger/getQueueCountAsync
入参: OrderedDict([('train_date', ('Wed Nov 28 2018 00:00:00 GMT+0800 (\xe4\xb8\xad\xe5\x9b\xbd\xe6\xa0\x87\xe5\x87\x86\xe6\x97\xb6\xe9\x97\xb4)',)), ('train_no', u'240000G1010H'), ('stationTrainCode', u'G101'), ('seatType', u'\u4e8c\u7b49\u5ea7'), ('fromStationTelecode', u'VNP'), ('toStationTelecode', u'NKH'), ('leftTicket', u'PJxVURW2sVRiF17QFs1BwvdWKvgu7Z5zhKmcbBuNzud41i8g'), ('purpose_codes', 'ADULT'), ('_json_att', '')])
请求方式: post
 (logger.py:61)
[2018-11-25 14:35:49,300][    INFO] --- 出参：{"validateMessagesShowId":"_validatorMessage","status":false,"httpstatus":200,"messages":["系统繁忙，请稍后重试！"],"validateMessages":{}} (logger.py:61)
[2018-11-25 14:38:34,783][    INFO] --- url: /passport/web/auth/uamtk
入参: {'appid': 'otn'}
请求方式: post
 (logger.py:61)
[2018-11-25 14:38:35,014][    INFO] --- 出参：{"result_message":"用户未登录","result_code":1} (logger.py:61)
[2018-11-25 14:38:35,015][    INFO] --- url: /passport/captcha/captcha-check
入参: {'answer': '252,111', 'rand': 'sjrand', 'login_site': 'E'}
请求方式: post
 (logger.py:61)
[2018-11-25 14:38:35,188][    INFO] --- 出参：{"result_message":"验证码校验失败","result_code":"5"} (logger.py:61)
[2018-11-25 14:38:43,136][    INFO] --- url: /passport/web/auth/uamtk
入参: {'appid': 'otn'}
请求方式: post
 (logger.py:61)
[2018-11-25 14:38:43,483][    INFO] --- 出参：{"result_message":"用户未登录","result_code":1} (logger.py:61)
[2018-11-25 14:38:43,484][    INFO] --- url: /passport/captcha/captcha-check
入参: {'answer': '42,46,256,48', 'rand': 'sjrand', 'login_site': 'E'}
请求方式: post
 (logger.py:61)
[2018-11-25 14:38:43,756][    INFO] --- 出参：{"result_message":"验证码校验成功","result_code":"4"} (logger.py:61)
[2018-11-25 14:38:43,756][    INFO] --- url: /passport/web/login
入参: {'username': 'b624345050', 'password': '530530', 'appid': 'otn'}
请求方式: post
 (logger.py:61)
[2018-11-25 14:38:43,938][    INFO] --- 出参：{"result_message":"登录成功","result_code":0,"uamtk":"4tTKjXX7p-RfIa0qj1ZeJeLFjPKtN2fL8W9DmQ92b1b0"} (logger.py:61)
[2018-11-25 14:38:43,938][    INFO] --- url: /passport/web/auth/uamtk
入参: {'appid': 'otn'}
请求方式: post
 (logger.py:61)
[2018-11-25 14:38:44,111][    INFO] --- 出参：{"result_message":"验证通过","result_code":0,"apptk":null,"newapptk":"5qsYAWFveoK1LSxuXU7bl9Ffco3VsNkSJfaZ4Qtyb1b0"} (logger.py:61)
[2018-11-25 14:38:44,111][    INFO] --- url: /otn/uamauthclient
入参: {'tk': u'5qsYAWFveoK1LSxuXU7bl9Ffco3VsNkSJfaZ4Qtyb1b0'}
请求方式: post
 (logger.py:61)
[2018-11-25 14:38:44,290][    INFO] --- 出参：{"apptk":"5qsYAWFveoK1LSxuXU7bl9Ffco3VsNkSJfaZ4Qtyb1b0","result_code":0,"result_message":"验证通过","username":"卞东海"} (logger.py:61)
[2018-11-25 14:38:44,291][    INFO] --- url: /otn/login/checkUser
入参: {'_json_att': ''}
请求方式: post
 (logger.py:61)
[2018-11-25 14:38:44,455][    INFO] --- 出参：{"validateMessagesShowId":"_validatorMessage","status":true,"httpstatus":200,"data":{"flag":true},"messages":[],"validateMessages":{}} (logger.py:61)
[2018-11-25 14:39:30,656][    INFO] --- url: /passport/web/auth/uamtk
入参: {'appid': 'otn'}
请求方式: post
 (logger.py:61)
[2018-11-25 14:39:30,947][    INFO] --- 出参：{"result_message":"用户未登录","result_code":1} (logger.py:61)
[2018-11-25 14:39:30,948][    INFO] --- url: /passport/captcha/captcha-check
入参: {'answer': '105,46', 'rand': 'sjrand', 'login_site': 'E'}
请求方式: post
 (logger.py:61)
[2018-11-25 14:39:31,301][    INFO] --- 出参：{"result_message":"验证码校验成功","result_code":"4"} (logger.py:61)
[2018-11-25 14:39:31,301][    INFO] --- url: /passport/web/login
入参: {'username': 'b624345050', 'password': '530530', 'appid': 'otn'}
请求方式: post
 (logger.py:61)
[2018-11-25 14:39:31,487][    INFO] --- 出参：{"result_message":"登录成功","result_code":0,"uamtk":"rsV8MXxklSr17dJTRb6t20uo55l3Db0_fplEfgy0b1b0"} (logger.py:61)
[2018-11-25 14:39:31,487][    INFO] --- url: /passport/web/auth/uamtk
入参: {'appid': 'otn'}
请求方式: post
 (logger.py:61)
[2018-11-25 14:39:31,667][    INFO] --- 出参：{"result_message":"验证通过","result_code":0,"apptk":null,"newapptk":"fetPBoZHgSQu_2Xe9xV--LpP9vb6rJOfGj9nyAubb1b0"} (logger.py:61)
[2018-11-25 14:39:31,668][    INFO] --- url: /otn/uamauthclient
入参: {'tk': u'fetPBoZHgSQu_2Xe9xV--LpP9vb6rJOfGj9nyAubb1b0'}
请求方式: post
 (logger.py:61)
[2018-11-25 14:39:31,846][    INFO] --- 出参：{"apptk":"fetPBoZHgSQu_2Xe9xV--LpP9vb6rJOfGj9nyAubb1b0","result_code":0,"result_message":"验证通过","username":"卞东海"} (logger.py:61)
[2018-11-25 14:39:31,846][    INFO] --- url: /otn/login/checkUser
入参: {'_json_att': ''}
请求方式: post
 (logger.py:61)
[2018-11-25 14:39:32,226][    INFO] --- 出参：{"validateMessagesShowId":"_validatorMessage","status":true,"httpstatus":200,"data":{"flag":true},"messages":[],"validateMessages":{}} (logger.py:61)
[2018-11-25 14:39:55,221][    INFO] --- url: /otn/confirmPassenger/getPassengerDTOs
入参: {}
请求方式: get
 (logger.py:61)
[2018-11-25 14:39:55,572][    INFO] --- 出参：{"validateMessagesShowId":"_validatorMessage","status":true,"httpstatus":200,"data":{"isExist":true,"exMsg":"","two_isOpenClick":["93","95","97","99"],"other_isOpenClick":["91","93","98","99","95","97"],"normal_passengers":[{"code":"1","passenger_name":"卞东海","sex_code":"M","sex_name":"男","born_date":"1990-12-05 00:00:00","country_code":"CN","passenger_id_type_code":"1","passenger_id_type_name":"中国居民身份证","passenger_id_no":"342201199012057214","passenger_type":"1","passenger_flag":"0","passenger_type_name":"成人","mobile_no":"","phone_no":"","email":"469529324@qq.com","address":"","postalcode":"","first_letter":"","recordCount":"14","total_times":"99","index_id":"0","gat_born_date":"","gat_valid_date_start":"","gat_valid_date_end":"","gat_version":""},{"code":"3","passenger_name":"卞和威","sex_code":"M","sex_name":"男","born_date":"2015-04-11 00:00:00","country_code":"CN","passenger_id_type_code":"1","passenger_id_type_name":"中国居民身份证","passenger_id_no":"342201199306157210","passenger_type":"1","passenger_flag":"0","passenger_type_name":"成人","mobile_no":"18355379372","phone_no":"","email":"","address":"","postalcode":"","first_letter":"BHW","recordCount":"14","total_times":"99","index_id":"1","gat_born_date":"","gat_valid_date_start":"","gat_valid_date_end":"","gat_version":""},{"code":"2","passenger_name":"卞荣伟","sex_code":"M","sex_name":"男","born_date":"2014-01-07 00:00:00","country_code":"CN","passenger_id_type_code":"1","passenger_id_type_name":"中国居民身份证","passenger_id_no":"342201196503157216","passenger_type":"1","passenger_flag":"0","passenger_type_name":"成人","mobile_no":"","phone_no":"","email":"","address":"","postalcode":"","first_letter":"BRW","recordCount":"14","total_times":"97","index_id":"2","gat_born_date":"","gat_valid_date_start":"","gat_valid_date_end":"","gat_version":""},{"code":"4","passenger_name":"蔡开连","sex_code":"M","sex_name":"男","born_date":"2016-01-27 00:00:00","country_code":"CN","passenger_id_type_code":"1","passenger_id_type_name":"中国居民身份证","passenger_id_no":"522427198711255483","passenger_type":"1","passenger_flag":"0","passenger_type_name":"成人","mobile_no":"15220144676","phone_no":"","email":"","address":"","postalcode":"","first_letter":"CKL","recordCount":"14","total_times":"99","index_id":"3","gat_born_date":"","gat_valid_date_start":"","gat_valid_date_end":"","gat_version":""},{"code":"5","passenger_name":"陈云","sex_code":"M","sex_name":"男","born_date":"2016-01-14 00:00:00","country_code":"CN","passenger_id_type_code":"1","passenger_id_type_name":"中国居民身份证","passenger_id_no":"341222199009096336","passenger_type":"1","passenger_flag":"0","passenger_type_name":"成人","mobile_no":"13613087212","phone_no":"","email":"","address":"","postalcode":"","first_letter":"CY","recordCount":"14","total_times":"99","index_id":"4","gat_born_date":"","gat_valid_date_start":"","gat_valid_date_end":"","gat_version":""},{"code":"7","passenger_name":"顾凤武","sex_code":"M","sex_name":"男","born_date":"1900-01-01 00:00:00","country_code":"CN","passenger_id_type_code":"1","passenger_id_type_name":"中国居民身份证","passenger_id_no":"340122199102222417","passenger_type":"1","passenger_flag":"0","passenger_type_name":"成人","mobile_no":"15330722856","phone_no":"","email":"","address":"","postalcode":"","first_letter":"GFW","recordCount":"14","total_times":"99","index_id":"5","gat_born_date":"","gat_valid_date_start":"","gat_valid_date_end":"","gat_version":""},{"code":"6","passenger_name":"甘恢早","sex_code":"F","sex_name":"女","born_date":"1991-06-11 00:00:00","country_code":"CN","passenger_id_type_code":"1","passenger_id_type_name":"中国居民身份证","passenger_id_no":"342523199106118828","passenger_type":"3","passenger_flag":"0","passenger_type_name":"学生","mobile_no":"18226734364","phone_no":"","email":"","address":"","postalcode":"","first_letter":"GHZ","recordCount":"14","total_times":"99","index_id":"6","gat_born_date":"","gat_valid_date_start":"","gat_valid_date_end":"","gat_version":""},{"code":"8","passenger_name":"黎芳羡","sex_code":"F","sex_name":"女","born_date":"2014-03-01 00:00:00","country_code":"CN","passenger_id_type_code":"1","passenger_id_type_name":"中国居民身份证","passenger_id_no":"45072119900706044X","passenger_type":"1","passenger_flag":"0","passenger_type_name":"成人","mobile_no":"18255399993","phone_no":"","email":"","address":"","postalcode":"","first_letter":"LFX","recordCount":"14","total_times":"99","index_id":"7","gat_born_date":"","gat_valid_date_start":"","gat_valid_date_end":"","gat_version":""},{"code":"9","passenger_name":"鲁治","sex_code":"M","sex_name":"男","born_date":"2016-02-14 00:00:00","country_code":"CN","passenger_id_type_code":"1","passenger_id_type_name":"中国居民身份证","passenger_id_no":"342425199202260514","passenger_type":"1","passenger_flag":"0","passenger_type_name":"成人","mobile_no":"15851720052","phone_no":"","email":"","address":"","postalcode":"","first_letter":"LZ","recordCount":"14","total_times":"99","index_id":"8","gat_born_date":"","gat_valid_date_start":"","gat_valid_date_end":"","gat_version":""},{"code":"10","passenger_name":"韦明英","sex_code":"F","sex_name":"女","born_date":"2014-01-07 00:00:00","country_code":"CN","passenger_id_type_code":"1","passenger_id_type_name":"中国居民身份证","passenger_id_no":"342201197001017226","passenger_type":"1","passenger_flag":"0","passenger_type_name":"成人","mobile_no":"","phone_no":"","email":"","address":"","postalcode":"","first_letter":"WMY","recordCount":"14","total_times":"97","index_id":"9","gat_born_date":"","gat_valid_date_start":"","gat_valid_date_end":"","gat_version":""},{"code":"11","passenger_name":"许娟","sex_code":"F","sex_name":"女","born_date":"2014-04-08 00:00:00","country_code":"CN","passenger_id_type_code":"1","passenger_id_type_name":"中国居民身份证","passenger_id_no":"342427199407203743","passenger_type":"1","passenger_flag":"0","passenger_type_name":"成人","mobile_no":"15256068968","phone_no":"","email":"","address":"","postalcode":"","first_letter":"XJ","recordCount":"14","total_times":"99","index_id":"10","gat_born_date":"","gat_valid_date_start":"","gat_valid_date_end":"","gat_version":""},{"code":"12","passenger_name":"云玉芝","sex_code":"M","sex_name":"男","born_date":"2016-01-05 00:00:00","country_code":"CN","passenger_id_type_code":"1","passenger_id_type_name":"中国居民身份证","passenger_id_no":"342123196501201220","passenger_type":"1","passenger_flag":"0","passenger_type_name":"成人","mobile_no":"13613087212","phone_no":"","email":"","address":"","postalcode":"","first_letter":"YYZ","recordCount":"14","total_times":"99","index_id":"11","gat_born_date":"","gat_valid_date_start":"","gat_valid_date_end":"","gat_version":""},{"code":"14","passenger_name":"朱宝","sex_code":"F","sex_name":"女","born_date":"1993-07-12 00:00:00","country_code":"CN","passenger_id_type_code":"1","passenger_id_type_name":"中国居民身份证","passenger_id_no":"342423199307124006","passenger_type":"1","passenger_flag":"0","passenger_type_name":"成人","mobile_no":"15755387063","phone_no":"","email":"","address":"","postalcode":"","first_letter":"ZB","recordCount":"14","total_times":"99","index_id":"12","gat_born_date":"","gat_valid_date_start":"","gat_valid_date_end":"","gat_version":""},{"code":"13","passenger_name":"张丽","sex_code":"F","sex_name":"女","born_date":"2015-06-20 00:00:00","country_code":"CN","passenger_id_type_code":"1","passenger_id_type_name":"中国居民身份证","passenger_id_no":"340881199210301225","passenger_type":"1","passenger_flag":"0","passenger_type_name":"成人","mobile_no":"18256091240","phone_no":"","email":"","address":"","postalcode":"","first_letter":"ZL","recordCount":"14","total_times":"99","index_id":"13","gat_born_date":"","gat_valid_date_start":"","gat_valid_date_end":"","gat_version":""}],"dj_passengers":[]},"messages":[],"validateMessages":{}} (logger.py:61)
[2018-11-25 14:42:42,578][    INFO] --- url: /passport/web/auth/uamtk
入参: {'appid': 'otn'}
请求方式: post
 (logger.py:61)
[2018-11-25 14:42:42,891][    INFO] --- 出参：{"result_message":"用户未登录","result_code":1} (logger.py:61)
[2018-11-25 14:42:42,895][    INFO] --- url: /passport/captcha/captcha-check
入参: {'answer': '256,48,117,36,115,112', 'rand': 'sjrand', 'login_site': 'E'}
请求方式: post
 (logger.py:61)
[2018-11-25 14:42:43,072][    INFO] --- 出参：{"result_message":"验证码校验失败","result_code":"5"} (logger.py:61)
[2018-11-25 14:42:51,171][    INFO] --- url: /passport/web/auth/uamtk
入参: {'appid': 'otn'}
请求方式: post
 (logger.py:61)
[2018-11-25 14:42:51,447][    INFO] --- 出参：{"result_message":"用户未登录","result_code":1} (logger.py:61)
[2018-11-25 14:42:51,448][    INFO] --- url: /passport/captcha/captcha-check
入参: {'answer': '105,46', 'rand': 'sjrand', 'login_site': 'E'}
请求方式: post
 (logger.py:61)
[2018-11-25 14:42:51,617][    INFO] --- 出参：{"result_message":"验证码校验成功","result_code":"4"} (logger.py:61)
[2018-11-25 14:42:51,617][    INFO] --- url: /passport/web/login
入参: {'username': 'b624345050', 'password': '530530', 'appid': 'otn'}
请求方式: post
 (logger.py:61)
[2018-11-25 14:42:51,796][    INFO] --- 出参：{"result_message":"登录成功","result_code":0,"uamtk":"qAGW9wGOY8Xpw-fGURiKhtrvIYmp87xp-NVjjgtyb1b0"} (logger.py:61)
[2018-11-25 14:42:51,797][    INFO] --- url: /passport/web/auth/uamtk
入参: {'appid': 'otn'}
请求方式: post
 (logger.py:61)
[2018-11-25 14:42:51,965][    INFO] --- 出参：{"result_message":"验证通过","result_code":0,"apptk":null,"newapptk":"AQaYFXfoEN26qOgcy1AYHMm6as20a9Y_nUIBOgmkb1b0"} (logger.py:61)
[2018-11-25 14:42:51,965][    INFO] --- url: /otn/uamauthclient
入参: {'tk': u'AQaYFXfoEN26qOgcy1AYHMm6as20a9Y_nUIBOgmkb1b0'}
请求方式: post
 (logger.py:61)
[2018-11-25 14:42:52,316][    INFO] --- 出参：{"apptk":"AQaYFXfoEN26qOgcy1AYHMm6as20a9Y_nUIBOgmkb1b0","result_code":0,"result_message":"验证通过","username":"卞东海"} (logger.py:61)
[2018-11-25 14:42:52,317][    INFO] --- url: /otn/login/checkUser
入参: {'_json_att': ''}
请求方式: post
 (logger.py:61)
[2018-11-25 14:42:52,478][    INFO] --- 出参：{"validateMessagesShowId":"_validatorMessage","status":true,"httpstatus":200,"data":{"flag":true},"messages":[],"validateMessages":{}} (logger.py:61)
[2018-11-25 14:43:05,096][    INFO] --- url: /otn/confirmPassenger/getPassengerDTOs
入参: {}
请求方式: get
 (logger.py:61)
[2018-11-25 14:43:05,521][    INFO] --- 出参：{"validateMessagesShowId":"_validatorMessage","status":true,"httpstatus":200,"data":{"isExist":true,"exMsg":"","two_isOpenClick":["93","95","97","99"],"other_isOpenClick":["91","93","98","99","95","97"],"normal_passengers":[{"code":"1","passenger_name":"卞东海","sex_code":"M","sex_name":"男","born_date":"1990-12-05 00:00:00","country_code":"CN","passenger_id_type_code":"1","passenger_id_type_name":"中国居民身份证","passenger_id_no":"342201199012057214","passenger_type":"1","passenger_flag":"0","passenger_type_name":"成人","mobile_no":"","phone_no":"","email":"469529324@qq.com","address":"","postalcode":"","first_letter":"","recordCount":"14","total_times":"99","index_id":"0","gat_born_date":"","gat_valid_date_start":"","gat_valid_date_end":"","gat_version":""},{"code":"3","passenger_name":"卞和威","sex_code":"M","sex_name":"男","born_date":"2015-04-11 00:00:00","country_code":"CN","passenger_id_type_code":"1","passenger_id_type_name":"中国居民身份证","passenger_id_no":"342201199306157210","passenger_type":"1","passenger_flag":"0","passenger_type_name":"成人","mobile_no":"18355379372","phone_no":"","email":"","address":"","postalcode":"","first_letter":"BHW","recordCount":"14","total_times":"99","index_id":"1","gat_born_date":"","gat_valid_date_start":"","gat_valid_date_end":"","gat_version":""},{"code":"2","passenger_name":"卞荣伟","sex_code":"M","sex_name":"男","born_date":"2014-01-07 00:00:00","country_code":"CN","passenger_id_type_code":"1","passenger_id_type_name":"中国居民身份证","passenger_id_no":"342201196503157216","passenger_type":"1","passenger_flag":"0","passenger_type_name":"成人","mobile_no":"","phone_no":"","email":"","address":"","postalcode":"","first_letter":"BRW","recordCount":"14","total_times":"97","index_id":"2","gat_born_date":"","gat_valid_date_start":"","gat_valid_date_end":"","gat_version":""},{"code":"4","passenger_name":"蔡开连","sex_code":"M","sex_name":"男","born_date":"2016-01-27 00:00:00","country_code":"CN","passenger_id_type_code":"1","passenger_id_type_name":"中国居民身份证","passenger_id_no":"522427198711255483","passenger_type":"1","passenger_flag":"0","passenger_type_name":"成人","mobile_no":"15220144676","phone_no":"","email":"","address":"","postalcode":"","first_letter":"CKL","recordCount":"14","total_times":"99","index_id":"3","gat_born_date":"","gat_valid_date_start":"","gat_valid_date_end":"","gat_version":""},{"code":"5","passenger_name":"陈云","sex_code":"M","sex_name":"男","born_date":"2016-01-14 00:00:00","country_code":"CN","passenger_id_type_code":"1","passenger_id_type_name":"中国居民身份证","passenger_id_no":"341222199009096336","passenger_type":"1","passenger_flag":"0","passenger_type_name":"成人","mobile_no":"13613087212","phone_no":"","email":"","address":"","postalcode":"","first_letter":"CY","recordCount":"14","total_times":"99","index_id":"4","gat_born_date":"","gat_valid_date_start":"","gat_valid_date_end":"","gat_version":""},{"code":"7","passenger_name":"顾凤武","sex_code":"M","sex_name":"男","born_date":"1900-01-01 00:00:00","country_code":"CN","passenger_id_type_code":"1","passenger_id_type_name":"中国居民身份证","passenger_id_no":"340122199102222417","passenger_type":"1","passenger_flag":"0","passenger_type_name":"成人","mobile_no":"15330722856","phone_no":"","email":"","address":"","postalcode":"","first_letter":"GFW","recordCount":"14","total_times":"99","index_id":"5","gat_born_date":"","gat_valid_date_start":"","gat_valid_date_end":"","gat_version":""},{"code":"6","passenger_name":"甘恢早","sex_code":"F","sex_name":"女","born_date":"1991-06-11 00:00:00","country_code":"CN","passenger_id_type_code":"1","passenger_id_type_name":"中国居民身份证","passenger_id_no":"342523199106118828","passenger_type":"3","passenger_flag":"0","passenger_type_name":"学生","mobile_no":"18226734364","phone_no":"","email":"","address":"","postalcode":"","first_letter":"GHZ","recordCount":"14","total_times":"99","index_id":"6","gat_born_date":"","gat_valid_date_start":"","gat_valid_date_end":"","gat_version":""},{"code":"8","passenger_name":"黎芳羡","sex_code":"F","sex_name":"女","born_date":"2014-03-01 00:00:00","country_code":"CN","passenger_id_type_code":"1","passenger_id_type_name":"中国居民身份证","passenger_id_no":"45072119900706044X","passenger_type":"1","passenger_flag":"0","passenger_type_name":"成人","mobile_no":"18255399993","phone_no":"","email":"","address":"","postalcode":"","first_letter":"LFX","recordCount":"14","total_times":"99","index_id":"7","gat_born_date":"","gat_valid_date_start":"","gat_valid_date_end":"","gat_version":""},{"code":"9","passenger_name":"鲁治","sex_code":"M","sex_name":"男","born_date":"2016-02-14 00:00:00","country_code":"CN","passenger_id_type_code":"1","passenger_id_type_name":"中国居民身份证","passenger_id_no":"342425199202260514","passenger_type":"1","passenger_flag":"0","passenger_type_name":"成人","mobile_no":"15851720052","phone_no":"","email":"","address":"","postalcode":"","first_letter":"LZ","recordCount":"14","total_times":"99","index_id":"8","gat_born_date":"","gat_valid_date_start":"","gat_valid_date_end":"","gat_version":""},{"code":"10","passenger_name":"韦明英","sex_code":"F","sex_name":"女","born_date":"2014-01-07 00:00:00","country_code":"CN","passenger_id_type_code":"1","passenger_id_type_name":"中国居民身份证","passenger_id_no":"342201197001017226","passenger_type":"1","passenger_flag":"0","passenger_type_name":"成人","mobile_no":"","phone_no":"","email":"","address":"","postalcode":"","first_letter":"WMY","recordCount":"14","total_times":"97","index_id":"9","gat_born_date":"","gat_valid_date_start":"","gat_valid_date_end":"","gat_version":""},{"code":"11","passenger_name":"许娟","sex_code":"F","sex_name":"女","born_date":"2014-04-08 00:00:00","country_code":"CN","passenger_id_type_code":"1","passenger_id_type_name":"中国居民身份证","passenger_id_no":"342427199407203743","passenger_type":"1","passenger_flag":"0","passenger_type_name":"成人","mobile_no":"15256068968","phone_no":"","email":"","address":"","postalcode":"","first_letter":"XJ","recordCount":"14","total_times":"99","index_id":"10","gat_born_date":"","gat_valid_date_start":"","gat_valid_date_end":"","gat_version":""},{"code":"12","passenger_name":"云玉芝","sex_code":"M","sex_name":"男","born_date":"2016-01-05 00:00:00","country_code":"CN","passenger_id_type_code":"1","passenger_id_type_name":"中国居民身份证","passenger_id_no":"342123196501201220","passenger_type":"1","passenger_flag":"0","passenger_type_name":"成人","mobile_no":"13613087212","phone_no":"","email":"","address":"","postalcode":"","first_letter":"YYZ","recordCount":"14","total_times":"99","index_id":"11","gat_born_date":"","gat_valid_date_start":"","gat_valid_date_end":"","gat_version":""},{"code":"14","passenger_name":"朱宝","sex_code":"F","sex_name":"女","born_date":"1993-07-12 00:00:00","country_code":"CN","passenger_id_type_code":"1","passenger_id_type_name":"中国居民身份证","passenger_id_no":"342423199307124006","passenger_type":"1","passenger_flag":"0","passenger_type_name":"成人","mobile_no":"15755387063","phone_no":"","email":"","address":"","postalcode":"","first_letter":"ZB","recordCount":"14","total_times":"99","index_id":"12","gat_born_date":"","gat_valid_date_start":"","gat_valid_date_end":"","gat_version":""},{"code":"13","passenger_name":"张丽","sex_code":"F","sex_name":"女","born_date":"2015-06-20 00:00:00","country_code":"CN","passenger_id_type_code":"1","passenger_id_type_name":"中国居民身份证","passenger_id_no":"340881199210301225","passenger_type":"1","passenger_flag":"0","passenger_type_name":"成人","mobile_no":"18256091240","phone_no":"","email":"","address":"","postalcode":"","first_letter":"ZL","recordCount":"14","total_times":"99","index_id":"13","gat_born_date":"","gat_valid_date_start":"","gat_valid_date_end":"","gat_version":""}],"dj_passengers":[]},"messages":[],"validateMessages":{}} (logger.py:61)
[2018-11-25 14:44:06,135][    INFO] --- url: /passport/web/auth/uamtk
入参: {'appid': 'otn'}
请求方式: post
 (logger.py:61)
[2018-11-25 14:44:06,301][    INFO] --- 出参：{"result_message":"用户未登录","result_code":1} (logger.py:61)
[2018-11-25 14:44:06,301][    INFO] --- url: /passport/captcha/captcha-check
入参: {'answer': '115,112', 'rand': 'sjrand', 'login_site': 'E'}
请求方式: post
 (logger.py:61)
[2018-11-25 14:44:06,655][    INFO] --- 出参：{"result_message":"验证码校验成功","result_code":"4"} (logger.py:61)
[2018-11-25 14:44:06,655][    INFO] --- url: /passport/web/login
入参: {'username': 'b624345050', 'password': '530530', 'appid': 'otn'}
请求方式: post
 (logger.py:61)
[2018-11-25 14:44:06,842][    INFO] --- 出参：{"result_message":"登录成功","result_code":0,"uamtk":"GTSGXUf1lBeCwWx-N4dM3AAH9oq8DX3YhhSN0wzib1b0"} (logger.py:61)
[2018-11-25 14:44:06,842][    INFO] --- url: /passport/web/auth/uamtk
入参: {'appid': 'otn'}
请求方式: post
 (logger.py:61)
[2018-11-25 14:44:07,166][    INFO] --- 出参：{"result_message":"验证通过","result_code":0,"apptk":null,"newapptk":"Fm3HrnCAOoEs0EAQJtiHGfwDPZ453Gt5tha9FAxhb1b0"} (logger.py:61)
[2018-11-25 14:44:07,166][    INFO] --- url: /otn/uamauthclient
入参: {'tk': u'Fm3HrnCAOoEs0EAQJtiHGfwDPZ453Gt5tha9FAxhb1b0'}
请求方式: post
 (logger.py:61)
[2018-11-25 14:44:07,454][    INFO] --- 出参：{"apptk":"Fm3HrnCAOoEs0EAQJtiHGfwDPZ453Gt5tha9FAxhb1b0","result_code":0,"result_message":"验证通过","username":"卞东海"} (logger.py:61)
[2018-11-25 14:44:07,454][    INFO] --- url: /otn/login/checkUser
入参: {'_json_att': ''}
请求方式: post
 (logger.py:61)
[2018-11-25 14:44:07,621][    INFO] --- 出参：{"validateMessagesShowId":"_validatorMessage","status":true,"httpstatus":200,"data":{"flag":true},"messages":[],"validateMessages":{}} (logger.py:61)
[2018-11-25 14:44:12,705][    INFO] --- url: /otn/confirmPassenger/getPassengerDTOs
入参: {}
请求方式: get
 (logger.py:61)
[2018-11-25 14:44:13,112][    INFO] --- 出参：{"validateMessagesShowId":"_validatorMessage","status":true,"httpstatus":200,"data":{"isExist":true,"exMsg":"","two_isOpenClick":["93","95","97","99"],"other_isOpenClick":["91","93","98","99","95","97"],"normal_passengers":[{"code":"2","passenger_name":"卞东海","sex_code":"M","sex_name":"男","born_date":"1990-12-05 00:00:00","country_code":"CN","passenger_id_type_code":"1","passenger_id_type_name":"中国居民身份证","passenger_id_no":"342201199012057214","passenger_type":"1","passenger_flag":"0","passenger_type_name":"成人","mobile_no":"","phone_no":"","email":"469529324@qq.com","address":"","postalcode":"","first_letter":"","recordCount":"14","total_times":"99","index_id":"0","gat_born_date":"","gat_valid_date_start":"","gat_valid_date_end":"","gat_version":""},{"code":"1","passenger_name":"卞和威","sex_code":"M","sex_name":"男","born_date":"2015-04-11 00:00:00","country_code":"CN","passenger_id_type_code":"1","passenger_id_type_name":"中国居民身份证","passenger_id_no":"342201199306157210","passenger_type":"1","passenger_flag":"0","passenger_type_name":"成人","mobile_no":"18355379372","phone_no":"","email":"","address":"","postalcode":"","first_letter":"BHW","recordCount":"14","total_times":"99","index_id":"1","gat_born_date":"","gat_valid_date_start":"","gat_valid_date_end":"","gat_version":""},{"code":"3","passenger_name":"卞荣伟","sex_code":"M","sex_name":"男","born_date":"2014-01-07 00:00:00","country_code":"CN","passenger_id_type_code":"1","passenger_id_type_name":"中国居民身份证","passenger_id_no":"342201196503157216","passenger_type":"1","passenger_flag":"0","passenger_type_name":"成人","mobile_no":"","phone_no":"","email":"","address":"","postalcode":"","first_letter":"BRW","recordCount":"14","total_times":"97","index_id":"2","gat_born_date":"","gat_valid_date_start":"","gat_valid_date_end":"","gat_version":""},{"code":"4","passenger_name":"蔡开连","sex_code":"M","sex_name":"男","born_date":"2016-01-27 00:00:00","country_code":"CN","passenger_id_type_code":"1","passenger_id_type_name":"中国居民身份证","passenger_id_no":"522427198711255483","passenger_type":"1","passenger_flag":"0","passenger_type_name":"成人","mobile_no":"15220144676","phone_no":"","email":"","address":"","postalcode":"","first_letter":"CKL","recordCount":"14","total_times":"99","index_id":"3","gat_born_date":"","gat_valid_date_start":"","gat_valid_date_end":"","gat_version":""},{"code":"5","passenger_name":"陈云","sex_code":"M","sex_name":"男","born_date":"2016-01-14 00:00:00","country_code":"CN","passenger_id_type_code":"1","passenger_id_type_name":"中国居民身份证","passenger_id_no":"341222199009096336","passenger_type":"1","passenger_flag":"0","passenger_type_name":"成人","mobile_no":"13613087212","phone_no":"","email":"","address":"","postalcode":"","first_letter":"CY","recordCount":"14","total_times":"99","index_id":"4","gat_born_date":"","gat_valid_date_start":"","gat_valid_date_end":"","gat_version":""},{"code":"7","passenger_name":"顾凤武","sex_code":"M","sex_name":"男","born_date":"1900-01-01 00:00:00","country_code":"CN","passenger_id_type_code":"1","passenger_id_type_name":"中国居民身份证","passenger_id_no":"340122199102222417","passenger_type":"1","passenger_flag":"0","passenger_type_name":"成人","mobile_no":"15330722856","phone_no":"","email":"","address":"","postalcode":"","first_letter":"GFW","recordCount":"14","total_times":"99","index_id":"5","gat_born_date":"","gat_valid_date_start":"","gat_valid_date_end":"","gat_version":""},{"code":"6","passenger_name":"甘恢早","sex_code":"F","sex_name":"女","born_date":"1991-06-11 00:00:00","country_code":"CN","passenger_id_type_code":"1","passenger_id_type_name":"中国居民身份证","passenger_id_no":"342523199106118828","passenger_type":"3","passenger_flag":"0","passenger_type_name":"学生","mobile_no":"18226734364","phone_no":"","email":"","address":"","postalcode":"","first_letter":"GHZ","recordCount":"14","total_times":"99","index_id":"6","gat_born_date":"","gat_valid_date_start":"","gat_valid_date_end":"","gat_version":""},{"code":"8","passenger_name":"黎芳羡","sex_code":"F","sex_name":"女","born_date":"2014-03-01 00:00:00","country_code":"CN","passenger_id_type_code":"1","passenger_id_type_name":"中国居民身份证","passenger_id_no":"45072119900706044X","passenger_type":"1","passenger_flag":"0","passenger_type_name":"成人","mobile_no":"18255399993","phone_no":"","email":"","address":"","postalcode":"","first_letter":"LFX","recordCount":"14","total_times":"99","index_id":"7","gat_born_date":"","gat_valid_date_start":"","gat_valid_date_end":"","gat_version":""},{"code":"9","passenger_name":"鲁治","sex_code":"M","sex_name":"男","born_date":"2016-02-14 00:00:00","country_code":"CN","passenger_id_type_code":"1","passenger_id_type_name":"中国居民身份证","passenger_id_no":"342425199202260514","passenger_type":"1","passenger_flag":"0","passenger_type_name":"成人","mobile_no":"15851720052","phone_no":"","email":"","address":"","postalcode":"","first_letter":"LZ","recordCount":"14","total_times":"99","index_id":"8","gat_born_date":"","gat_valid_date_start":"","gat_valid_date_end":"","gat_version":""},{"code":"10","passenger_name":"韦明英","sex_code":"F","sex_name":"女","born_date":"2014-01-07 00:00:00","country_code":"CN","passenger_id_type_code":"1","passenger_id_type_name":"中国居民身份证","passenger_id_no":"342201197001017226","passenger_type":"1","passenger_flag":"0","passenger_type_name":"成人","mobile_no":"","phone_no":"","email":"","address":"","postalcode":"","first_letter":"WMY","recordCount":"14","total_times":"97","index_id":"9","gat_born_date":"","gat_valid_date_start":"","gat_valid_date_end":"","gat_version":""},{"code":"11","passenger_name":"许娟","sex_code":"F","sex_name":"女","born_date":"2014-04-08 00:00:00","country_code":"CN","passenger_id_type_code":"1","passenger_id_type_name":"中国居民身份证","passenger_id_no":"342427199407203743","passenger_type":"1","passenger_flag":"0","passenger_type_name":"成人","mobile_no":"15256068968","phone_no":"","email":"","address":"","postalcode":"","first_letter":"XJ","recordCount":"14","total_times":"99","index_id":"10","gat_born_date":"","gat_valid_date_start":"","gat_valid_date_end":"","gat_version":""},{"code":"12","passenger_name":"云玉芝","sex_code":"M","sex_name":"男","born_date":"2016-01-05 00:00:00","country_code":"CN","passenger_id_type_code":"1","passenger_id_type_name":"中国居民身份证","passenger_id_no":"342123196501201220","passenger_type":"1","passenger_flag":"0","passenger_type_name":"成人","mobile_no":"13613087212","phone_no":"","email":"","address":"","postalcode":"","first_letter":"YYZ","recordCount":"14","total_times":"99","index_id":"11","gat_born_date":"","gat_valid_date_start":"","gat_valid_date_end":"","gat_version":""},{"code":"14","passenger_name":"朱宝","sex_code":"F","sex_name":"女","born_date":"1993-07-12 00:00:00","country_code":"CN","passenger_id_type_code":"1","passenger_id_type_name":"中国居民身份证","passenger_id_no":"342423199307124006","passenger_type":"1","passenger_flag":"0","passenger_type_name":"成人","mobile_no":"15755387063","phone_no":"","email":"","address":"","postalcode":"","first_letter":"ZB","recordCount":"14","total_times":"99","index_id":"12","gat_born_date":"","gat_valid_date_start":"","gat_valid_date_end":"","gat_version":""},{"code":"13","passenger_name":"张丽","sex_code":"F","sex_name":"女","born_date":"2015-06-20 00:00:00","country_code":"CN","passenger_id_type_code":"1","passenger_id_type_name":"中国居民身份证","passenger_id_no":"340881199210301225","passenger_type":"1","passenger_flag":"0","passenger_type_name":"成人","mobile_no":"18256091240","phone_no":"","email":"","address":"","postalcode":"","first_letter":"ZL","recordCount":"14","total_times":"99","index_id":"13","gat_born_date":"","gat_valid_date_start":"","gat_valid_date_end":"","gat_version":""}],"dj_passengers":[]},"messages":[],"validateMessages":{}} (logger.py:61)
[2018-11-25 14:44:44,341][    INFO] --- url: /otn/confirmPassenger/autoSubmitOrderRequest
入参: OrderedDict([('secretStr', u'0JUkqEMYGa/8hIMt0doy7Pg/tMuIi7+bVDdUcAA1o55/Bi7i6nk0a4zsGpVn9p2ByPLdFU+UPXwb\nnZWNQDVLkOPJmokGjM8YO1jjUnbb4DfJi/YrDRm+yLK0pR2T3+DSE2dyZflMZyE+M4Pp3Ld38BIp\nfBgWKDZfeFnxrPDuufU4YpMdkhaW2LPjfIE10rm7JQ2WtaTmRLDvRvQdm3wXPRhflwlHzeGB/UG/\n46/GDR810OODgLGTD4G3MUXR9Itk'), ('train_date', '2018-11-28'), ('tour_flag', 'dc'), ('purpose_codes', 'ADULT'), ('query_from_station_name', u'VNP'), ('query_to_station_name', u'NKH'), ('cancel_flag', 2), ('bed_level_order_num', '000000000000000000000000000000'), ('passengerTicketStr', u'O,0,1,\u535e\u4e1c\u6d77,1,342201199012057214,,N'), ('oldPassengerStr', u'\u535e\u4e1c\u6d77,1,342201199012057214,1_')])
请求方式: post
 (logger.py:61)
[2018-11-25 14:44:44,757][    INFO] --- 出参：{"validateMessagesShowId":"_validatorMessage","status":true,"httpstatus":200,"data":{"result":"P2#C2CAC50987C8628CD9BBA30A1DA498E44BA9437346A080D1AA501B61#PJxVURW2sVRiF17QFs1BwvdWKvgu7Z5zhKmcbBuNzud41i8g#0","ifShowPassCode":"N","canChooseBeds":"N","canChooseSeats":"Y","choose_Seats":"O","isCanChooseMid":"N","ifShowPassCodeTime":"2990","submitStatus":true,"smokeStr":""},"messages":[],"validateMessages":{}} (logger.py:61)
[2018-11-25 14:48:32,631][    INFO] --- url: /otn/confirmPassenger/getQueueCountAsync
入参: OrderedDict([('train_date', ('Wed Nov 28 2018 00:00:00 GMT+0800 (\xe4\xb8\xad\xe5\x9b\xbd\xe6\xa0\x87\xe5\x87\x86\xe6\x97\xb6\xe9\x97\xb4)',)), ('train_no', u'240000G1010H'), ('stationTrainCode', u'G101'), ('seatType', 'O'), ('fromStationTelecode', u'VNP'), ('toStationTelecode', u'NKH'), ('leftTicket', u'PJxVURW2sVRiF17QFs1BwvdWKvgu7Z5zhKmcbBuNzud41i8g'), ('purpose_codes', 'ADULT'), ('_json_att', '')])
请求方式: post
 (logger.py:61)
[2018-11-25 14:48:33,100][    INFO] --- 出参：{"validateMessagesShowId":"_validatorMessage","status":true,"httpstatus":200,"data":{"ticket":"0","op_2":"false","op_1":"false"},"messages":[],"validateMessages":{}} (logger.py:61)
[2018-11-25 14:49:23,806][    INFO] --- url: /otn/confirmPassenger/getQueueCountAsync
入参: OrderedDict([('train_date', ('Wed Nov 28 2018 00:00:00 GMT+0800 (\xe4\xb8\xad\xe5\x9b\xbd\xe6\xa0\x87\xe5\x87\x86\xe6\x97\xb6\xe9\x97\xb4)',)), ('train_no', u'240000G1010H'), ('stationTrainCode', u'G101'), ('seatType', 'O'), ('fromStationTelecode', u'VNP'), ('toStationTelecode', u'NKH'), ('leftTicket', u'PJxVURW2sVRiF17QFs1BwvdWKvgu7Z5zhKmcbBuNzud41i8g'), ('purpose_codes', 'ADULT'), ('_json_att', '')])
请求方式: post
 (logger.py:61)
[2018-11-25 14:49:24,080][    INFO] --- 出参：{"validateMessagesShowId":"_validatorMessage","status":false,"httpstatus":200,"messages":["系统繁忙，请稍后重试！"],"validateMessages":{}} (logger.py:61)
[2018-11-25 14:49:32,736][    INFO] --- url: /otn/login/checkUser
入参: {'_json_att': ''}
请求方式: post
 (logger.py:61)
[2018-11-25 14:49:33,023][    INFO] --- 出参：{"validateMessagesShowId":"_validatorMessage","status":true,"httpstatus":200,"data":{"flag":true},"messages":[],"validateMessages":{}} (logger.py:61)
[2018-11-25 14:49:53,006][    INFO] --- url: /passport/web/auth/uamtk
入参: {'appid': 'otn'}
请求方式: post
 (logger.py:61)
[2018-11-25 14:49:53,171][    INFO] --- 出参：{"result_message":"用户未登录","result_code":1} (logger.py:61)
[2018-11-25 14:49:53,172][    INFO] --- url: /passport/captcha/captcha-check
入参: {'answer': '42,46,256,48', 'rand': 'sjrand', 'login_site': 'E'}
请求方式: post
 (logger.py:61)
[2018-11-25 14:49:53,342][    INFO] --- 出参：{"result_message":"验证码校验成功","result_code":"4"} (logger.py:61)
[2018-11-25 14:49:53,343][    INFO] --- url: /passport/web/login
入参: {'username': 'b624345050', 'password': '530530', 'appid': 'otn'}
请求方式: post
 (logger.py:61)
[2018-11-25 14:49:53,527][    INFO] --- 出参：{"result_message":"登录成功","result_code":0,"uamtk":"ada4G8lx7vWDJFHywa8Pe-MOPuvyFDDO79lm0A27b1b0"} (logger.py:61)
[2018-11-25 14:49:53,527][    INFO] --- url: /passport/web/auth/uamtk
入参: {'appid': 'otn'}
请求方式: post
 (logger.py:61)
[2018-11-25 14:49:53,693][    INFO] --- 出参：{"result_message":"验证通过","result_code":0,"apptk":null,"newapptk":"oCuxrPP7e9sAfoYrB3-piUzDQ_tNw0SpdzlZEA51b1b0"} (logger.py:61)
[2018-11-25 14:49:53,693][    INFO] --- url: /otn/uamauthclient
入参: {'tk': u'oCuxrPP7e9sAfoYrB3-piUzDQ_tNw0SpdzlZEA51b1b0'}
请求方式: post
 (logger.py:61)
[2018-11-25 14:49:53,868][    INFO] --- 出参：{"apptk":"oCuxrPP7e9sAfoYrB3-piUzDQ_tNw0SpdzlZEA51b1b0","result_code":0,"result_message":"验证通过","username":"卞东海"} (logger.py:61)
[2018-11-25 14:49:53,869][    INFO] --- url: /otn/login/checkUser
入参: {'_json_att': ''}
请求方式: post
 (logger.py:61)
[2018-11-25 14:49:54,033][    INFO] --- 出参：{"validateMessagesShowId":"_validatorMessage","status":true,"httpstatus":200,"data":{"flag":true},"messages":[],"validateMessages":{}} (logger.py:61)
[2018-11-25 14:50:07,462][    INFO] --- url: /passport/web/auth/uamtk
入参: {'appid': 'otn'}
请求方式: post
 (logger.py:61)
[2018-11-25 14:50:07,623][    INFO] --- 出参：{"result_message":"用户未登录","result_code":1} (logger.py:61)
[2018-11-25 14:50:07,623][    INFO] --- url: /passport/captcha/captcha-check
入参: {'answer': '42,46,256,48', 'rand': 'sjrand', 'login_site': 'E'}
请求方式: post
 (logger.py:61)
[2018-11-25 14:50:07,891][    INFO] --- 出参：{"result_message":"验证码校验成功","result_code":"4"} (logger.py:61)
[2018-11-25 14:50:07,891][    INFO] --- url: /passport/web/login
入参: {'username': 'b624345050', 'password': '530530', 'appid': 'otn'}
请求方式: post
 (logger.py:61)
[2018-11-25 14:50:08,062][    INFO] --- 出参：{"result_message":"登录成功","result_code":0,"uamtk":"YG5E_h_CzhSljQoNFq-jgYLB8W1XJkO79eXr1wzib1b0"} (logger.py:61)
[2018-11-25 14:50:08,062][    INFO] --- url: /passport/web/auth/uamtk
入参: {'appid': 'otn'}
请求方式: post
 (logger.py:61)
[2018-11-25 14:50:08,634][    INFO] --- 出参：{"result_message":"验证通过","result_code":0,"apptk":null,"newapptk":"Ta0vl84Bnvi2ZgULdQeEhEmwu8MuaisLdqjDMgxhb1b0"} (logger.py:61)
[2018-11-25 14:50:08,634][    INFO] --- url: /otn/uamauthclient
入参: {'tk': u'Ta0vl84Bnvi2ZgULdQeEhEmwu8MuaisLdqjDMgxhb1b0'}
请求方式: post
 (logger.py:61)
[2018-11-25 14:50:08,945][    INFO] --- 出参：{"apptk":"Ta0vl84Bnvi2ZgULdQeEhEmwu8MuaisLdqjDMgxhb1b0","result_code":0,"result_message":"验证通过","username":"卞东海"} (logger.py:61)
[2018-11-25 14:50:08,945][    INFO] --- url: /otn/login/checkUser
入参: {'_json_att': ''}
请求方式: post
 (logger.py:61)
[2018-11-25 14:50:09,101][    INFO] --- 出参：{"validateMessagesShowId":"_validatorMessage","status":true,"httpstatus":200,"data":{"flag":true},"messages":[],"validateMessages":{}} (logger.py:61)
[2018-11-25 14:50:09,231][    INFO] --- url: /otn/confirmPassenger/getPassengerDTOs
入参: {}
请求方式: get
 (logger.py:61)
[2018-11-25 14:50:09,418][    INFO] --- 出参：{"validateMessagesShowId":"_validatorMessage","status":true,"httpstatus":200,"data":{"isExist":true,"exMsg":"","two_isOpenClick":["93","95","97","99"],"other_isOpenClick":["91","93","98","99","95","97"],"normal_passengers":[{"code":"1","passenger_name":"卞东海","sex_code":"M","sex_name":"男","born_date":"1990-12-05 00:00:00","country_code":"CN","passenger_id_type_code":"1","passenger_id_type_name":"中国居民身份证","passenger_id_no":"342201199012057214","passenger_type":"1","passenger_flag":"0","passenger_type_name":"成人","mobile_no":"","phone_no":"","email":"469529324@qq.com","address":"","postalcode":"","first_letter":"","recordCount":"14","total_times":"99","index_id":"0","gat_born_date":"","gat_valid_date_start":"","gat_valid_date_end":"","gat_version":""},{"code":"3","passenger_name":"卞和威","sex_code":"M","sex_name":"男","born_date":"2015-04-11 00:00:00","country_code":"CN","passenger_id_type_code":"1","passenger_id_type_name":"中国居民身份证","passenger_id_no":"342201199306157210","passenger_type":"1","passenger_flag":"0","passenger_type_name":"成人","mobile_no":"18355379372","phone_no":"","email":"","address":"","postalcode":"","first_letter":"BHW","recordCount":"14","total_times":"99","index_id":"1","gat_born_date":"","gat_valid_date_start":"","gat_valid_date_end":"","gat_version":""},{"code":"2","passenger_name":"卞荣伟","sex_code":"M","sex_name":"男","born_date":"2014-01-07 00:00:00","country_code":"CN","passenger_id_type_code":"1","passenger_id_type_name":"中国居民身份证","passenger_id_no":"342201196503157216","passenger_type":"1","passenger_flag":"0","passenger_type_name":"成人","mobile_no":"","phone_no":"","email":"","address":"","postalcode":"","first_letter":"BRW","recordCount":"14","total_times":"97","index_id":"2","gat_born_date":"","gat_valid_date_start":"","gat_valid_date_end":"","gat_version":""},{"code":"4","passenger_name":"蔡开连","sex_code":"M","sex_name":"男","born_date":"2016-01-27 00:00:00","country_code":"CN","passenger_id_type_code":"1","passenger_id_type_name":"中国居民身份证","passenger_id_no":"522427198711255483","passenger_type":"1","passenger_flag":"0","passenger_type_name":"成人","mobile_no":"15220144676","phone_no":"","email":"","address":"","postalcode":"","first_letter":"CKL","recordCount":"14","total_times":"99","index_id":"3","gat_born_date":"","gat_valid_date_start":"","gat_valid_date_end":"","gat_version":""},{"code":"5","passenger_name":"陈云","sex_code":"M","sex_name":"男","born_date":"2016-01-14 00:00:00","country_code":"CN","passenger_id_type_code":"1","passenger_id_type_name":"中国居民身份证","passenger_id_no":"341222199009096336","passenger_type":"1","passenger_flag":"0","passenger_type_name":"成人","mobile_no":"13613087212","phone_no":"","email":"","address":"","postalcode":"","first_letter":"CY","recordCount":"14","total_times":"99","index_id":"4","gat_born_date":"","gat_valid_date_start":"","gat_valid_date_end":"","gat_version":""},{"code":"7","passenger_name":"顾凤武","sex_code":"M","sex_name":"男","born_date":"1900-01-01 00:00:00","country_code":"CN","passenger_id_type_code":"1","passenger_id_type_name":"中国居民身份证","passenger_id_no":"340122199102222417","passenger_type":"1","passenger_flag":"0","passenger_type_name":"成人","mobile_no":"15330722856","phone_no":"","email":"","address":"","postalcode":"","first_letter":"GFW","recordCount":"14","total_times":"99","index_id":"5","gat_born_date":"","gat_valid_date_start":"","gat_valid_date_end":"","gat_version":""},{"code":"6","passenger_name":"甘恢早","sex_code":"F","sex_name":"女","born_date":"1991-06-11 00:00:00","country_code":"CN","passenger_id_type_code":"1","passenger_id_type_name":"中国居民身份证","passenger_id_no":"342523199106118828","passenger_type":"3","passenger_flag":"0","passenger_type_name":"学生","mobile_no":"18226734364","phone_no":"","email":"","address":"","postalcode":"","first_letter":"GHZ","recordCount":"14","total_times":"99","index_id":"6","gat_born_date":"","gat_valid_date_start":"","gat_valid_date_end":"","gat_version":""},{"code":"8","passenger_name":"黎芳羡","sex_code":"F","sex_name":"女","born_date":"2014-03-01 00:00:00","country_code":"CN","passenger_id_type_code":"1","passenger_id_type_name":"中国居民身份证","passenger_id_no":"45072119900706044X","passenger_type":"1","passenger_flag":"0","passenger_type_name":"成人","mobile_no":"18255399993","phone_no":"","email":"","address":"","postalcode":"","first_letter":"LFX","recordCount":"14","total_times":"99","index_id":"7","gat_born_date":"","gat_valid_date_start":"","gat_valid_date_end":"","gat_version":""},{"code":"9","passenger_name":"鲁治","sex_code":"M","sex_name":"男","born_date":"2016-02-14 00:00:00","country_code":"CN","passenger_id_type_code":"1","passenger_id_type_name":"中国居民身份证","passenger_id_no":"342425199202260514","passenger_type":"1","passenger_flag":"0","passenger_type_name":"成人","mobile_no":"15851720052","phone_no":"","email":"","address":"","postalcode":"","first_letter":"LZ","recordCount":"14","total_times":"99","index_id":"8","gat_born_date":"","gat_valid_date_start":"","gat_valid_date_end":"","gat_version":""},{"code":"10","passenger_name":"韦明英","sex_code":"F","sex_name":"女","born_date":"2014-01-07 00:00:00","country_code":"CN","passenger_id_type_code":"1","passenger_id_type_name":"中国居民身份证","passenger_id_no":"342201197001017226","passenger_type":"1","passenger_flag":"0","passenger_type_name":"成人","mobile_no":"","phone_no":"","email":"","address":"","postalcode":"","first_letter":"WMY","recordCount":"14","total_times":"97","index_id":"9","gat_born_date":"","gat_valid_date_start":"","gat_valid_date_end":"","gat_version":""},{"code":"11","passenger_name":"许娟","sex_code":"F","sex_name":"女","born_date":"2014-04-08 00:00:00","country_code":"CN","passenger_id_type_code":"1","passenger_id_type_name":"中国居民身份证","passenger_id_no":"342427199407203743","passenger_type":"1","passenger_flag":"0","passenger_type_name":"成人","mobile_no":"15256068968","phone_no":"","email":"","address":"","postalcode":"","first_letter":"XJ","recordCount":"14","total_times":"99","index_id":"10","gat_born_date":"","gat_valid_date_start":"","gat_valid_date_end":"","gat_version":""},{"code":"12","passenger_name":"云玉芝","sex_code":"M","sex_name":"男","born_date":"2016-01-05 00:00:00","country_code":"CN","passenger_id_type_code":"1","passenger_id_type_name":"中国居民身份证","passenger_id_no":"342123196501201220","passenger_type":"1","passenger_flag":"0","passenger_type_name":"成人","mobile_no":"13613087212","phone_no":"","email":"","address":"","postalcode":"","first_letter":"YYZ","recordCount":"14","total_times":"99","index_id":"11","gat_born_date":"","gat_valid_date_start":"","gat_valid_date_end":"","gat_version":""},{"code":"14","passenger_name":"朱宝","sex_code":"F","sex_name":"女","born_date":"1993-07-12 00:00:00","country_code":"CN","passenger_id_type_code":"1","passenger_id_type_name":"中国居民身份证","passenger_id_no":"342423199307124006","passenger_type":"1","passenger_flag":"0","passenger_type_name":"成人","mobile_no":"15755387063","phone_no":"","email":"","address":"","postalcode":"","first_letter":"ZB","recordCount":"14","total_times":"99","index_id":"12","gat_born_date":"","gat_valid_date_start":"","gat_valid_date_end":"","gat_version":""},{"code":"13","passenger_name":"张丽","sex_code":"F","sex_name":"女","born_date":"2015-06-20 00:00:00","country_code":"CN","passenger_id_type_code":"1","passenger_id_type_name":"中国居民身份证","passenger_id_no":"340881199210301225","passenger_type":"1","passenger_flag":"0","passenger_type_name":"成人","mobile_no":"18256091240","phone_no":"","email":"","address":"","postalcode":"","first_letter":"ZL","recordCount":"14","total_times":"99","index_id":"13","gat_born_date":"","gat_valid_date_start":"","gat_valid_date_end":"","gat_version":""}],"dj_passengers":[]},"messages":[],"validateMessages":{}} (logger.py:61)
[2018-11-25 14:50:09,423][    INFO] --- url: /otn/confirmPassenger/autoSubmitOrderRequest
入参: OrderedDict([('secretStr', u'XnQ2KPXjd8gAV3MLMR3b8zHuoo4GYY8MB1l3K3oJhIpNmcHB0ilZtxnQkdu51tAeCivat0CF4Vk6\nnhgaWVIz3Cezvbnc/V0xgCIeySfzQuTVvU1/H8Af9V+gnJIRQBogyU8IAu59x9QvZXSTmZp6Dewp\n/xFiToUmZEL/Qb3vST5GDFaQ5aNua5ZpqibMjxgtEeO9TWv96GNosuHOpIDHdpRhH4dqkjfx0zQT\n8l+siTFQ5P7d38cGE329fUR/RkxC'), ('train_date', '2018-11-28'), ('tour_flag', 'dc'), ('purpose_codes', 'ADULT'), ('query_from_station_name', u'VNP'), ('query_to_station_name', u'NKH'), ('cancel_flag', 2), ('bed_level_order_num', '000000000000000000000000000000'), ('passengerTicketStr', u'O,0,1,\u535e\u4e1c\u6d77,1,342201199012057214,,N'), ('oldPassengerStr', u'\u535e\u4e1c\u6d77,1,342201199012057214,1_')])
请求方式: post
 (logger.py:61)
[2018-11-25 14:50:09,765][    INFO] --- 出参：{"validateMessagesShowId":"_validatorMessage","status":true,"httpstatus":200,"data":{"result":"P2#E9B5C8FD5F1F71B5DC41AD0B783C54494DE070D0656129ABA69FFF0A#bcZ%2Bg9iNqI1pOOQc61rcHU8DmsbInLZqQLaNOGf0SSVYir3c#0","ifShowPassCode":"N","canChooseBeds":"N","canChooseSeats":"Y","choose_Seats":"O","isCanChooseMid":"N","ifShowPassCodeTime":"2295","submitStatus":true,"smokeStr":""},"messages":[],"validateMessages":{}} (logger.py:61)
[2018-11-25 14:50:09,770][    INFO] --- url: /otn/confirmPassenger/getQueueCountAsync
入参: OrderedDict([('train_date', ('Wed Nov 28 2018 00:00:00 GMT+0800 (\xe4\xb8\xad\xe5\x9b\xbd\xe6\xa0\x87\xe5\x87\x86\xe6\x97\xb6\xe9\x97\xb4)',)), ('train_no', u'240000G1010H'), ('stationTrainCode', u'G101'), ('seatType', 'O'), ('fromStationTelecode', u'VNP'), ('toStationTelecode', u'NKH'), ('leftTicket', u'bcZ%2Bg9iNqI1pOOQc61rcHU8DmsbInLZqQLaNOGf0SSVYir3c'), ('purpose_codes', 'ADULT'), ('_json_att', '')])
请求方式: post
 (logger.py:61)
[2018-11-25 14:50:09,930][    INFO] --- 出参：{"validateMessagesShowId":"_validatorMessage","status":true,"httpstatus":200,"data":{"ticket":"0","op_2":"false","op_1":"false"},"messages":[],"validateMessages":{}} (logger.py:61)
[2018-11-25 14:50:09,942][    INFO] --- url: /otn/confirmPassenger/getQueueCountAsync
入参: OrderedDict([('train_date', ('Wed Nov 28 2018 00:00:00 GMT+0800 (\xe4\xb8\xad\xe5\x9b\xbd\xe6\xa0\x87\xe5\x87\x86\xe6\x97\xb6\xe9\x97\xb4)',)), ('train_no', u'240000G1010H'), ('stationTrainCode', u'G101'), ('seatType', 'O'), ('fromStationTelecode', u'VNP'), ('toStationTelecode', u'NKH'), ('leftTicket', u'bcZ%2Bg9iNqI1pOOQc61rcHU8DmsbInLZqQLaNOGf0SSVYir3c'), ('purpose_codes', 'ADULT'), ('_json_att', '')])
请求方式: post
 (logger.py:61)
[2018-11-25 14:50:11,298][    INFO] --- 出参：{"validateMessagesShowId":"_validatorMessage","status":false,"httpstatus":200,"messages":["系统繁忙，请稍后重试！"],"validateMessages":{}} (logger.py:61)
[2018-11-25 14:51:27,117][    INFO] --- url: /passport/web/auth/uamtk
入参: {'appid': 'otn'}
请求方式: post
 (logger.py:61)
[2018-11-25 14:51:27,486][    INFO] --- 出参：{"result_message":"用户未登录","result_code":1} (logger.py:61)
[2018-11-25 14:51:27,486][    INFO] --- url: /passport/captcha/captcha-check
入参: {'answer': '117,36', 'rand': 'sjrand', 'login_site': 'E'}
请求方式: post
 (logger.py:61)
[2018-11-25 14:51:27,670][    INFO] --- 出参：{"result_message":"验证码校验失败","result_code":"5"} (logger.py:61)
[2018-11-25 14:51:38,145][    INFO] --- url: /passport/web/auth/uamtk
入参: {'appid': 'otn'}
请求方式: post
 (logger.py:61)
[2018-11-25 14:51:38,649][    INFO] --- 出参：{"result_message":"用户未登录","result_code":1} (logger.py:61)
[2018-11-25 14:51:38,650][    INFO] --- url: /passport/captcha/captcha-check
入参: {'answer': '256,48,181,114', 'rand': 'sjrand', 'login_site': 'E'}
请求方式: post
 (logger.py:61)
[2018-11-25 14:51:38,954][    INFO] --- 出参：{"result_message":"验证码校验成功","result_code":"4"} (logger.py:61)
[2018-11-25 14:51:38,954][    INFO] --- url: /passport/web/login
入参: {'username': 'b624345050', 'password': '530530', 'appid': 'otn'}
请求方式: post
 (logger.py:61)
[2018-11-25 14:51:39,144][    INFO] --- 出参：{"result_message":"登录成功","result_code":0,"uamtk":"qarbxJM5JM4y2grOh3xQ5tlLVTfx7hqQDZsosQ64b1b0"} (logger.py:61)
[2018-11-25 14:51:39,145][    INFO] --- url: /passport/web/auth/uamtk
入参: {'appid': 'otn'}
请求方式: post
 (logger.py:61)
[2018-11-25 14:51:39,320][    INFO] --- 出参：{"result_message":"验证通过","result_code":0,"apptk":null,"newapptk":"qK88kqTP8nE1fylkCF2jZwF-Tb3UZ8dKDb43PA51b1b0"} (logger.py:61)
[2018-11-25 14:51:39,321][    INFO] --- url: /otn/uamauthclient
入参: {'tk': u'qK88kqTP8nE1fylkCF2jZwF-Tb3UZ8dKDb43PA51b1b0'}
请求方式: post
 (logger.py:61)
[2018-11-25 14:51:39,677][    INFO] --- 出参：{"apptk":"qK88kqTP8nE1fylkCF2jZwF-Tb3UZ8dKDb43PA51b1b0","result_code":0,"result_message":"验证通过","username":"卞东海"} (logger.py:61)
[2018-11-25 14:51:39,677][    INFO] --- url: /otn/login/checkUser
入参: {'_json_att': ''}
请求方式: post
 (logger.py:61)
[2018-11-25 14:51:40,066][    INFO] --- 出参：{"validateMessagesShowId":"_validatorMessage","status":true,"httpstatus":200,"data":{"flag":true},"messages":[],"validateMessages":{}} (logger.py:61)
[2018-11-25 14:51:40,507][    INFO] --- url: /otn/confirmPassenger/getPassengerDTOs
入参: {}
请求方式: get
 (logger.py:61)
[2018-11-25 14:51:40,880][    INFO] --- 出参：{"validateMessagesShowId":"_validatorMessage","status":true,"httpstatus":200,"data":{"isExist":true,"exMsg":"","two_isOpenClick":["93","95","97","99"],"other_isOpenClick":["91","93","98","99","95","97"],"normal_passengers":[{"code":"1","passenger_name":"卞东海","sex_code":"M","sex_name":"男","born_date":"1990-12-05 00:00:00","country_code":"CN","passenger_id_type_code":"1","passenger_id_type_name":"中国居民身份证","passenger_id_no":"342201199012057214","passenger_type":"1","passenger_flag":"0","passenger_type_name":"成人","mobile_no":"","phone_no":"","email":"469529324@qq.com","address":"","postalcode":"","first_letter":"","recordCount":"14","total_times":"99","index_id":"0","gat_born_date":"","gat_valid_date_start":"","gat_valid_date_end":"","gat_version":""},{"code":"3","passenger_name":"卞和威","sex_code":"M","sex_name":"男","born_date":"2015-04-11 00:00:00","country_code":"CN","passenger_id_type_code":"1","passenger_id_type_name":"中国居民身份证","passenger_id_no":"342201199306157210","passenger_type":"1","passenger_flag":"0","passenger_type_name":"成人","mobile_no":"18355379372","phone_no":"","email":"","address":"","postalcode":"","first_letter":"BHW","recordCount":"14","total_times":"99","index_id":"1","gat_born_date":"","gat_valid_date_start":"","gat_valid_date_end":"","gat_version":""},{"code":"2","passenger_name":"卞荣伟","sex_code":"M","sex_name":"男","born_date":"2014-01-07 00:00:00","country_code":"CN","passenger_id_type_code":"1","passenger_id_type_name":"中国居民身份证","passenger_id_no":"342201196503157216","passenger_type":"1","passenger_flag":"0","passenger_type_name":"成人","mobile_no":"","phone_no":"","email":"","address":"","postalcode":"","first_letter":"BRW","recordCount":"14","total_times":"97","index_id":"2","gat_born_date":"","gat_valid_date_start":"","gat_valid_date_end":"","gat_version":""},{"code":"4","passenger_name":"蔡开连","sex_code":"M","sex_name":"男","born_date":"2016-01-27 00:00:00","country_code":"CN","passenger_id_type_code":"1","passenger_id_type_name":"中国居民身份证","passenger_id_no":"522427198711255483","passenger_type":"1","passenger_flag":"0","passenger_type_name":"成人","mobile_no":"15220144676","phone_no":"","email":"","address":"","postalcode":"","first_letter":"CKL","recordCount":"14","total_times":"99","index_id":"3","gat_born_date":"","gat_valid_date_start":"","gat_valid_date_end":"","gat_version":""},{"code":"5","passenger_name":"陈云","sex_code":"M","sex_name":"男","born_date":"2016-01-14 00:00:00","country_code":"CN","passenger_id_type_code":"1","passenger_id_type_name":"中国居民身份证","passenger_id_no":"341222199009096336","passenger_type":"1","passenger_flag":"0","passenger_type_name":"成人","mobile_no":"13613087212","phone_no":"","email":"","address":"","postalcode":"","first_letter":"CY","recordCount":"14","total_times":"99","index_id":"4","gat_born_date":"","gat_valid_date_start":"","gat_valid_date_end":"","gat_version":""},{"code":"7","passenger_name":"顾凤武","sex_code":"M","sex_name":"男","born_date":"1900-01-01 00:00:00","country_code":"CN","passenger_id_type_code":"1","passenger_id_type_name":"中国居民身份证","passenger_id_no":"340122199102222417","passenger_type":"1","passenger_flag":"0","passenger_type_name":"成人","mobile_no":"15330722856","phone_no":"","email":"","address":"","postalcode":"","first_letter":"GFW","recordCount":"14","total_times":"99","index_id":"5","gat_born_date":"","gat_valid_date_start":"","gat_valid_date_end":"","gat_version":""},{"code":"6","passenger_name":"甘恢早","sex_code":"F","sex_name":"女","born_date":"1991-06-11 00:00:00","country_code":"CN","passenger_id_type_code":"1","passenger_id_type_name":"中国居民身份证","passenger_id_no":"342523199106118828","passenger_type":"3","passenger_flag":"0","passenger_type_name":"学生","mobile_no":"18226734364","phone_no":"","email":"","address":"","postalcode":"","first_letter":"GHZ","recordCount":"14","total_times":"99","index_id":"6","gat_born_date":"","gat_valid_date_start":"","gat_valid_date_end":"","gat_version":""},{"code":"8","passenger_name":"黎芳羡","sex_code":"F","sex_name":"女","born_date":"2014-03-01 00:00:00","country_code":"CN","passenger_id_type_code":"1","passenger_id_type_name":"中国居民身份证","passenger_id_no":"45072119900706044X","passenger_type":"1","passenger_flag":"0","passenger_type_name":"成人","mobile_no":"18255399993","phone_no":"","email":"","address":"","postalcode":"","first_letter":"LFX","recordCount":"14","total_times":"99","index_id":"7","gat_born_date":"","gat_valid_date_start":"","gat_valid_date_end":"","gat_version":""},{"code":"9","passenger_name":"鲁治","sex_code":"M","sex_name":"男","born_date":"2016-02-14 00:00:00","country_code":"CN","passenger_id_type_code":"1","passenger_id_type_name":"中国居民身份证","passenger_id_no":"342425199202260514","passenger_type":"1","passenger_flag":"0","passenger_type_name":"成人","mobile_no":"15851720052","phone_no":"","email":"","address":"","postalcode":"","first_letter":"LZ","recordCount":"14","total_times":"99","index_id":"8","gat_born_date":"","gat_valid_date_start":"","gat_valid_date_end":"","gat_version":""},{"code":"10","passenger_name":"韦明英","sex_code":"F","sex_name":"女","born_date":"2014-01-07 00:00:00","country_code":"CN","passenger_id_type_code":"1","passenger_id_type_name":"中国居民身份证","passenger_id_no":"342201197001017226","passenger_type":"1","passenger_flag":"0","passenger_type_name":"成人","mobile_no":"","phone_no":"","email":"","address":"","postalcode":"","first_letter":"WMY","recordCount":"14","total_times":"97","index_id":"9","gat_born_date":"","gat_valid_date_start":"","gat_valid_date_end":"","gat_version":""},{"code":"11","passenger_name":"许娟","sex_code":"F","sex_name":"女","born_date":"2014-04-08 00:00:00","country_code":"CN","passenger_id_type_code":"1","passenger_id_type_name":"中国居民身份证","passenger_id_no":"342427199407203743","passenger_type":"1","passenger_flag":"0","passenger_type_name":"成人","mobile_no":"15256068968","phone_no":"","email":"","address":"","postalcode":"","first_letter":"XJ","recordCount":"14","total_times":"99","index_id":"10","gat_born_date":"","gat_valid_date_start":"","gat_valid_date_end":"","gat_version":""},{"code":"12","passenger_name":"云玉芝","sex_code":"M","sex_name":"男","born_date":"2016-01-05 00:00:00","country_code":"CN","passenger_id_type_code":"1","passenger_id_type_name":"中国居民身份证","passenger_id_no":"342123196501201220","passenger_type":"1","passenger_flag":"0","passenger_type_name":"成人","mobile_no":"13613087212","phone_no":"","email":"","address":"","postalcode":"","first_letter":"YYZ","recordCount":"14","total_times":"99","index_id":"11","gat_born_date":"","gat_valid_date_start":"","gat_valid_date_end":"","gat_version":""},{"code":"14","passenger_name":"朱宝","sex_code":"F","sex_name":"女","born_date":"1993-07-12 00:00:00","country_code":"CN","passenger_id_type_code":"1","passenger_id_type_name":"中国居民身份证","passenger_id_no":"342423199307124006","passenger_type":"1","passenger_flag":"0","passenger_type_name":"成人","mobile_no":"15755387063","phone_no":"","email":"","address":"","postalcode":"","first_letter":"ZB","recordCount":"14","total_times":"99","index_id":"12","gat_born_date":"","gat_valid_date_start":"","gat_valid_date_end":"","gat_version":""},{"code":"13","passenger_name":"张丽","sex_code":"F","sex_name":"女","born_date":"2015-06-20 00:00:00","country_code":"CN","passenger_id_type_code":"1","passenger_id_type_name":"中国居民身份证","passenger_id_no":"340881199210301225","passenger_type":"1","passenger_flag":"0","passenger_type_name":"成人","mobile_no":"18256091240","phone_no":"","email":"","address":"","postalcode":"","first_letter":"ZL","recordCount":"14","total_times":"99","index_id":"13","gat_born_date":"","gat_valid_date_start":"","gat_valid_date_end":"","gat_version":""}],"dj_passengers":[]},"messages":[],"validateMessages":{}} (logger.py:61)
[2018-11-25 14:51:40,883][    INFO] --- url: /otn/confirmPassenger/autoSubmitOrderRequest
入参: OrderedDict([('secretStr', u'1ByPYhqg88AGLRmOKbW593XO90I7C8q5cJAjv28v8SBGj1PIQ/aKZ59tn0wG94Z2DnyjwDChgT2d\nWpWxjPO/8uUlKd7q/Y4tzERLrZjxtToAqWtV2ogzBUWw/OEqkZ7VCVFBhGCF47t+rCT4lG7bk8eK\naaQK6cOFQewh3LJostKicFVPWfftOOi3cguW5uG+nmMrRkAqmqNtyXi427EuHttJWOq+HH6jFmv7\nojm5iqmzkENMSlDPe3p5mfQNdr5K'), ('train_date', '2018-11-28'), ('tour_flag', 'dc'), ('purpose_codes', 'ADULT'), ('query_from_station_name', u'VNP'), ('query_to_station_name', u'NKH'), ('cancel_flag', 2), ('bed_level_order_num', '000000000000000000000000000000'), ('passengerTicketStr', u'O,0,1,\u535e\u4e1c\u6d77,1,342201199012057214,,N'), ('oldPassengerStr', u'\u535e\u4e1c\u6d77,1,342201199012057214,1_')])
请求方式: post
 (logger.py:61)
[2018-11-25 14:51:41,428][    INFO] --- 出参：{"validateMessagesShowId":"_validatorMessage","status":true,"httpstatus":200,"data":{"result":"P2#18B866FAC91AC8057D453D1383CD5E4D4878F828441F32F6A81E7230#bcZ%2Bg9iNqI1pOOQc61rcHU8DmsbInLZqQLaNOGf0SSVYir3c#0","ifShowPassCode":"N","canChooseBeds":"N","canChooseSeats":"Y","choose_Seats":"O","isCanChooseMid":"N","ifShowPassCodeTime":"3032","submitStatus":true,"smokeStr":""},"messages":[],"validateMessages":{}} (logger.py:61)
[2018-11-25 14:51:41,433][    INFO] --- url: /otn/confirmPassenger/getQueueCountAsync
入参: OrderedDict([('train_date', ('Wed Nov 28 2018 00:00:00 GMT+0800 (\xe4\xb8\xad\xe5\x9b\xbd\xe6\xa0\x87\xe5\x87\x86\xe6\x97\xb6\xe9\x97\xb4)',)), ('train_no', u'240000G1010H'), ('stationTrainCode', u'G101'), ('seatType', 'O'), ('fromStationTelecode', u'VNP'), ('toStationTelecode', u'NKH'), ('leftTicket', u'bcZ%2Bg9iNqI1pOOQc61rcHU8DmsbInLZqQLaNOGf0SSVYir3c'), ('purpose_codes', 'ADULT'), ('_json_att', '')])
请求方式: post
 (logger.py:61)
[2018-11-25 14:51:41,825][    INFO] --- 出参：{"validateMessagesShowId":"_validatorMessage","status":true,"httpstatus":200,"data":{"ticket":"0","op_2":"false","op_1":"false"},"messages":[],"validateMessages":{}} (logger.py:61)
[2018-11-25 14:51:41,826][    INFO] --- url: /otn/confirmPassenger/getQueueCountAsync
入参: OrderedDict([('train_date', ('Wed Nov 28 2018 00:00:00 GMT+0800 (\xe4\xb8\xad\xe5\x9b\xbd\xe6\xa0\x87\xe5\x87\x86\xe6\x97\xb6\xe9\x97\xb4)',)), ('train_no', u'240000G1010H'), ('stationTrainCode', u'G101'), ('seatType', 'O'), ('fromStationTelecode', u'VNP'), ('toStationTelecode', u'NKH'), ('leftTicket', u'bcZ%2Bg9iNqI1pOOQc61rcHU8DmsbInLZqQLaNOGf0SSVYir3c'), ('purpose_codes', 'ADULT'), ('_json_att', '')])
请求方式: post
 (logger.py:61)
[2018-11-25 14:51:43,254][    INFO] --- 出参：{"validateMessagesShowId":"_validatorMessage","status":false,"httpstatus":200,"messages":["系统繁忙，请稍后重试！"],"validateMessages":{}} (logger.py:61)
[2018-11-25 14:51:43,406][    INFO] --- url: /otn/confirmPassenger/autoSubmitOrderRequest
入参: OrderedDict([('secretStr', u'1ByPYhqg88AGLRmOKbW593XO90I7C8q5cJAjv28v8SBGj1PIQ/aKZ59tn0wG94Z2DnyjwDChgT2d\nWpWxjPO/8uUlKd7q/Y4tzERLrZjxtToAqWtV2ogzBUWw/OEqkZ7VCVFBhGCF47t+rCT4lG7bk8eK\naaQK6cOFQewh3LJostKicFVPWfftOOi3cguW5uG+nmMrRkAqmqNtyXi427EuHttJWOq+HH6jFmv7\nojm5iqmzkENMSlDPe3p5mfQNdr5K'), ('train_date', '2018-11-28'), ('tour_flag', 'dc'), ('purpose_codes', 'ADULT'), ('query_from_station_name', u'VNP'), ('query_to_station_name', u'NKH'), ('cancel_flag', 2), ('bed_level_order_num', '000000000000000000000000000000'), ('passengerTicketStr', u'O,0,1,\u535e\u4e1c\u6d77,1,342201199012057214,,N'), ('oldPassengerStr', u'\u535e\u4e1c\u6d77,1,342201199012057214,1_')])
请求方式: post
 (logger.py:61)
[2018-11-25 14:51:43,868][    INFO] --- 出参：{"validateMessagesShowId":"_validatorMessage","status":true,"httpstatus":200,"data":{"result":"P2#0474ECD8B4C065F89E875B724A2E64893C6E0F8C01D896C7898B995B#bcZ%2Bg9iNqI1pOOQc61rcHU8DmsbInLZqQLaNOGf0SSVYir3c#0","ifShowPassCode":"N","canChooseBeds":"N","canChooseSeats":"Y","choose_Seats":"O","isCanChooseMid":"N","ifShowPassCodeTime":"3590","submitStatus":true,"smokeStr":""},"messages":[],"validateMessages":{}} (logger.py:61)
[2018-11-25 14:51:43,869][    INFO] --- url: /otn/confirmPassenger/getQueueCountAsync
入参: OrderedDict([('train_date', ('Wed Nov 28 2018 00:00:00 GMT+0800 (\xe4\xb8\xad\xe5\x9b\xbd\xe6\xa0\x87\xe5\x87\x86\xe6\x97\xb6\xe9\x97\xb4)',)), ('train_no', u'240000G1010H'), ('stationTrainCode', u'G101'), ('seatType', u'\u4e8c\u7b49\u5ea7'), ('fromStationTelecode', u'VNP'), ('toStationTelecode', u'NKH'), ('leftTicket', u'bcZ%2Bg9iNqI1pOOQc61rcHU8DmsbInLZqQLaNOGf0SSVYir3c'), ('purpose_codes', 'ADULT'), ('_json_att', '')])
请求方式: post
 (logger.py:61)
[2018-11-25 14:51:45,404][    INFO] --- 出参：{"validateMessagesShowId":"_validatorMessage","status":true,"httpstatus":200,"data":{"ticket":"0","op_2":"false","op_1":"false"},"messages":[],"validateMessages":{}} (logger.py:61)
[2018-11-25 14:51:45,405][    INFO] --- url: /otn/confirmPassenger/getQueueCountAsync
入参: OrderedDict([('train_date', ('Wed Nov 28 2018 00:00:00 GMT+0800 (\xe4\xb8\xad\xe5\x9b\xbd\xe6\xa0\x87\xe5\x87\x86\xe6\x97\xb6\xe9\x97\xb4)',)), ('train_no', u'240000G1010H'), ('stationTrainCode', u'G101'), ('seatType', u'\u4e8c\u7b49\u5ea7'), ('fromStationTelecode', u'VNP'), ('toStationTelecode', u'NKH'), ('leftTicket', u'bcZ%2Bg9iNqI1pOOQc61rcHU8DmsbInLZqQLaNOGf0SSVYir3c'), ('purpose_codes', 'ADULT'), ('_json_att', '')])
请求方式: post
 (logger.py:61)
[2018-11-25 14:51:47,107][    INFO] --- 出参：{"validateMessagesShowId":"_validatorMessage","status":false,"httpstatus":200,"messages":["系统繁忙，请稍后重试！"],"validateMessages":{}} (logger.py:61)
[2018-11-25 14:51:47,265][    INFO] --- url: /otn/confirmPassenger/autoSubmitOrderRequest
入参: OrderedDict([('secretStr', u'1ByPYhqg88AGLRmOKbW593XO90I7C8q5cJAjv28v8SBGj1PIQ/aKZ59tn0wG94Z2DnyjwDChgT2d\nWpWxjPO/8uUlKd7q/Y4tzERLrZjxtToAqWtV2ogzBUWw/OEqkZ7VCVFBhGCF47t+rCT4lG7bk8eK\naaQK6cOFQewh3LJostKicFVPWfftOOi3cguW5uG+nmMrRkAqmqNtyXi427EuHttJWOq+HH6jFmv7\nojm5iqmzkENMSlDPe3p5mfQNdr5K'), ('train_date', '2018-11-28'), ('tour_flag', 'dc'), ('purpose_codes', 'ADULT'), ('query_from_station_name', u'VNP'), ('query_to_station_name', u'NKH'), ('cancel_flag', 2), ('bed_level_order_num', '000000000000000000000000000000'), ('passengerTicketStr', u'O,0,1,\u535e\u4e1c\u6d77,1,342201199012057214,,N'), ('oldPassengerStr', u'\u535e\u4e1c\u6d77,1,342201199012057214,1_')])
请求方式: post
 (logger.py:61)
[2018-11-25 14:51:47,652][    INFO] --- 出参：{"validateMessagesShowId":"_validatorMessage","status":true,"httpstatus":200,"data":{"result":"P2#75F9CF2DB3C12A7CD90299E03E14AFD7AD49518B4A8648317F77E5E9#bcZ%2Bg9iNqI1pOOQc61rcHU8DmsbInLZqQLaNOGf0SSVYir3c#0","ifShowPassCode":"N","canChooseBeds":"N","canChooseSeats":"Y","choose_Seats":"O","isCanChooseMid":"N","ifShowPassCodeTime":"3304","submitStatus":true,"smokeStr":""},"messages":[],"validateMessages":{}} (logger.py:61)
[2018-11-25 14:51:47,653][    INFO] --- url: /otn/confirmPassenger/getQueueCountAsync
入参: OrderedDict([('train_date', ('Wed Nov 28 2018 00:00:00 GMT+0800 (\xe4\xb8\xad\xe5\x9b\xbd\xe6\xa0\x87\xe5\x87\x86\xe6\x97\xb6\xe9\x97\xb4)',)), ('train_no', u'240000G1010H'), ('stationTrainCode', u'G101'), ('seatType', u'\u4e8c\u7b49\u5ea7'), ('fromStationTelecode', u'VNP'), ('toStationTelecode', u'NKH'), ('leftTicket', u'bcZ%2Bg9iNqI1pOOQc61rcHU8DmsbInLZqQLaNOGf0SSVYir3c'), ('purpose_codes', 'ADULT'), ('_json_att', '')])
请求方式: post
 (logger.py:61)
