[2018-11-26 22:35:29,513][    INFO] --- url: /passport/web/auth/uamtk
入参: {'appid': 'otn'}
请求方式: post
 (logger.py:61)
[2018-11-26 22:35:29,680][    INFO] --- 出参：{"result_message":"用户未登录","result_code":1} (logger.py:61)
[2018-11-26 22:35:29,681][    INFO] --- url: /passport/captcha/captcha-check
入参: {'answer': '105,46', 'rand': 'sjrand', 'login_site': 'E'}
请求方式: post
 (logger.py:61)
[2018-11-26 22:35:29,985][    INFO] --- 出参：{"result_message":"验证码校验成功","result_code":"4"} (logger.py:61)
[2018-11-26 22:35:29,985][    INFO] --- url: /passport/web/login
入参: {'username': 'b624345050', 'password': '530530', 'appid': 'otn'}
请求方式: post
 (logger.py:61)
[2018-11-26 22:35:30,172][    INFO] --- 出参：{"result_message":"登录成功","result_code":0,"uamtk":"ULyakmW-ytuvKBAZ0kF6IwW-lqGnUmP7S2d0vg36b1b0"} (logger.py:61)
[2018-11-26 22:35:30,173][    INFO] --- url: /passport/web/auth/uamtk
入参: {'appid': 'otn'}
请求方式: post
 (logger.py:61)
[2018-11-26 22:35:30,396][    INFO] --- 出参：{"result_message":"验证通过","result_code":0,"apptk":null,"newapptk":"2BzEUDq-A6gtrksWzjD39H2WL7F_-NQ7yrQsaw92b1b0"} (logger.py:61)
[2018-11-26 22:35:30,396][    INFO] --- url: /otn/uamauthclient
入参: {'tk': u'2BzEUDq-A6gtrksWzjD39H2WL7F_-NQ7yrQsaw92b1b0'}
请求方式: post
 (logger.py:61)
[2018-11-26 22:35:30,574][    INFO] --- 出参：{"apptk":"2BzEUDq-A6gtrksWzjD39H2WL7F_-NQ7yrQsaw92b1b0","result_code":0,"result_message":"验证通过","username":"卞东海"} (logger.py:61)
[2018-11-26 22:35:30,575][    INFO] --- url: /otn/login/checkUser
入参: {'_json_att': ''}
请求方式: post
 (logger.py:61)
[2018-11-26 22:35:30,746][    INFO] --- 出参：{"validateMessagesShowId":"_validatorMessage","status":true,"httpstatus":200,"data":{"flag":true},"messages":[],"validateMessages":{}} (logger.py:61)
[2018-11-26 22:36:22,301][    INFO] --- url: /otn/confirmPassenger/getPassengerDTOs
入参: {}
请求方式: get
 (logger.py:61)
[2018-11-26 22:36:22,690][    INFO] --- 出参：{"validateMessagesShowId":"_validatorMessage","status":true,"httpstatus":200,"data":{"isExist":true,"exMsg":"","two_isOpenClick":["93","95","97","99"],"other_isOpenClick":["91","93","98","99","95","97"],"normal_passengers":[{"code":"1","passenger_name":"卞东海","sex_code":"M","sex_name":"男","born_date":"1990-12-05 00:00:00","country_code":"CN","passenger_id_type_code":"1","passenger_id_type_name":"中国居民身份证","passenger_id_no":"342201199012057214","passenger_type":"1","passenger_flag":"0","passenger_type_name":"成人","mobile_no":"","phone_no":"","email":"469529324@qq.com","address":"","postalcode":"","first_letter":"","recordCount":"14","total_times":"99","index_id":"0","gat_born_date":"","gat_valid_date_start":"","gat_valid_date_end":"","gat_version":""},{"code":"3","passenger_name":"卞和威","sex_code":"M","sex_name":"男","born_date":"2015-04-11 00:00:00","country_code":"CN","passenger_id_type_code":"1","passenger_id_type_name":"中国居民身份证","passenger_id_no":"342201199306157210","passenger_type":"1","passenger_flag":"0","passenger_type_name":"成人","mobile_no":"18355379372","phone_no":"","email":"","address":"","postalcode":"","first_letter":"BHW","recordCount":"14","total_times":"99","index_id":"1","gat_born_date":"","gat_valid_date_start":"","gat_valid_date_end":"","gat_version":""},{"code":"2","passenger_name":"卞荣伟","sex_code":"M","sex_name":"男","born_date":"2014-01-07 00:00:00","country_code":"CN","passenger_id_type_code":"1","passenger_id_type_name":"中国居民身份证","passenger_id_no":"342201196503157216","passenger_type":"1","passenger_flag":"0","passenger_type_name":"成人","mobile_no":"","phone_no":"","email":"","address":"","postalcode":"","first_letter":"BRW","recordCount":"14","total_times":"97","index_id":"2","gat_born_date":"","gat_valid_date_start":"","gat_valid_date_end":"","gat_version":""},{"code":"4","passenger_name":"蔡开连","sex_code":"M","sex_name":"男","born_date":"2016-01-27 00:00:00","country_code":"CN","passenger_id_type_code":"1","passenger_id_type_name":"中国居民身份证","passenger_id_no":"522427198711255483","passenger_type":"1","passenger_flag":"0","passenger_type_name":"成人","mobile_no":"15220144676","phone_no":"","email":"","address":"","postalcode":"","first_letter":"CKL","recordCount":"14","total_times":"99","index_id":"3","gat_born_date":"","gat_valid_date_start":"","gat_valid_date_end":"","gat_version":""},{"code":"5","passenger_name":"陈云","sex_code":"M","sex_name":"男","born_date":"2016-01-14 00:00:00","country_code":"CN","passenger_id_type_code":"1","passenger_id_type_name":"中国居民身份证","passenger_id_no":"341222199009096336","passenger_type":"1","passenger_flag":"0","passenger_type_name":"成人","mobile_no":"13613087212","phone_no":"","email":"","address":"","postalcode":"","first_letter":"CY","recordCount":"14","total_times":"99","index_id":"4","gat_born_date":"","gat_valid_date_start":"","gat_valid_date_end":"","gat_version":""},{"code":"7","passenger_name":"顾凤武","sex_code":"M","sex_name":"男","born_date":"1900-01-01 00:00:00","country_code":"CN","passenger_id_type_code":"1","passenger_id_type_name":"中国居民身份证","passenger_id_no":"340122199102222417","passenger_type":"1","passenger_flag":"0","passenger_type_name":"成人","mobile_no":"15330722856","phone_no":"","email":"","address":"","postalcode":"","first_letter":"GFW","recordCount":"14","total_times":"99","index_id":"5","gat_born_date":"","gat_valid_date_start":"","gat_valid_date_end":"","gat_version":""},{"code":"6","passenger_name":"甘恢早","sex_code":"F","sex_name":"女","born_date":"1991-06-11 00:00:00","country_code":"CN","passenger_id_type_code":"1","passenger_id_type_name":"中国居民身份证","passenger_id_no":"342523199106118828","passenger_type":"3","passenger_flag":"0","passenger_type_name":"学生","mobile_no":"18226734364","phone_no":"","email":"","address":"","postalcode":"","first_letter":"GHZ","recordCount":"14","total_times":"99","index_id":"6","gat_born_date":"","gat_valid_date_start":"","gat_valid_date_end":"","gat_version":""},{"code":"8","passenger_name":"黎芳羡","sex_code":"F","sex_name":"女","born_date":"2014-03-01 00:00:00","country_code":"CN","passenger_id_type_code":"1","passenger_id_type_name":"中国居民身份证","passenger_id_no":"45072119900706044X","passenger_type":"1","passenger_flag":"0","passenger_type_name":"成人","mobile_no":"18255399993","phone_no":"","email":"","address":"","postalcode":"","first_letter":"LFX","recordCount":"14","total_times":"99","index_id":"7","gat_born_date":"","gat_valid_date_start":"","gat_valid_date_end":"","gat_version":""},{"code":"9","passenger_name":"鲁治","sex_code":"M","sex_name":"男","born_date":"2016-02-14 00:00:00","country_code":"CN","passenger_id_type_code":"1","passenger_id_type_name":"中国居民身份证","passenger_id_no":"342425199202260514","passenger_type":"1","passenger_flag":"0","passenger_type_name":"成人","mobile_no":"15851720052","phone_no":"","email":"","address":"","postalcode":"","first_letter":"LZ","recordCount":"14","total_times":"99","index_id":"8","gat_born_date":"","gat_valid_date_start":"","gat_valid_date_end":"","gat_version":""},{"code":"10","passenger_name":"韦明英","sex_code":"F","sex_name":"女","born_date":"2014-01-07 00:00:00","country_code":"CN","passenger_id_type_code":"1","passenger_id_type_name":"中国居民身份证","passenger_id_no":"342201197001017226","passenger_type":"1","passenger_flag":"0","passenger_type_name":"成人","mobile_no":"","phone_no":"","email":"","address":"","postalcode":"","first_letter":"WMY","recordCount":"14","total_times":"97","index_id":"9","gat_born_date":"","gat_valid_date_start":"","gat_valid_date_end":"","gat_version":""},{"code":"11","passenger_name":"许娟","sex_code":"F","sex_name":"女","born_date":"2014-04-08 00:00:00","country_code":"CN","passenger_id_type_code":"1","passenger_id_type_name":"中国居民身份证","passenger_id_no":"342427199407203743","passenger_type":"1","passenger_flag":"0","passenger_type_name":"成人","mobile_no":"15256068968","phone_no":"","email":"","address":"","postalcode":"","first_letter":"XJ","recordCount":"14","total_times":"99","index_id":"10","gat_born_date":"","gat_valid_date_start":"","gat_valid_date_end":"","gat_version":""},{"code":"12","passenger_name":"云玉芝","sex_code":"M","sex_name":"男","born_date":"2016-01-05 00:00:00","country_code":"CN","passenger_id_type_code":"1","passenger_id_type_name":"中国居民身份证","passenger_id_no":"342123196501201220","passenger_type":"1","passenger_flag":"0","passenger_type_name":"成人","mobile_no":"13613087212","phone_no":"","email":"","address":"","postalcode":"","first_letter":"YYZ","recordCount":"14","total_times":"99","index_id":"11","gat_born_date":"","gat_valid_date_start":"","gat_valid_date_end":"","gat_version":""},{"code":"14","passenger_name":"朱宝","sex_code":"F","sex_name":"女","born_date":"1993-07-12 00:00:00","country_code":"CN","passenger_id_type_code":"1","passenger_id_type_name":"中国居民身份证","passenger_id_no":"342423199307124006","passenger_type":"1","passenger_flag":"0","passenger_type_name":"成人","mobile_no":"15755387063","phone_no":"","email":"","address":"","postalcode":"","first_letter":"ZB","recordCount":"14","total_times":"99","index_id":"12","gat_born_date":"","gat_valid_date_start":"","gat_valid_date_end":"","gat_version":""},{"code":"13","passenger_name":"张丽","sex_code":"F","sex_name":"女","born_date":"2015-06-20 00:00:00","country_code":"CN","passenger_id_type_code":"1","passenger_id_type_name":"中国居民身份证","passenger_id_no":"340881199210301225","passenger_type":"1","passenger_flag":"0","passenger_type_name":"成人","mobile_no":"18256091240","phone_no":"","email":"","address":"","postalcode":"","first_letter":"ZL","recordCount":"14","total_times":"99","index_id":"13","gat_born_date":"","gat_valid_date_start":"","gat_valid_date_end":"","gat_version":""}],"dj_passengers":[]},"messages":[],"validateMessages":{}} (logger.py:61)
[2018-11-26 22:36:41,558][    INFO] --- url: /otn/confirmPassenger/autoSubmitOrderRequest
入参: OrderedDict([('secretStr', u'adI6wEK+nizB6HZ/ptmXd5jv1dAmVuwKHCdJy4UFEv1dnu7u+Drc/x957qDsGvwwJOnSzZzcfXBC\nAaXzsfn8UiRGQydD2Tn5madqJhFkEIbDVURnR0on2B3oPNfrI12Yjm5/p9bs0VJMH3sdFIa549e/\nBbCDoN8yL0gZM5o5+TXcQE38ZyKqOZjT4OWSyhfpl+GCB/AGTXt8/k0jNA+yZskdJlMdPoVnds0v\nU9502nsOFs/GNadMEpMCo0tm1oJS'), ('train_date', '2018-11-28'), ('tour_flag', 'dc'), ('purpose_codes', 'ADULT'), ('query_from_station_name', u'VNP'), ('query_to_station_name', u'NKH'), ('cancel_flag', 2), ('bed_level_order_num', '000000000000000000000000000000'), ('passengerTicketStr', u'O,0,1,\u535e\u4e1c\u6d77,1,342201199012057214,,N'), ('oldPassengerStr', u'\u535e\u4e1c\u6d77,1,342201199012057214,1_')])
请求方式: post
 (logger.py:61)
[2018-11-26 22:36:41,767][    INFO] --- 出参：{"validateMessagesShowId":"_validatorMessage","status":true,"httpstatus":200,"data":{"result":"P2#266853D43790AD6AED2E916E7D8F835CBDB5AEFE8DBAFDEEFDF07FFB#7firgHBcmWisdJzTcvUSf7ya3BZzFEVRJmTRf8XmixswEgfs#1","ifShowPassCode":"N","canChooseBeds":"N","canChooseSeats":"Y","choose_Seats":"OM","isCanChooseMid":"N","ifShowPassCodeTime":"2260","submitStatus":true,"smokeStr":""},"messages":[],"validateMessages":{}} (logger.py:61)
[2018-11-26 22:37:15,281][    INFO] --- url: /otn/confirmPassenger/getQueueCountAsync
入参: OrderedDict([('train_date', ('Wed Nov 28 2018 00:00:00 GMT+0800 (\xe4\xb8\xad\xe5\x9b\xbd\xe6\xa0\x87\xe5\x87\x86\xe6\x97\xb6\xe9\x97\xb4)',)), ('train_no', u'240000G1010H'), ('stationTrainCode', u'G101'), ('seatType', 'O'), ('fromStationTelecode', u'VNP'), ('toStationTelecode', u'NKH'), ('leftTicket', u'7firgHBcmWisdJzTcvUSf7ya3BZzFEVRJmTRf8XmixswEgfs'), ('purpose_codes', 'ADULT'), ('_json_att', '')])
请求方式: post
 (logger.py:61)
[2018-11-26 22:37:15,468][    INFO] --- 出参：{"validateMessagesShowId":"_validatorMessage","status":true,"httpstatus":200,"data":{"count":"1","ticket":"130","op_2":"false","countT":"0","op_1":"false"},"messages":[],"validateMessages":{}} (logger.py:61)
[2018-11-26 22:37:58,841][    INFO] --- url: /otn/confirmPassenger/confirmSingleForQueueAsys
入参: OrderedDict([('passengerTicketStr', u'O,0,1,\u535e\u4e1c\u6d77,1,342201199012057214,,N'), ('oldPassengerStr', u'\u535e\u4e1c\u6d77,1,342201199012057214,1_'), ('randCode', ''), ('purpose_codes', 'ADULT'), ('key_check_isChange', '266853D43790AD6AED2E916E7D8F835CBDB5AEFE8DBAFDEEFDF07FFB'), ('leftTicketStr', '7firgHBcmWisdJzTcvUSf7ya3BZzFEVRJmTRf8XmixswEgfs'), ('train_location', 'P2'), ('choose_seats', ''), ('seatDetailType', ''), ('_json_att', '')])
请求方式: post
 (logger.py:61)
[2018-11-26 22:38:00,277][    INFO] --- 出参：{"validateMessagesShowId":"_validatorMessage","status":true,"httpstatus":200,"data":{"submitStatus":true},"messages":[],"validateMessages":{}} (logger.py:61)
[2018-11-26 22:38:12,924][    INFO] --- url: /otn/confirmPassenger/queryOrderWaitTime?random=1543243092923&tourFlag=dc&_json_att=
入参: None
请求方式: get
 (logger.py:61)
[2018-11-26 22:38:13,105][    INFO] --- 出参：{"validateMessagesShowId":"_validatorMessage","status":true,"httpstatus":200,"data":{"queryOrderWaitTimeStatus":true,"count":0,"waitTime":-1,"requestId":6472830535799003872,"waitCount":0,"tourFlag":"dc","orderId":"E405253538"},"messages":[],"validateMessages":{}} (logger.py:61)
[2018-11-26 22:53:42,499][    INFO] --- url: /passport/web/auth/uamtk
入参: {'appid': 'otn'}
请求方式: post
 (logger.py:61)
[2018-11-26 22:53:42,807][    INFO] --- 出参：{"result_message":"用户未登录","result_code":1} (logger.py:61)
[2018-11-26 22:53:42,808][    INFO] --- url: /passport/captcha/captcha-check
入参: {'answer': '105,46,184,45', 'rand': 'sjrand', 'login_site': 'E'}
请求方式: post
 (logger.py:61)
[2018-11-26 22:53:42,994][    INFO] --- 出参：{"result_message":"验证码校验成功","result_code":"4"} (logger.py:61)
[2018-11-26 22:53:42,997][    INFO] --- url: /passport/web/login
入参: {'username': 'b624345050', 'password': '530530', 'appid': 'otn'}
请求方式: post
 (logger.py:61)
[2018-11-26 22:53:43,189][    INFO] --- 出参：{"result_message":"登录成功","result_code":0,"uamtk":"54C6W-JWhvBMcFAn6aEicYxNZkyzY6s5dh2ExA73b1b0"} (logger.py:61)
[2018-11-26 22:53:43,190][    INFO] --- url: /passport/web/auth/uamtk
入参: {'appid': 'otn'}
请求方式: post
 (logger.py:61)
[2018-11-26 22:53:43,378][    INFO] --- 出参：{"result_message":"验证通过","result_code":0,"apptk":null,"newapptk":"GgvxO9hs4gH3Bu9Ntv26n9__Kbr-HLiS6rn8Uwy0b1b0"} (logger.py:61)
[2018-11-26 22:53:43,379][    INFO] --- url: /otn/uamauthclient
入参: {'tk': u'GgvxO9hs4gH3Bu9Ntv26n9__Kbr-HLiS6rn8Uwy0b1b0'}
请求方式: post
 (logger.py:61)
[2018-11-26 22:53:43,787][    INFO] --- 出参：{"apptk":"GgvxO9hs4gH3Bu9Ntv26n9__Kbr-HLiS6rn8Uwy0b1b0","result_code":0,"result_message":"验证通过","username":"卞东海"} (logger.py:61)
[2018-11-26 22:53:43,788][    INFO] --- url: /otn/login/checkUser
入参: {'_json_att': ''}
请求方式: post
 (logger.py:61)
[2018-11-26 22:53:44,171][    INFO] --- 出参：{"validateMessagesShowId":"_validatorMessage","status":true,"httpstatus":200,"data":{"flag":true},"messages":[],"validateMessages":{}} (logger.py:61)
[2018-11-26 22:53:49,932][    INFO] --- url: /otn/confirmPassenger/getPassengerDTOs
入参: {}
请求方式: get
 (logger.py:61)
[2018-11-26 22:53:50,339][    INFO] --- 出参：{"validateMessagesShowId":"_validatorMessage","status":true,"httpstatus":200,"data":{"isExist":true,"exMsg":"","two_isOpenClick":["93","95","97","99"],"other_isOpenClick":["91","93","98","99","95","97"],"normal_passengers":[{"code":"1","passenger_name":"卞东海","sex_code":"M","sex_name":"男","born_date":"1990-12-05 00:00:00","country_code":"CN","passenger_id_type_code":"1","passenger_id_type_name":"中国居民身份证","passenger_id_no":"342201199012057214","passenger_type":"1","passenger_flag":"0","passenger_type_name":"成人","mobile_no":"","phone_no":"","email":"469529324@qq.com","address":"","postalcode":"","first_letter":"","recordCount":"14","total_times":"99","index_id":"0","gat_born_date":"","gat_valid_date_start":"","gat_valid_date_end":"","gat_version":""},{"code":"3","passenger_name":"卞和威","sex_code":"M","sex_name":"男","born_date":"2015-04-11 00:00:00","country_code":"CN","passenger_id_type_code":"1","passenger_id_type_name":"中国居民身份证","passenger_id_no":"342201199306157210","passenger_type":"1","passenger_flag":"0","passenger_type_name":"成人","mobile_no":"18355379372","phone_no":"","email":"","address":"","postalcode":"","first_letter":"BHW","recordCount":"14","total_times":"99","index_id":"1","gat_born_date":"","gat_valid_date_start":"","gat_valid_date_end":"","gat_version":""},{"code":"2","passenger_name":"卞荣伟","sex_code":"M","sex_name":"男","born_date":"2014-01-07 00:00:00","country_code":"CN","passenger_id_type_code":"1","passenger_id_type_name":"中国居民身份证","passenger_id_no":"342201196503157216","passenger_type":"1","passenger_flag":"0","passenger_type_name":"成人","mobile_no":"","phone_no":"","email":"","address":"","postalcode":"","first_letter":"BRW","recordCount":"14","total_times":"97","index_id":"2","gat_born_date":"","gat_valid_date_start":"","gat_valid_date_end":"","gat_version":""},{"code":"4","passenger_name":"蔡开连","sex_code":"M","sex_name":"男","born_date":"2016-01-27 00:00:00","country_code":"CN","passenger_id_type_code":"1","passenger_id_type_name":"中国居民身份证","passenger_id_no":"522427198711255483","passenger_type":"1","passenger_flag":"0","passenger_type_name":"成人","mobile_no":"15220144676","phone_no":"","email":"","address":"","postalcode":"","first_letter":"CKL","recordCount":"14","total_times":"99","index_id":"3","gat_born_date":"","gat_valid_date_start":"","gat_valid_date_end":"","gat_version":""},{"code":"5","passenger_name":"陈云","sex_code":"M","sex_name":"男","born_date":"2016-01-14 00:00:00","country_code":"CN","passenger_id_type_code":"1","passenger_id_type_name":"中国居民身份证","passenger_id_no":"341222199009096336","passenger_type":"1","passenger_flag":"0","passenger_type_name":"成人","mobile_no":"13613087212","phone_no":"","email":"","address":"","postalcode":"","first_letter":"CY","recordCount":"14","total_times":"99","index_id":"4","gat_born_date":"","gat_valid_date_start":"","gat_valid_date_end":"","gat_version":""},{"code":"7","passenger_name":"顾凤武","sex_code":"M","sex_name":"男","born_date":"1900-01-01 00:00:00","country_code":"CN","passenger_id_type_code":"1","passenger_id_type_name":"中国居民身份证","passenger_id_no":"340122199102222417","passenger_type":"1","passenger_flag":"0","passenger_type_name":"成人","mobile_no":"15330722856","phone_no":"","email":"","address":"","postalcode":"","first_letter":"GFW","recordCount":"14","total_times":"99","index_id":"5","gat_born_date":"","gat_valid_date_start":"","gat_valid_date_end":"","gat_version":""},{"code":"6","passenger_name":"甘恢早","sex_code":"F","sex_name":"女","born_date":"1991-06-11 00:00:00","country_code":"CN","passenger_id_type_code":"1","passenger_id_type_name":"中国居民身份证","passenger_id_no":"342523199106118828","passenger_type":"3","passenger_flag":"0","passenger_type_name":"学生","mobile_no":"18226734364","phone_no":"","email":"","address":"","postalcode":"","first_letter":"GHZ","recordCount":"14","total_times":"99","index_id":"6","gat_born_date":"","gat_valid_date_start":"","gat_valid_date_end":"","gat_version":""},{"code":"8","passenger_name":"黎芳羡","sex_code":"F","sex_name":"女","born_date":"2014-03-01 00:00:00","country_code":"CN","passenger_id_type_code":"1","passenger_id_type_name":"中国居民身份证","passenger_id_no":"45072119900706044X","passenger_type":"1","passenger_flag":"0","passenger_type_name":"成人","mobile_no":"18255399993","phone_no":"","email":"","address":"","postalcode":"","first_letter":"LFX","recordCount":"14","total_times":"99","index_id":"7","gat_born_date":"","gat_valid_date_start":"","gat_valid_date_end":"","gat_version":""},{"code":"9","passenger_name":"鲁治","sex_code":"M","sex_name":"男","born_date":"2016-02-14 00:00:00","country_code":"CN","passenger_id_type_code":"1","passenger_id_type_name":"中国居民身份证","passenger_id_no":"342425199202260514","passenger_type":"1","passenger_flag":"0","passenger_type_name":"成人","mobile_no":"15851720052","phone_no":"","email":"","address":"","postalcode":"","first_letter":"LZ","recordCount":"14","total_times":"99","index_id":"8","gat_born_date":"","gat_valid_date_start":"","gat_valid_date_end":"","gat_version":""},{"code":"10","passenger_name":"韦明英","sex_code":"F","sex_name":"女","born_date":"2014-01-07 00:00:00","country_code":"CN","passenger_id_type_code":"1","passenger_id_type_name":"中国居民身份证","passenger_id_no":"342201197001017226","passenger_type":"1","passenger_flag":"0","passenger_type_name":"成人","mobile_no":"","phone_no":"","email":"","address":"","postalcode":"","first_letter":"WMY","recordCount":"14","total_times":"97","index_id":"9","gat_born_date":"","gat_valid_date_start":"","gat_valid_date_end":"","gat_version":""},{"code":"11","passenger_name":"许娟","sex_code":"F","sex_name":"女","born_date":"2014-04-08 00:00:00","country_code":"CN","passenger_id_type_code":"1","passenger_id_type_name":"中国居民身份证","passenger_id_no":"342427199407203743","passenger_type":"1","passenger_flag":"0","passenger_type_name":"成人","mobile_no":"15256068968","phone_no":"","email":"","address":"","postalcode":"","first_letter":"XJ","recordCount":"14","total_times":"99","index_id":"10","gat_born_date":"","gat_valid_date_start":"","gat_valid_date_end":"","gat_version":""},{"code":"12","passenger_name":"云玉芝","sex_code":"M","sex_name":"男","born_date":"2016-01-05 00:00:00","country_code":"CN","passenger_id_type_code":"1","passenger_id_type_name":"中国居民身份证","passenger_id_no":"342123196501201220","passenger_type":"1","passenger_flag":"0","passenger_type_name":"成人","mobile_no":"13613087212","phone_no":"","email":"","address":"","postalcode":"","first_letter":"YYZ","recordCount":"14","total_times":"99","index_id":"11","gat_born_date":"","gat_valid_date_start":"","gat_valid_date_end":"","gat_version":""},{"code":"14","passenger_name":"朱宝","sex_code":"F","sex_name":"女","born_date":"1993-07-12 00:00:00","country_code":"CN","passenger_id_type_code":"1","passenger_id_type_name":"中国居民身份证","passenger_id_no":"342423199307124006","passenger_type":"1","passenger_flag":"0","passenger_type_name":"成人","mobile_no":"15755387063","phone_no":"","email":"","address":"","postalcode":"","first_letter":"ZB","recordCount":"14","total_times":"99","index_id":"12","gat_born_date":"","gat_valid_date_start":"","gat_valid_date_end":"","gat_version":""},{"code":"13","passenger_name":"张丽","sex_code":"F","sex_name":"女","born_date":"2015-06-20 00:00:00","country_code":"CN","passenger_id_type_code":"1","passenger_id_type_name":"中国居民身份证","passenger_id_no":"340881199210301225","passenger_type":"1","passenger_flag":"0","passenger_type_name":"成人","mobile_no":"18256091240","phone_no":"","email":"","address":"","postalcode":"","first_letter":"ZL","recordCount":"14","total_times":"99","index_id":"13","gat_born_date":"","gat_valid_date_start":"","gat_valid_date_end":"","gat_version":""}],"dj_passengers":[]},"messages":[],"validateMessages":{}} (logger.py:61)
[2018-11-26 22:53:52,658][    INFO] --- url: /otn/confirmPassenger/autoSubmitOrderRequest
入参: OrderedDict([('secretStr', u'r1zdekDUPcOKZ7/Vvt5dsdPYopXEPw/dKsnqQk0uX+vSGfDLsCS5eIcPGr0ZYq+SQ9Ux1kq7yfrt\n9FGMwZuLCYwx6oNTWiUfHrgtI3wLErxyVESHn3ZHD7xRpS1KJQfq/OYTRzULyiew5uPXajlCTme0\nqG1jbHAPY+U8CJyqxWg7Lm318HAoTidAW747GdA18QOKzhgPMlmi3zik56ceJjRCEZMBaubg2EML\nLTyVHPOeY4pYsrM+mkEJAUq1znDY'), ('train_date', '2018-11-28'), ('tour_flag', 'dc'), ('purpose_codes', 'ADULT'), ('query_from_station_name', u'VNP'), ('query_to_station_name', u'NKH'), ('cancel_flag', 2), ('bed_level_order_num', '000000000000000000000000000000'), ('passengerTicketStr', u'O,0,1,\u535e\u4e1c\u6d77,1,342201199012057214,,N'), ('oldPassengerStr', u'\u535e\u4e1c\u6d77,1,342201199012057214,1_')])
请求方式: post
 (logger.py:61)
[2018-11-26 22:53:53,106][    INFO] --- 出参：{"validateMessagesShowId":"_validatorMessage","status":true,"httpstatus":200,"data":{"result":"P2#6DD98AEE43D07DF54B2336F7EF5A93467BAE999F5720C92360E12C3C#sK7DZ9%2FrffSzpdDl7z1xJDP85yJUm3q4e%2BsPToG0a9ljQOXW#1","ifShowPassCode":"N","canChooseBeds":"N","canChooseSeats":"Y","choose_Seats":"OM","isCanChooseMid":"N","ifShowPassCodeTime":"2358","submitStatus":true,"smokeStr":""},"messages":[],"validateMessages":{}} (logger.py:61)
[2018-11-26 22:53:53,116][    INFO] --- url: /otn/confirmPassenger/getQueueCountAsync
入参: OrderedDict([('train_date', ('Wed Nov 28 2018 00:00:00 GMT+0800 (\xe4\xb8\xad\xe5\x9b\xbd\xe6\xa0\x87\xe5\x87\x86\xe6\x97\xb6\xe9\x97\xb4)',)), ('train_no', u'240000G1010H'), ('stationTrainCode', u'G101'), ('seatType', 'O'), ('fromStationTelecode', u'VNP'), ('toStationTelecode', u'NKH'), ('leftTicket', u'sK7DZ9%2FrffSzpdDl7z1xJDP85yJUm3q4e%2BsPToG0a9ljQOXW'), ('purpose_codes', 'ADULT'), ('_json_att', '')])
请求方式: post
 (logger.py:61)
[2018-11-26 22:53:53,515][    INFO] --- 出参：{"validateMessagesShowId":"_validatorMessage","status":true,"httpstatus":200,"data":{"count":"2","ticket":"128","op_2":"false","countT":"0","op_1":"true"},"messages":[],"validateMessages":{}} (logger.py:61)
[2018-11-26 22:53:55,876][    INFO] --- url: /otn/confirmPassenger/confirmSingleForQueueAsys
入参: OrderedDict([('passengerTicketStr', u'O,0,1,\u535e\u4e1c\u6d77,1,342201199012057214,,N'), ('oldPassengerStr', u'\u535e\u4e1c\u6d77,1,342201199012057214,1_'), ('randCode', ''), ('purpose_codes', 'ADULT'), ('key_check_isChange', '6DD98AEE43D07DF54B2336F7EF5A93467BAE999F5720C92360E12C3C'), ('leftTicketStr', 'sK7DZ9%2FrffSzpdDl7z1xJDP85yJUm3q4e%2BsPToG0a9ljQOXW'), ('train_location', 'P2'), ('choose_seats', ''), ('seatDetailType', ''), ('_json_att', '')])
请求方式: post
 (logger.py:61)
[2018-11-26 22:53:56,176][    INFO] --- 出参：{"validateMessagesShowId":"_validatorMessage","status":true,"httpstatus":200,"data":{"submitStatus":true},"messages":[],"validateMessages":{}} (logger.py:61)
[2018-11-26 22:53:56,177][    INFO] --- url: /otn/confirmPassenger/queryOrderWaitTime?random=1543244036177&tourFlag=dc&_json_att=
入参: None
请求方式: get
 (logger.py:61)
[2018-11-26 22:53:56,368][    INFO] --- 出参：{"validateMessagesShowId":"_validatorMessage","status":true,"httpstatus":200,"data":{"queryOrderWaitTimeStatus":true,"count":0,"waitTime":4,"requestId":6472834545226472160,"waitCount":0,"tourFlag":"dc","orderId":null},"messages":[],"validateMessages":{}} (logger.py:61)
[2018-11-26 22:54:39,067][    INFO] --- url: /otn/confirmPassenger/queryOrderWaitTime?random=1543244078365&tourFlag=dc&_json_att=
入参: None
请求方式: get
 (logger.py:61)
[2018-11-26 22:54:39,493][    INFO] --- 出参：{"validateMessagesShowId":"_validatorMessage","status":true,"httpstatus":200,"data":{"queryOrderWaitTimeStatus":true,"count":0,"waitTime":-1,"requestId":6472834545226472160,"waitCount":0,"tourFlag":"dc","orderId":"E434985328"},"messages":[],"validateMessages":{}} (logger.py:61)
