[2018-10-27 12:44:39,671][    INFO] --- url: /passport/web/auth/uamtk
入参: {'appid': 'otn'}
请求方式: post
 (logger.py:61)
[2018-10-27 12:44:39,874][    INFO] --- 出参：{"result_message":"用户未登录","result_code":1} (logger.py:61)
[2018-10-27 12:44:39,875][    INFO] --- url: /passport/captcha/captcha-check
入参: {'answer': '184,45,256,48', 'rand': 'sjrand', 'login_site': 'E'}
请求方式: post
 (logger.py:61)
[2018-10-27 12:44:40,112][    INFO] --- 出参：{"result_message":"验证码校验成功","result_code":"4"} (logger.py:61)
[2018-10-27 12:44:40,113][    INFO] --- url: /passport/web/login
入参: {'username': 'b624345050', 'password': '530530', 'appid': 'otn'}
请求方式: post
 (logger.py:61)
[2018-10-27 12:44:40,369][    INFO] --- 出参：{"result_message":"登录成功","result_code":0,"uamtk":"8usty8TXzLPHtk0H2Jxg81ZHMILl99xA_vwl6Q64b1b0"} (logger.py:61)
[2018-10-27 12:44:40,370][    INFO] --- url: /passport/web/auth/uamtk
入参: {'appid': 'otn'}
请求方式: post
 (logger.py:61)
[2018-10-27 12:44:40,573][    INFO] --- 出参：{"result_message":"验证通过","result_code":0,"apptk":null,"newapptk":"Cq71OBoxp888AGplLwceAfSUlK2rmZE6SNxU7gweb1b0"} (logger.py:61)
[2018-10-27 12:44:40,576][    INFO] --- url: /otn/uamauthclient
入参: {'tk': u'Cq71OBoxp888AGplLwceAfSUlK2rmZE6SNxU7gweb1b0'}
请求方式: post
 (logger.py:61)
[2018-10-27 12:44:40,767][    INFO] --- 出参：{"apptk":"Cq71OBoxp888AGplLwceAfSUlK2rmZE6SNxU7gweb1b0","result_code":0,"result_message":"验证通过","username":"卞东海"} (logger.py:61)
[2018-10-27 12:44:40,768][    INFO] --- url: /otn/login/checkUser
入参: {'_json_att': ''}
请求方式: post
 (logger.py:61)
[2018-10-27 12:44:40,959][    INFO] --- 出参：{"validateMessagesShowId":"_validatorMessage","status":true,"httpstatus":200,"data":{"flag":true},"messages":[],"validateMessages":{}} (logger.py:61)
[2018-10-27 12:44:54,488][    INFO] --- 武昌-长沙 车次坐席查询为空 (GetTrainStatus.py:163)
[2018-10-27 12:45:08,068][    INFO] --- 广水-岳阳 车次坐席查询为空 (GetTrainStatus.py:163)
[2018-10-27 12:45:23,628][    INFO] --- 广水-长沙 车次坐席查询为空 (GetTrainStatus.py:163)
[2018-10-27 12:45:37,469][    INFO] --- 广水-衡阳 车次坐席查询为空 (GetTrainStatus.py:163)
[2018-10-27 12:45:49,961][    INFO] --- 广水-永州 车次坐席查询为空 (GetTrainStatus.py:163)
[2018-10-27 12:46:04,215][    INFO] --- 孝感-岳阳 车次坐席查询为空 (GetTrainStatus.py:163)
[2018-10-27 12:46:26,491][    INFO] --- url: /passport/web/auth/uamtk
入参: {'appid': 'otn'}
请求方式: post
 (logger.py:61)
[2018-10-27 12:46:26,656][    INFO] --- 出参：{"result_message":"用户未登录","result_code":1} (logger.py:61)
[2018-10-27 12:46:26,657][    INFO] --- url: /passport/captcha/captcha-check
入参: {'answer': '105,46,184,45', 'rand': 'sjrand', 'login_site': 'E'}
请求方式: post
 (logger.py:61)
[2018-10-27 12:46:26,965][    INFO] --- 出参：{"result_message":"验证码校验成功","result_code":"4"} (logger.py:61)
[2018-10-27 12:46:26,966][    INFO] --- url: /passport/web/login
入参: {'username': 'b624345050', 'password': '530530', 'appid': 'otn'}
请求方式: post
 (logger.py:61)
[2018-10-27 12:46:27,154][    INFO] --- 出参：{"result_message":"登录成功","result_code":0,"uamtk":"b23FnUeJJYTAnIFFzG0lTsxhhY9rjMvYRNu2nAnxb1b0"} (logger.py:61)
[2018-10-27 12:46:27,155][    INFO] --- url: /passport/web/auth/uamtk
入参: {'appid': 'otn'}
请求方式: post
 (logger.py:61)
[2018-10-27 12:46:27,479][    INFO] --- 出参：{"result_message":"验证通过","result_code":0,"apptk":null,"newapptk":"3w4_I6QFyzO0gssEvUHVDoLf5CHFQwwN7xDPTw92b1b0"} (logger.py:61)
[2018-10-27 12:46:27,480][    INFO] --- url: /otn/uamauthclient
入参: {'tk': u'3w4_I6QFyzO0gssEvUHVDoLf5CHFQwwN7xDPTw92b1b0'}
请求方式: post
 (logger.py:61)
[2018-10-27 12:46:27,784][    INFO] --- 出参：{"apptk":"3w4_I6QFyzO0gssEvUHVDoLf5CHFQwwN7xDPTw92b1b0","result_code":0,"result_message":"验证通过","username":"卞东海"} (logger.py:61)
[2018-10-27 12:46:27,785][    INFO] --- url: /otn/login/checkUser
入参: {'_json_att': ''}
请求方式: post
 (logger.py:61)
[2018-10-27 12:46:27,950][    INFO] --- 出参：{"validateMessagesShowId":"_validatorMessage","status":true,"httpstatus":200,"data":{"flag":true},"messages":[],"validateMessages":{}} (logger.py:61)
[2018-10-27 12:46:46,361][    INFO] --- 武昌-长沙 车次坐席查询为空 (GetTrainStatus.py:164)
[2018-10-27 12:50:21,144][    INFO] --- url: /passport/web/auth/uamtk
入参: {'appid': 'otn'}
请求方式: post
 (logger.py:61)
[2018-10-27 12:50:21,394][    INFO] --- 出参：{"result_message":"用户未登录","result_code":1} (logger.py:61)
[2018-10-27 12:50:21,395][    INFO] --- url: /passport/captcha/captcha-check
入参: {'answer': '184,45', 'rand': 'sjrand', 'login_site': 'E'}
请求方式: post
 (logger.py:61)
[2018-10-27 12:50:21,575][    INFO] --- 出参：{"result_message":"验证码校验成功","result_code":"4"} (logger.py:61)
[2018-10-27 12:50:21,575][    INFO] --- url: /passport/web/login
入参: {'username': 'b624345050', 'password': '530530', 'appid': 'otn'}
请求方式: post
 (logger.py:61)
[2018-10-27 12:50:21,877][    INFO] --- 出参：{"result_message":"登录成功","result_code":0,"uamtk":"phynGE6wrBPNJW7esieXOzhavG_gtbLUfXNZ9wdqb2b0"} (logger.py:61)
[2018-10-27 12:50:21,877][    INFO] --- url: /passport/web/auth/uamtk
入参: {'appid': 'otn'}
请求方式: post
 (logger.py:61)
[2018-10-27 12:50:22,088][    INFO] --- 出参：{"result_message":"验证通过","result_code":0,"apptk":null,"newapptk":"A8T_8N-A60TfDxDEDCToM9BmP9fjNJ6x2YSYrgweb2b0"} (logger.py:61)
[2018-10-27 12:50:22,089][    INFO] --- url: /otn/uamauthclient
入参: {'tk': u'A8T_8N-A60TfDxDEDCToM9BmP9fjNJ6x2YSYrgweb2b0'}
请求方式: post
 (logger.py:61)
[2018-10-27 12:50:22,391][    INFO] --- 出参：{"apptk":"A8T_8N-A60TfDxDEDCToM9BmP9fjNJ6x2YSYrgweb2b0","result_code":0,"result_message":"验证通过","username":"卞东海"} (logger.py:61)
[2018-10-27 12:50:22,391][    INFO] --- url: /otn/login/checkUser
入参: {'_json_att': ''}
请求方式: post
 (logger.py:61)
[2018-10-27 12:50:22,590][    INFO] --- 出参：{"validateMessagesShowId":"_validatorMessage","status":true,"httpstatus":200,"data":{"flag":true},"messages":[],"validateMessages":{}} (logger.py:61)
[2018-10-27 12:50:24,378][    INFO] --- 车次配置信息: 武昌 --> 长沙 时间: 2018-10-28 有误，或者返回数据异常，请检查: ["", "预订", "24000000Z50A", "Z5", "BXP", "NNZ", "WCN", "CSQ", "02:58", "06:13", "03:15", "N", "6WswHVN3e%2B8o0xYiNE7b0gwPpcC2XhgY", "20181027", "3", "P4", "04", "05", "0", "0", "", "", "", "无", "", "", "", "", "无", "", "", "", "", "", "4030", "43", "0"]  (GetTrainStatus.py:172)
[2018-10-27 12:50:24,381][    INFO] --- 车次配置信息: 武昌 --> 长沙 时间: 2018-10-28 有误，或者返回数据异常，请检查: ["", "列车停运", "760000Z12407", "Z121", "CDW", "GZQ", "HKN", "CSQ", "24:00", "24:00", "99:59", "IS_TIME_NOT_BUY", "", "20181027", "", "W1", "07", "09", "0", "1", "", "", "", "", "", "", "", "", "", "", "", "", "", "", "", "", "0"]  (GetTrainStatus.py:172)
[2018-10-27 12:50:24,382][    INFO] --- 车次配置信息: 武昌 --> 长沙 时间: 2018-10-28 有误，或者返回数据异常，请检查: ["", "预订", "77000G131406", "G1314", "CUW", "IOQ", "HKN", "CWQ", "14:41", "16:52", "02:11", "N", "tLO83gghwDZhBey0wpGwi3zzUSr0aj93Fd6bQKh%2FZL8Uv%2F1Q", "20181028", "3", "W1", "10", "14", "0", "0", "", "", "", "", "", "", "", "", "", "", "无", "无", "无", "", "O0M090", "OM9", "1"]  (GetTrainStatus.py:172)
[2018-10-27 12:50:24,383][    INFO] --- 车次配置信息: 武昌 --> 长沙 时间: 2018-10-28 有误，或者返回数据异常，请检查: ["", "列车停运", "4e000G152305", "G1523", "WHN", "KQW", "WHN", "CWQ", "24:00", "24:00", "99:59", "IS_TIME_NOT_BUY", "", "20181028", "", "N4", "01", "03", "0", "1", "", "", "", "", "", "", "", "", "", "", "", "", "", "", "", "", "1"]  (GetTrainStatus.py:172)
[2018-10-27 12:50:30,772][    INFO] --- 车次配置信息: 孝感 --> 长沙 时间: 2018-10-28 有误，或者返回数据异常，请检查: ["", "预订", "8d0000G83405", "G831", "LAJ", "IZQ", "XJN", "CWQ", "15:33", "17:39", "02:06", "N", "ghV1j8LTuf2k%2Bdz5uVyiaRDd%2FDbDM6jBTcpkYLRA9159wWWq", "20181028", "3", "J1", "14", "17", "1", "0", "", "", "", "", "", "", "", "", "", "", "无", "无", "无", "", "O0M090", "OM9", "1"]  (GetTrainStatus.py:172)
[2018-10-27 12:50:31,542][    INFO] --- 车次配置信息: 孝感 --> 衡阳 时间: 2018-10-28 有误，或者返回数据异常，请检查: ["", "预订", "2400000G710O", "G71", "BXP", "NZQ", "XJN", "HVQ", "12:34", "15:06", "02:32", "N", "A%2BjWVZu6%2B2rkUGmXjM13PfkJY78LA1UverDOdFl335CRRM9nfBtLMINX1wY%3D", "20181028", "3", "P2", "11", "14", "1", "0", "", "", "", "", "", "", "无", "", "", "", "无", "无", "无", "", "O090M0O0", "O9MO", "0"]  (GetTrainStatus.py:172)
[2018-10-27 12:50:31,542][    INFO] --- 车次配置信息: 孝感 --> 衡阳 时间: 2018-10-28 有误，或者返回数据异常，请检查: ["", "预订", "8d0000G83405", "G831", "LAJ", "IZQ", "XJN", "HVQ", "15:33", "18:20", "02:47", "N", "SfgKNoKGHtxK8MQMvEkX3NPoMGkxZP4DvX543cFODMkEw2tT", "20181028", "3", "J1", "14", "18", "1", "0", "", "", "", "", "", "", "", "", "", "", "无", "无", "无", "", "O0M090", "OM9", "1"]  (GetTrainStatus.py:172)
[2018-10-27 12:50:35,234][    INFO] --- 车次配置信息: 武昌 --> 岳阳 时间: 2018-10-28 有误，或者返回数据异常，请检查: ["", "列车停运", "760000Z12407", "Z121", "CDW", "GZQ", "HKN", "YYQ", "24:00", "24:00", "99:59", "IS_TIME_NOT_BUY", "", "20181027", "", "W1", "07", "08", "0", "1", "", "", "", "", "", "", "", "", "", "", "", "", "", "", "", "", "0"]  (GetTrainStatus.py:172)
[2018-10-27 12:50:36,004][    INFO] --- 车次配置信息: 武昌 --> 衡阳 时间: 2018-10-28 有误，或者返回数据异常，请检查: ["", "预订", "24000000Z50A", "Z5", "BXP", "NNZ", "WCN", "HYQ", "02:58", "08:14", "05:16", "N", "0c1A%2F8zrcE17lsJznFhuHWyco6FqJtWi", "20181027", "3", "P4", "04", "06", "0", "0", "", "", "", "无", "", "", "", "", "无", "", "", "", "", "", "4030", "43", "0"]  (GetTrainStatus.py:172)
[2018-10-27 12:50:36,006][    INFO] --- 车次配置信息: 武昌 --> 衡阳 时间: 2018-10-28 有误，或者返回数据异常，请检查: ["", "预订", "5l000G154501", "G1545", "NKH", "NFZ", "WHN", "HVQ", "11:50", "14:03", "02:13", "N", "UYKs0Cv3%2BJP%2F9s0asc2xxKYMmBpQbzOFwxsoaUzznRhi2a6P", "20181028", "3", "H6", "05", "09", "1", "0", "", "", "", "", "", "", "", "", "", "", "无", "无", "无", "", "O0M090", "OM9", "0"]  (GetTrainStatus.py:172)
[2018-10-27 12:50:36,007][    INFO] --- 车次配置信息: 武昌 --> 衡阳 时间: 2018-10-28 有误，或者返回数据异常，请检查: ["", "预订", "4e000G10130A", "G1013", "WHN", "IOQ", "WHN", "HVQ", "12:07", "14:25", "02:18", "N", "UYKs0Cv3%2BJP%2F9s0asc2xxKYMmBpQbzOFwxsoaUzznRhi2a6P", "20181028", "3", "N4", "01", "05", "1", "0", "", "", "", "", "", "", "", "", "", "", "无", "无", "无", "", "O0M090", "OM9", "0"]  (GetTrainStatus.py:172)
[2018-10-27 12:50:36,007][    INFO] --- 车次配置信息: 武昌 --> 衡阳 时间: 2018-10-28 有误，或者返回数据异常，请检查: ["", "预订", "260000G4230D", "G423", "SJP", "NFZ", "WHN", "HVQ", "12:14", "14:36", "02:22", "N", "UYKs0Cv3%2BJP%2F9s0asc2xxKYMmBpQbzOFwxsoaUzznRhi2a6P", "20181028", "3", "P3", "10", "15", "1", "0", "", "", "", "", "", "", "", "", "", "", "无", "无", "无", "", "O0M090", "OM9", "0"]  (GetTrainStatus.py:172)
[2018-10-27 12:50:36,008][    INFO] --- 车次配置信息: 武昌 --> 衡阳 时间: 2018-10-28 有误，或者返回数据异常，请检查: ["", "预订", "2400000G710O", "G71", "BXP", "NZQ", "WHN", "HVQ", "13:08", "15:06", "01:58", "N", "gzTNBvZ%2Blu0vis5OCQw6tUKLFAZQGrD8EB0Dq9BUhGio05CIoQWNIkwXeLI%3D", "20181028", "3", "P2", "12", "14", "1", "0", "", "", "", "", "", "", "无", "", "", "", "无", "无", "无", "", "O090O0M0", "O9OM", "0"]  (GetTrainStatus.py:172)
[2018-10-27 12:50:36,009][    INFO] --- 车次配置信息: 武昌 --> 衡阳 时间: 2018-10-28 有误，或者返回数据异常，请检查: ["", "预订", "4f0000G8200F", "G817", "EAY", "IOQ", "WHN", "HVQ", "14:27", "16:38", "02:11", "N", "uyusUfbtJiUCaG8rFWwPTK6PHJyhdV5G6h9HlxfoC5P%2Flkhz", "20181028", "3", "Y2", "10", "13", "1", "0", "", "", "", "", "", "无", "", "", "", "", "无", "无", "", "", "O0M0P0", "OMP", "0"]  (GetTrainStatus.py:172)
[2018-10-27 12:50:36,009][    INFO] --- 车次配置信息: 武昌 --> 衡阳 时间: 2018-10-28 有误，或者返回数据异常，请检查: ["", "预订", "77000G131406", "G1314", "CUW", "IOQ", "HKN", "HVQ", "14:41", "17:39", "02:58", "N", "4YaxZEObJuDQlvkooanrqK0wyBGi3TX8nd5fcuPd%2FbQrQnhP", "20181028", "3", "W1", "10", "16", "0", "0", "", "", "", "", "", "", "", "", "", "", "无", "无", "无", "", "O0M090", "OM9", "1"]  (GetTrainStatus.py:172)
[2018-10-27 12:50:36,010][    INFO] --- 车次配置信息: 武昌 --> 衡阳 时间: 2018-10-28 有误，或者返回数据异常，请检查: ["", "预订", "240000G4210I", "G421", "BXP", "NFZ", "WHN", "HVQ", "14:44", "17:06", "02:22", "N", "UYKs0Cv3%2BJP%2F9s0asc2xxKYMmBpQbzOFwxsoaUzznRhi2a6P", "20181028", "3", "P3", "10", "14", "1", "0", "", "", "", "", "", "", "", "", "", "", "无", "无", "无", "", "O0M090", "OM9", "0"]  (GetTrainStatus.py:172)
[2018-10-27 12:50:36,011][    INFO] --- 车次配置信息: 武昌 --> 衡阳 时间: 2018-10-28 有误，或者返回数据异常，请检查: ["", "预订", "4p0000G43308", "G433", "JGK", "NFZ", "WHN", "HVQ", "14:49", "17:11", "02:22", "N", "UYKs0Cv3%2BJP%2F9s0asc2xxKYMmBpQbzOFwxsoaUzznRhi2a6P", "20181028", "3", "K1", "15", "19", "1", "0", "", "", "", "", "", "", "", "", "", "", "无", "无", "无", "", "O0M090", "OM9", "0"]  (GetTrainStatus.py:172)
[2018-10-27 12:50:36,011][    INFO] --- 车次配置信息: 武昌 --> 衡阳 时间: 2018-10-28 有误，或者返回数据异常，请检查: ["", "预订", "490000G2780C", "G275", "QDK", "IZQ", "WHN", "HVQ", "14:55", "17:02", "02:07", "N", "gzTNBvZ%2Blu0vis5OCQw6tUKLFAZQGrD8EB0Dq9BUhGio05CIoQWNIkwXeLI%3D", "20181028", "3", "K1", "16", "19", "1", "0", "", "", "", "", "", "", "无", "", "", "", "无", "无", "无", "", "O090O0M0", "O9OM", "1"]  (GetTrainStatus.py:172)
[2018-10-27 12:50:36,012][    INFO] --- 车次配置信息: 武昌 --> 衡阳 时间: 2018-10-28 有误，或者返回数据异常，请检查: ["", "预订", "4f0000G8240K", "G821", "EAY", "IOQ", "WHN", "HVQ", "15:40", "17:47", "02:07", "N", "UYKs0Cv3%2BJP%2F9s0asc2xxKYMmBpQbzOFwxsoaUzznRhi2a6P", "20181028", "3", "Y2", "08", "11", "1", "0", "", "", "", "", "", "", "", "", "", "", "无", "无", "无", "", "O0M090", "OM9", "0"]  (GetTrainStatus.py:172)
[2018-10-27 12:50:36,013][    INFO] --- 车次配置信息: 武昌 --> 衡阳 时间: 2018-10-28 有误，或者返回数据异常，请检查: ["", "预订", "8d0000G83405", "G831", "LAJ", "IZQ", "WHN", "HVQ", "16:12", "18:20", "02:08", "N", "UYKs0Cv3%2BJP%2F9s0asc2xxKYMmBpQbzOFwxsoaUzznRhi2a6P", "20181028", "3", "J1", "15", "18", "1", "0", "", "", "", "", "", "", "", "", "", "", "无", "无", "无", "", "O0M090", "OM9", "1"]  (GetTrainStatus.py:172)
[2018-10-27 12:50:36,013][    INFO] --- 车次配置信息: 武昌 --> 衡阳 时间: 2018-10-28 有误，或者返回数据异常，请检查: ["", "预订", "380000G5450A", "G545", "ZAF", "ZHQ", "WHN", "HVQ", "16:19", "18:25", "02:06", "N", "UYKs0Cv3%2BJP%2F9s0asc2xxKYMmBpQbzOFwxsoaUzznRhi2a6P", "20181028", "3", "F1", "04", "07", "1", "0", "", "", "", "", "", "", "", "", "", "", "无", "无", "无", "", "O0M090", "OM9", "1"]  (GetTrainStatus.py:172)
[2018-10-27 12:50:36,014][    INFO] --- 车次配置信息: 武昌 --> 衡阳 时间: 2018-10-28 有误，或者返回数据异常，请检查: ["", "预订", "3800000G750A", "G75", "ADF", "IOQ", "WHN", "HVQ", "16:48", "19:00", "02:12", "N", "UYKs0Cv3%2BJP%2F9s0asc2xxKYMmBpQbzOFwxsoaUzznRhi2a6P", "20181028", "3", "F1", "09", "13", "1", "0", "", "", "", "", "", "", "", "", "", "", "无", "无", "无", "", "O0M090", "OM9", "1"]  (GetTrainStatus.py:172)
[2018-10-27 12:50:36,014][    INFO] --- 车次配置信息: 武昌 --> 衡阳 时间: 2018-10-28 有误，或者返回数据异常，请检查: ["", "预订", "5l000G174711", "G1747", "BMH", "IZQ", "WHN", "HVQ", "19:12", "21:36", "02:24", "N", "UYKs0Cv3%2BJP%2F9s0asc2xxKYMmBpQbzOFwxsoaUzznRhi2a6P", "20181028", "3", "H6", "08", "13", "1", "0", "", "", "", "", "", "", "", "", "", "", "无", "无", "无", "", "O0M090", "OM9", "1"]  (GetTrainStatus.py:172)
[2018-10-27 12:50:36,732][    INFO] --- 车次配置信息: 武昌 --> 永州 时间: 2018-10-28 有误，或者返回数据异常，请检查: ["", "预订", "24000000Z50A", "Z5", "BXP", "NNZ", "WCN", "AOQ", "02:58", "09:42", "06:44", "N", "qMMzWxpt2G6bbTilw0I1y3lebGKmaICx", "20181027", "3", "P4", "04", "07", "0", "0", "", "", "", "无", "", "", "", "", "无", "", "", "", "", "", "4030", "43", "0"]  (GetTrainStatus.py:172)
[2018-10-27 12:50:36,733][    INFO] --- 车次配置信息: 武昌 --> 永州 时间: 2018-10-28 有误，或者返回数据异常，请检查: ["", "预订", "5l000G154501", "G1545", "NKH", "NFZ", "WHN", "AOQ", "11:50", "15:11", "03:21", "N", "sAmxMSo1%2B4Mo%2BSXbV7AEWbWjjlD7cscosyraLVFXl0cJgtpA", "20181028", "3", "H6", "05", "12", "0", "0", "", "", "", "", "", "", "", "", "", "", "无", "无", "无", "", "O0M090", "OM9", "0"]  (GetTrainStatus.py:172)
[2018-10-27 12:50:36,733][    INFO] --- 车次配置信息: 武昌 --> 永州 时间: 2018-10-28 有误，或者返回数据异常，请检查: ["", "预订", "260000G4230D", "G423", "SJP", "NFZ", "WHN", "AOQ", "12:14", "15:38", "03:24", "N", "sAmxMSo1%2B4Mo%2BSXbV7AEWbWjjlD7cscosyraLVFXl0cJgtpA", "20181028", "3", "P3", "10", "17", "0", "0", "", "", "", "", "", "", "", "", "", "", "无", "无", "无", "", "O0M090", "OM9", "0"]  (GetTrainStatus.py:172)
[2018-10-27 12:50:36,734][    INFO] --- 车次配置信息: 武昌 --> 永州 时间: 2018-10-28 有误，或者返回数据异常，请检查: ["", "预订", "240000G4210I", "G421", "BXP", "NFZ", "WHN", "AOQ", "14:44", "18:08", "03:24", "N", "sAmxMSo1%2B4Mo%2BSXbV7AEWbWjjlD7cscosyraLVFXl0cJgtpA", "20181028", "3", "P3", "10", "16", "0", "0", "", "", "", "", "", "", "", "", "", "", "无", "无", "无", "", "O0M090", "OM9", "0"]  (GetTrainStatus.py:172)
[2018-10-27 12:50:36,734][    INFO] --- 车次配置信息: 武昌 --> 永州 时间: 2018-10-28 有误，或者返回数据异常，请检查: ["", "预订", "4p0000G43308", "G433", "JGK", "NFZ", "WHN", "AOQ", "14:49", "18:16", "03:27", "N", "sAmxMSo1%2B4Mo%2BSXbV7AEWbWjjlD7cscosyraLVFXl0cJgtpA", "20181028", "3", "K1", "15", "21", "0", "0", "", "", "", "", "", "", "", "", "", "", "无", "无", "无", "", "O0M090", "OM9", "0"]  (GetTrainStatus.py:172)
