[2018-10-11 00:21:07,751][    INFO] --- url: /passport/web/auth/uamtk
入参: {'appid': 'otn'}
请求方式: post
 (logger.py:61)
[2018-10-11 00:21:07,928][    INFO] --- 出参：{"result_message":"系统维护时间","result_code":-4} (logger.py:61)
[2018-10-11 00:21:07,928][    INFO] --- url: /passport/captcha/captcha-check
入参: {'answer': None, 'rand': 'sjrand', 'login_site': 'E'}
请求方式: post
 (logger.py:61)
[2018-10-11 00:21:08,119][    INFO] --- 出参：{"result_message":"系统维护时间","result_code":-4} (logger.py:61)
[2018-10-11 00:22:32,987][    INFO] --- url: /passport/web/auth/uamtk
入参: {'appid': 'otn'}
请求方式: post
 (logger.py:61)
[2018-10-11 00:22:33,286][    INFO] --- 出参：{"result_message":"系统维护时间","result_code":-4} (logger.py:61)
[2018-10-11 00:22:33,287][    INFO] --- url: /passport/captcha/captcha-check
入参: {'answer': None, 'rand': 'sjrand', 'login_site': 'E'}
请求方式: post
 (logger.py:61)
[2018-10-11 00:22:33,454][    INFO] --- 出参：{"result_message":"系统维护时间","result_code":-4} (logger.py:61)
[2018-10-11 00:23:35,224][    INFO] --- url: /passport/web/auth/uamtk
入参: {'appid': 'otn'}
请求方式: post
 (logger.py:61)
[2018-10-11 00:23:35,250][    INFO] --- url: /passport/web/auth/uamtk
入参: {'appid': 'otn'}
请求方式: post
 (logger.py:61)
[2018-10-11 00:23:35,610][    INFO] --- 出参：{"result_message":"系统维护时间","result_code":-4} (logger.py:61)
[2018-10-11 00:23:35,610][    INFO] --- url: /passport/captcha/captcha-check
入参: {'answer': None, 'rand': 'sjrand', 'login_site': 'E'}
请求方式: post
 (logger.py:61)
[2018-10-11 00:23:35,611][    INFO] --- 出参：{"result_message":"系统维护时间","result_code":-4} (logger.py:61)
[2018-10-11 00:23:35,612][    INFO] --- url: /passport/captcha/captcha-check
入参: {'answer': None, 'rand': 'sjrand', 'login_site': 'E'}
请求方式: post
 (logger.py:61)
[2018-10-11 00:23:35,792][    INFO] --- 出参：{"result_message":"系统维护时间","result_code":-4} (logger.py:61)
[2018-10-11 00:23:35,802][    INFO] --- 出参：{"result_message":"系统维护时间","result_code":-4} (logger.py:61)
[2018-10-11 00:24:34,865][    INFO] --- url: /passport/web/auth/uamtk
入参: {'appid': 'otn'}
请求方式: post
 (logger.py:61)
[2018-10-11 00:24:35,140][    INFO] --- 出参：{"result_message":"系统维护时间","result_code":-4} (logger.py:61)
[2018-10-11 00:24:35,141][    INFO] --- url: /passport/captcha/captcha-check
入参: {'answer': None, 'rand': 'sjrand', 'login_site': 'E'}
请求方式: post
 (logger.py:61)
[2018-10-11 00:24:35,302][    INFO] --- 出参：{"result_message":"系统维护时间","result_code":-4} (logger.py:61)
