[2018-10-12 13:18:27,169][    INFO] --- url: /passport/web/auth/uamtk
入参: {'appid': 'otn'}
请求方式: post
 (logger.py:61)
[2018-10-12 13:18:27,346][    INFO] --- 出参：{"result_message":"用户未登录","result_code":1} (logger.py:61)
[2018-10-12 13:18:27,347][    INFO] --- url: /passport/captcha/captcha-check
入参: {'answer': '252,111', 'rand': 'sjrand', 'login_site': 'E'}
请求方式: post
 (logger.py:61)
[2018-10-12 13:18:27,523][    INFO] --- 出参：{"result_message":"验证码校验成功","result_code":"4"} (logger.py:61)
[2018-10-12 13:18:27,523][    INFO] --- url: /passport/web/login
入参: {'username': 'b624345050', 'password': '530530', 'appid': 'otn'}
请求方式: post
 (logger.py:61)
[2018-10-12 13:18:27,706][    INFO] --- 出参：{"result_message":"登录成功","result_code":0,"uamtk":"CfnQH5CcxrJcU6tvwi3WUPsNXATl_WmBuao27wgab1b0"} (logger.py:61)
[2018-10-12 13:18:27,707][    INFO] --- url: /passport/web/auth/uamtk
入参: {'appid': 'otn'}
请求方式: post
 (logger.py:61)
[2018-10-12 13:18:27,880][    INFO] --- 出参：{"result_message":"验证通过","result_code":0,"apptk":null,"newapptk":"HnWQox1KZRzSOyyhDc7xm080N_qle1rkVwDjYgplb1b0"} (logger.py:61)
[2018-10-12 13:18:27,880][    INFO] --- url: /otn/uamauthclient
入参: {'tk': u'HnWQox1KZRzSOyyhDc7xm080N_qle1rkVwDjYgplb1b0'}
请求方式: post
 (logger.py:61)
[2018-10-12 13:18:28,067][    INFO] --- 出参：{"apptk":"HnWQox1KZRzSOyyhDc7xm080N_qle1rkVwDjYgplb1b0","result_code":0,"result_message":"验证通过","username":"卞东海"} (logger.py:61)
[2018-10-12 13:18:28,068][    INFO] --- url: /otn/login/checkUser
入参: {'_json_att': ''}
请求方式: post
 (logger.py:61)
[2018-10-12 13:18:28,235][    INFO] --- 出参：{"validateMessagesShowId":"_validatorMessage","status":true,"httpstatus":200,"data":{"flag":true},"messages":[],"validateMessages":{}} (logger.py:61)
[2018-10-12 13:18:55,523][    INFO] --- url: /passport/web/auth/uamtk
入参: {'appid': 'otn'}
请求方式: post
 (logger.py:61)
[2018-10-12 13:18:56,274][    INFO] --- 出参：{"result_message":"用户未登录","result_code":1} (logger.py:61)
[2018-10-12 13:18:56,274][    INFO] --- url: /passport/captcha/captcha-check
入参: {'answer': '117,36,256,48', 'rand': 'sjrand', 'login_site': 'E'}
请求方式: post
 (logger.py:61)
[2018-10-12 13:18:56,585][    INFO] --- 出参：{"result_message":"验证码校验失败","result_code":"5"} (logger.py:61)
[2018-10-12 13:19:07,127][    INFO] --- url: /passport/web/auth/uamtk
入参: {'appid': 'otn'}
请求方式: post
 (logger.py:61)
[2018-10-12 13:19:07,449][    INFO] --- 出参：{"result_message":"用户未登录","result_code":1} (logger.py:61)
[2018-10-12 13:19:07,450][    INFO] --- url: /passport/captcha/captcha-check
入参: {'answer': '256,48', 'rand': 'sjrand', 'login_site': 'E'}
请求方式: post
 (logger.py:61)
[2018-10-12 13:19:07,623][    INFO] --- 出参：{"result_message":"验证码校验失败","result_code":"5"} (logger.py:61)
[2018-10-12 13:19:16,735][    INFO] --- url: /passport/web/auth/uamtk
入参: {'appid': 'otn'}
请求方式: post
 (logger.py:61)
[2018-10-12 13:19:17,057][    INFO] --- 出参：{"result_message":"用户未登录","result_code":1} (logger.py:61)
[2018-10-12 13:19:17,057][    INFO] --- url: /passport/captcha/captcha-check
入参: {'answer': '42,46,105,46', 'rand': 'sjrand', 'login_site': 'E'}
请求方式: post
 (logger.py:61)
[2018-10-12 13:19:17,371][    INFO] --- 出参：{"result_message":"验证码校验成功","result_code":"4"} (logger.py:61)
[2018-10-12 13:19:17,372][    INFO] --- url: /passport/web/login
入参: {'username': 'b624345050', 'password': '530530', 'appid': 'otn'}
请求方式: post
 (logger.py:61)
[2018-10-12 13:19:17,552][    INFO] --- 出参：{"result_message":"登录成功","result_code":0,"uamtk":"9p-UWEJaZ9WOqIKk4JEmSWLV0tcsvRBPFnfMlQqrb1b0"} (logger.py:61)
[2018-10-12 13:19:17,552][    INFO] --- url: /passport/web/auth/uamtk
入参: {'appid': 'otn'}
请求方式: post
 (logger.py:61)
[2018-10-12 13:19:17,722][    INFO] --- 出参：{"result_message":"验证通过","result_code":0,"apptk":null,"newapptk":"9UM7oBuHhdwRII5h3t7mB_5F7gBtD19G3sDwgwxhb1b0"} (logger.py:61)
[2018-10-12 13:19:17,722][    INFO] --- url: /otn/uamauthclient
入参: {'tk': u'9UM7oBuHhdwRII5h3t7mB_5F7gBtD19G3sDwgwxhb1b0'}
请求方式: post
 (logger.py:61)
[2018-10-12 13:19:17,902][    INFO] --- 出参：{"apptk":"9UM7oBuHhdwRII5h3t7mB_5F7gBtD19G3sDwgwxhb1b0","result_code":0,"result_message":"验证通过","username":"卞东海"} (logger.py:61)
[2018-10-12 13:19:17,902][    INFO] --- url: /otn/login/checkUser
入参: {'_json_att': ''}
请求方式: post
 (logger.py:61)
[2018-10-12 13:19:18,066][    INFO] --- 出参：{"validateMessagesShowId":"_validatorMessage","status":true,"httpstatus":200,"data":{"flag":true},"messages":[],"validateMessages":{}} (logger.py:61)
[2018-10-12 13:19:18,451][    INFO] --- url: /otn/confirmPassenger/getPassengerDTOs
入参: {}
请求方式: get
 (logger.py:61)
[2018-10-12 13:19:18,650][    INFO] --- 出参：{"validateMessagesShowId":"_validatorMessage","status":true,"httpstatus":200,"data":{"isExist":true,"exMsg":"","two_isOpenClick":["93","95","97","99"],"other_isOpenClick":["91","93","98","99","95","97"],"normal_passengers":[{"code":"1","passenger_name":"卞东海","sex_code":"M","sex_name":"男","born_date":"1990-12-05 00:00:00","country_code":"CN","passenger_id_type_code":"1","passenger_id_type_name":"中国居民身份证","passenger_id_no":"342201199012057214","passenger_type":"1","passenger_flag":"0","passenger_type_name":"成人","mobile_no":"","phone_no":"","email":"469529324@qq.com","address":"","postalcode":"","first_letter":"","recordCount":"14","total_times":"99","index_id":"0","gat_born_date":"","gat_valid_date_start":"","gat_valid_date_end":"","gat_version":""},{"code":"3","passenger_name":"卞和威","sex_code":"M","sex_name":"男","born_date":"2015-04-11 00:00:00","country_code":"CN","passenger_id_type_code":"1","passenger_id_type_name":"中国居民身份证","passenger_id_no":"342201199306157210","passenger_type":"1","passenger_flag":"0","passenger_type_name":"成人","mobile_no":"18355379372","phone_no":"","email":"","address":"","postalcode":"","first_letter":"BHW","recordCount":"14","total_times":"99","index_id":"1","gat_born_date":"","gat_valid_date_start":"","gat_valid_date_end":"","gat_version":""},{"code":"2","passenger_name":"卞荣伟","sex_code":"M","sex_name":"男","born_date":"2014-01-07 00:00:00","country_code":"CN","passenger_id_type_code":"1","passenger_id_type_name":"中国居民身份证","passenger_id_no":"342201196503157216","passenger_type":"1","passenger_flag":"0","passenger_type_name":"成人","mobile_no":"","phone_no":"","email":"","address":"","postalcode":"","first_letter":"BRW","recordCount":"14","total_times":"97","index_id":"2","gat_born_date":"","gat_valid_date_start":"","gat_valid_date_end":"","gat_version":""},{"code":"4","passenger_name":"蔡开连","sex_code":"M","sex_name":"男","born_date":"2016-01-27 00:00:00","country_code":"CN","passenger_id_type_code":"1","passenger_id_type_name":"中国居民身份证","passenger_id_no":"522427198711255483","passenger_type":"1","passenger_flag":"0","passenger_type_name":"成人","mobile_no":"15220144676","phone_no":"","email":"","address":"","postalcode":"","first_letter":"CKL","recordCount":"14","total_times":"99","index_id":"3","gat_born_date":"","gat_valid_date_start":"","gat_valid_date_end":"","gat_version":""},{"code":"5","passenger_name":"陈云","sex_code":"M","sex_name":"男","born_date":"2016-01-14 00:00:00","country_code":"CN","passenger_id_type_code":"1","passenger_id_type_name":"中国居民身份证","passenger_id_no":"341222199009096336","passenger_type":"1","passenger_flag":"0","passenger_type_name":"成人","mobile_no":"13613087212","phone_no":"","email":"","address":"","postalcode":"","first_letter":"CY","recordCount":"14","total_times":"99","index_id":"4","gat_born_date":"","gat_valid_date_start":"","gat_valid_date_end":"","gat_version":""},{"code":"7","passenger_name":"顾凤武","sex_code":"M","sex_name":"男","born_date":"1900-01-01 00:00:00","country_code":"CN","passenger_id_type_code":"1","passenger_id_type_name":"中国居民身份证","passenger_id_no":"340122199102222417","passenger_type":"1","passenger_flag":"0","passenger_type_name":"成人","mobile_no":"15330722856","phone_no":"","email":"","address":"","postalcode":"","first_letter":"GFW","recordCount":"14","total_times":"99","index_id":"5","gat_born_date":"","gat_valid_date_start":"","gat_valid_date_end":"","gat_version":""},{"code":"6","passenger_name":"甘恢早","sex_code":"F","sex_name":"女","born_date":"1991-06-11 00:00:00","country_code":"CN","passenger_id_type_code":"1","passenger_id_type_name":"中国居民身份证","passenger_id_no":"342523199106118828","passenger_type":"3","passenger_flag":"0","passenger_type_name":"学生","mobile_no":"18226734364","phone_no":"","email":"","address":"","postalcode":"","first_letter":"GHZ","recordCount":"14","total_times":"99","index_id":"6","gat_born_date":"","gat_valid_date_start":"","gat_valid_date_end":"","gat_version":""},{"code":"8","passenger_name":"黎芳羡","sex_code":"F","sex_name":"女","born_date":"2014-03-01 00:00:00","country_code":"CN","passenger_id_type_code":"1","passenger_id_type_name":"中国居民身份证","passenger_id_no":"45072119900706044X","passenger_type":"1","passenger_flag":"0","passenger_type_name":"成人","mobile_no":"18255399993","phone_no":"","email":"","address":"","postalcode":"","first_letter":"LFX","recordCount":"14","total_times":"99","index_id":"7","gat_born_date":"","gat_valid_date_start":"","gat_valid_date_end":"","gat_version":""},{"code":"9","passenger_name":"鲁治","sex_code":"M","sex_name":"男","born_date":"2016-02-14 00:00:00","country_code":"CN","passenger_id_type_code":"1","passenger_id_type_name":"中国居民身份证","passenger_id_no":"342425199202260514","passenger_type":"1","passenger_flag":"0","passenger_type_name":"成人","mobile_no":"15851720052","phone_no":"","email":"","address":"","postalcode":"","first_letter":"LZ","recordCount":"14","total_times":"99","index_id":"8","gat_born_date":"","gat_valid_date_start":"","gat_valid_date_end":"","gat_version":""},{"code":"10","passenger_name":"韦明英","sex_code":"F","sex_name":"女","born_date":"2014-01-07 00:00:00","country_code":"CN","passenger_id_type_code":"1","passenger_id_type_name":"中国居民身份证","passenger_id_no":"342201197001017226","passenger_type":"1","passenger_flag":"0","passenger_type_name":"成人","mobile_no":"","phone_no":"","email":"","address":"","postalcode":"","first_letter":"WMY","recordCount":"14","total_times":"97","index_id":"9","gat_born_date":"","gat_valid_date_start":"","gat_valid_date_end":"","gat_version":""},{"code":"11","passenger_name":"许娟","sex_code":"F","sex_name":"女","born_date":"2014-04-08 00:00:00","country_code":"CN","passenger_id_type_code":"1","passenger_id_type_name":"中国居民身份证","passenger_id_no":"342427199407203743","passenger_type":"1","passenger_flag":"0","passenger_type_name":"成人","mobile_no":"15256068968","phone_no":"","email":"","address":"","postalcode":"","first_letter":"XJ","recordCount":"14","total_times":"99","index_id":"10","gat_born_date":"","gat_valid_date_start":"","gat_valid_date_end":"","gat_version":""},{"code":"12","passenger_name":"云玉芝","sex_code":"M","sex_name":"男","born_date":"2016-01-05 00:00:00","country_code":"CN","passenger_id_type_code":"1","passenger_id_type_name":"中国居民身份证","passenger_id_no":"342123196501201220","passenger_type":"1","passenger_flag":"0","passenger_type_name":"成人","mobile_no":"13613087212","phone_no":"","email":"","address":"","postalcode":"","first_letter":"YYZ","recordCount":"14","total_times":"99","index_id":"11","gat_born_date":"","gat_valid_date_start":"","gat_valid_date_end":"","gat_version":""},{"code":"14","passenger_name":"朱宝","sex_code":"F","sex_name":"女","born_date":"1993-07-12 00:00:00","country_code":"CN","passenger_id_type_code":"1","passenger_id_type_name":"中国居民身份证","passenger_id_no":"342423199307124006","passenger_type":"1","passenger_flag":"0","passenger_type_name":"成人","mobile_no":"15755387063","phone_no":"","email":"","address":"","postalcode":"","first_letter":"ZB","recordCount":"14","total_times":"99","index_id":"12","gat_born_date":"","gat_valid_date_start":"","gat_valid_date_end":"","gat_version":""},{"code":"13","passenger_name":"张丽","sex_code":"F","sex_name":"女","born_date":"2015-06-20 00:00:00","country_code":"CN","passenger_id_type_code":"1","passenger_id_type_name":"中国居民身份证","passenger_id_no":"340881199210301225","passenger_type":"1","passenger_flag":"0","passenger_type_name":"成人","mobile_no":"18256091240","phone_no":"","email":"","address":"","postalcode":"","first_letter":"ZL","recordCount":"14","total_times":"99","index_id":"13","gat_born_date":"","gat_valid_date_start":"","gat_valid_date_end":"","gat_version":""}],"dj_passengers":[]},"messages":[],"validateMessages":{}} (logger.py:61)
[2018-10-12 13:19:42,318][    INFO] --- url: /passport/web/auth/uamtk
入参: {'appid': 'otn'}
请求方式: post
 (logger.py:61)
[2018-10-12 13:19:42,648][    INFO] --- 出参：{"result_message":"用户未登录","result_code":1} (logger.py:61)
[2018-10-12 13:19:42,648][    INFO] --- url: /passport/captcha/captcha-check
入参: {'answer': None, 'rand': 'sjrand', 'login_site': 'E'}
请求方式: post
 (logger.py:61)
[2018-10-12 13:19:43,373][    INFO] --- 出参：{"result_message":"验证码校验失败,信息为空","result_code":"8"} (logger.py:61)
[2018-10-12 13:20:34,923][    INFO] --- url: /passport/web/auth/uamtk
入参: {'appid': 'otn'}
请求方式: post
 (logger.py:61)
[2018-10-12 13:20:35,293][    INFO] --- 出参：{"result_message":"用户未登录","result_code":1} (logger.py:61)
[2018-10-12 13:20:35,294][    INFO] --- url: /passport/captcha/captcha-check
入参: {'answer': '42,46,105,46,252,111', 'rand': 'sjrand', 'login_site': 'E'}
请求方式: post
 (logger.py:61)
[2018-10-12 13:20:36,232][    INFO] --- 出参：{"result_message":"验证码校验成功","result_code":"4"} (logger.py:61)
[2018-10-12 13:20:36,232][    INFO] --- url: /passport/web/login
入参: {'username': 'b624345050', 'password': '530530', 'appid': 'otn'}
请求方式: post
 (logger.py:61)
[2018-10-12 13:20:36,425][    INFO] --- 出参：{"result_message":"登录成功","result_code":0,"uamtk":"ziE9wlniG5dpQZRNfOjDB5le9uq9684bVVNObQubb1b0"} (logger.py:61)
[2018-10-12 13:20:36,425][    INFO] --- url: /passport/web/auth/uamtk
入参: {'appid': 'otn'}
请求方式: post
 (logger.py:61)
[2018-10-12 13:20:36,603][    INFO] --- 出参：{"result_message":"验证通过","result_code":0,"apptk":null,"newapptk":"w1Cfh6hxUUP3Ra-PQrVsp4KTzD2GAZ0gmtzOMAetb1b0"} (logger.py:61)
[2018-10-12 13:20:36,604][    INFO] --- url: /otn/uamauthclient
入参: {'tk': u'w1Cfh6hxUUP3Ra-PQrVsp4KTzD2GAZ0gmtzOMAetb1b0'}
请求方式: post
 (logger.py:61)
[2018-10-12 13:20:36,915][    INFO] --- 出参：{"apptk":"w1Cfh6hxUUP3Ra-PQrVsp4KTzD2GAZ0gmtzOMAetb1b0","result_code":0,"result_message":"验证通过","username":"卞东海"} (logger.py:61)
[2018-10-12 13:20:41,251][    INFO] --- url: /otn/login/checkUser
入参: {'_json_att': ''}
请求方式: post
 (logger.py:61)
[2018-10-12 13:20:41,664][    INFO] --- 出参：{"validateMessagesShowId":"_validatorMessage","status":true,"httpstatus":200,"data":{"flag":true},"messages":[],"validateMessages":{}} (logger.py:61)
[2018-10-12 13:23:32,348][    INFO] --- url: /passport/web/auth/uamtk
入参: {'appid': 'otn'}
请求方式: post
 (logger.py:61)
[2018-10-12 13:23:32,647][    INFO] --- 出参：{"result_message":"用户未登录","result_code":1} (logger.py:61)
[2018-10-12 13:23:32,648][    INFO] --- url: /passport/captcha/captcha-check
入参: {'answer': '105,46,117,36', 'rand': 'sjrand', 'login_site': 'E'}
请求方式: post
 (logger.py:61)
[2018-10-12 13:23:32,828][    INFO] --- 出参：{"result_message":"验证码校验失败","result_code":"5"} (logger.py:61)
[2018-10-12 13:23:38,945][    INFO] --- url: /passport/web/auth/uamtk
入参: {'appid': 'otn'}
请求方式: post
 (logger.py:61)
[2018-10-12 13:23:39,331][    INFO] --- 出参：{"result_message":"用户未登录","result_code":1} (logger.py:61)
[2018-10-12 13:23:39,331][    INFO] --- url: /passport/captcha/captcha-check
入参: {'answer': '42,46,105,46', 'rand': 'sjrand', 'login_site': 'E'}
请求方式: post
 (logger.py:61)
[2018-10-12 13:23:39,751][    INFO] --- 出参：{"result_message":"验证码校验成功","result_code":"4"} (logger.py:61)
[2018-10-12 13:23:39,751][    INFO] --- url: /passport/web/login
入参: {'username': 'b624345050', 'password': '530530', 'appid': 'otn'}
请求方式: post
 (logger.py:61)
[2018-10-12 13:23:40,215][    INFO] --- 出参：{"result_message":"登录成功","result_code":0,"uamtk":"TIPF1UERdNZdE_w_k0J_ADImyf-isZZZ-Or09Almb1b0"} (logger.py:61)
[2018-10-12 13:23:40,216][    INFO] --- url: /passport/web/auth/uamtk
入参: {'appid': 'otn'}
请求方式: post
 (logger.py:61)
[2018-10-12 13:23:40,391][    INFO] --- 出参：{"result_message":"验证通过","result_code":0,"apptk":null,"newapptk":"pA9LgJPnQe1iBiWIckn1i1IZKxhsvQSlesTDvwsdb1b0"} (logger.py:61)
[2018-10-12 13:23:40,391][    INFO] --- url: /otn/uamauthclient
入参: {'tk': u'pA9LgJPnQe1iBiWIckn1i1IZKxhsvQSlesTDvwsdb1b0'}
请求方式: post
 (logger.py:61)
[2018-10-12 13:23:40,576][    INFO] --- 出参：{"apptk":"pA9LgJPnQe1iBiWIckn1i1IZKxhsvQSlesTDvwsdb1b0","result_code":0,"result_message":"验证通过","username":"卞东海"} (logger.py:61)
[2018-10-12 13:23:42,471][    INFO] --- url: /otn/login/checkUser
入参: {'_json_att': ''}
请求方式: post
 (logger.py:61)
[2018-10-12 13:23:42,780][    INFO] --- 出参：{"validateMessagesShowId":"_validatorMessage","status":true,"httpstatus":200,"data":{"flag":true},"messages":[],"validateMessages":{}} (logger.py:61)
[2018-10-12 13:26:15,179][    INFO] --- url: /passport/web/auth/uamtk
入参: {'appid': 'otn'}
请求方式: post
 (logger.py:61)
[2018-10-12 13:26:15,481][    INFO] --- 出参：{"result_message":"用户未登录","result_code":1} (logger.py:61)
[2018-10-12 13:26:15,482][    INFO] --- url: /passport/captcha/captcha-check
入参: {'answer': '105,46,252,111', 'rand': 'sjrand', 'login_site': 'E'}
请求方式: post
 (logger.py:61)
[2018-10-12 13:26:15,651][    INFO] --- 出参：{"result_message":"验证码校验失败","result_code":"5"} (logger.py:61)
[2018-10-12 13:26:24,887][    INFO] --- url: /passport/web/auth/uamtk
入参: {'appid': 'otn'}
请求方式: post
 (logger.py:61)
[2018-10-12 13:26:25,197][    INFO] --- 出参：{"result_message":"用户未登录","result_code":1} (logger.py:61)
[2018-10-12 13:26:25,198][    INFO] --- url: /passport/captcha/captcha-check
入参: {'answer': '256,48', 'rand': 'sjrand', 'login_site': 'E'}
请求方式: post
 (logger.py:61)
[2018-10-12 13:26:25,372][    INFO] --- 出参：{"result_message":"验证码校验成功","result_code":"4"} (logger.py:61)
[2018-10-12 13:26:25,372][    INFO] --- url: /passport/web/login
入参: {'username': 'b624345050', 'password': '530530', 'appid': 'otn'}
请求方式: post
 (logger.py:61)
[2018-10-12 13:26:25,559][    INFO] --- 出参：{"result_message":"登录成功","result_code":0,"uamtk":"6ny5JYelKVJ6XaJhDCwk-M47UoHfvSdKQydtFwqrb1b0"} (logger.py:61)
[2018-10-12 13:26:25,559][    INFO] --- url: /passport/web/auth/uamtk
入参: {'appid': 'otn'}
请求方式: post
 (logger.py:61)
[2018-10-12 13:26:25,732][    INFO] --- 出参：{"result_message":"验证通过","result_code":0,"apptk":null,"newapptk":"p-x79lEYFaWDapKDvBI2k97L_uKcrIgOOe9o3getb1b0"} (logger.py:61)
[2018-10-12 13:26:25,733][    INFO] --- url: /otn/uamauthclient
入参: {'tk': u'p-x79lEYFaWDapKDvBI2k97L_uKcrIgOOe9o3getb1b0'}
请求方式: post
 (logger.py:61)
[2018-10-12 13:26:25,913][    INFO] --- 出参：{"apptk":"p-x79lEYFaWDapKDvBI2k97L_uKcrIgOOe9o3getb1b0","result_code":0,"result_message":"验证通过","username":"卞东海"} (logger.py:61)
[2018-10-12 13:26:25,914][    INFO] --- url: /otn/login/checkUser
入参: {'_json_att': ''}
请求方式: post
 (logger.py:61)
[2018-10-12 13:26:26,083][    INFO] --- 出参：{"validateMessagesShowId":"_validatorMessage","status":true,"httpstatus":200,"data":{"flag":true},"messages":[],"validateMessages":{}} (logger.py:61)
[2018-10-12 13:27:43,450][    INFO] --- url: /passport/web/auth/uamtk
入参: {'appid': 'otn'}
请求方式: post
 (logger.py:61)
[2018-10-12 13:27:43,850][    INFO] --- 出参：{"result_message":"用户未登录","result_code":1} (logger.py:61)
[2018-10-12 13:27:43,851][    INFO] --- url: /passport/captcha/captcha-check
入参: {'answer': '42,46,256,48', 'rand': 'sjrand', 'login_site': 'E'}
请求方式: post
 (logger.py:61)
[2018-10-12 13:27:44,037][    INFO] --- 出参：{"result_message":"验证码校验成功","result_code":"4"} (logger.py:61)
[2018-10-12 13:27:44,038][    INFO] --- url: /passport/web/login
入参: {'username': 'b624345050', 'password': '530530', 'appid': 'otn'}
请求方式: post
 (logger.py:61)
[2018-10-12 13:27:44,232][    INFO] --- 出参：{"result_message":"登录成功","result_code":0,"uamtk":"jO7zUyzQdaLMIkZkEGX0h17EvKMt_OATofigfwnxb1b0"} (logger.py:61)
[2018-10-12 13:27:44,233][    INFO] --- url: /passport/web/auth/uamtk
入参: {'appid': 'otn'}
请求方式: post
 (logger.py:61)
[2018-10-12 13:27:44,419][    INFO] --- 出参：{"result_message":"验证通过","result_code":0,"apptk":null,"newapptk":"cAHoyXD4V2BwQk-Yzf7ltJwW2nODMcxN1zYdTQplb1b0"} (logger.py:61)
[2018-10-12 13:27:44,419][    INFO] --- url: /otn/uamauthclient
入参: {'tk': u'cAHoyXD4V2BwQk-Yzf7ltJwW2nODMcxN1zYdTQplb1b0'}
请求方式: post
 (logger.py:61)
[2018-10-12 13:27:44,606][    INFO] --- 出参：{"apptk":"cAHoyXD4V2BwQk-Yzf7ltJwW2nODMcxN1zYdTQplb1b0","result_code":0,"result_message":"验证通过","username":"卞东海"} (logger.py:61)
[2018-10-12 13:27:47,750][    INFO] --- url: /otn/login/checkUser
入参: {'_json_att': ''}
请求方式: post
 (logger.py:61)
[2018-10-12 13:27:48,129][    INFO] --- 出参：{"validateMessagesShowId":"_validatorMessage","status":true,"httpstatus":200,"data":{"flag":true},"messages":[],"validateMessages":{}} (logger.py:61)
[2018-10-12 13:30:23,077][    INFO] --- url: /passport/web/auth/uamtk
入参: {'appid': 'otn'}
请求方式: post
 (logger.py:61)
[2018-10-12 13:30:23,447][    INFO] --- 出参：{"result_message":"用户未登录","result_code":1} (logger.py:61)
[2018-10-12 13:30:23,448][    INFO] --- url: /passport/captcha/captcha-check
入参: {'answer': '42,46', 'rand': 'sjrand', 'login_site': 'E'}
请求方式: post
 (logger.py:61)
[2018-10-12 13:30:23,761][    INFO] --- 出参：{"result_message":"验证码校验成功","result_code":"4"} (logger.py:61)
[2018-10-12 13:30:23,761][    INFO] --- url: /passport/web/login
入参: {'username': 'b624345050', 'password': '530530', 'appid': 'otn'}
请求方式: post
 (logger.py:61)
[2018-10-12 13:30:24,180][    INFO] --- 出参：{"result_message":"登录成功","result_code":0,"uamtk":"-jjU5BCduXQs_9Go5VhG0wA1A-H2sj7oudJ1rgetb1b0"} (logger.py:61)
[2018-10-12 13:30:24,180][    INFO] --- url: /passport/web/auth/uamtk
入参: {'appid': 'otn'}
请求方式: post
 (logger.py:61)
[2018-10-12 13:30:24,377][    INFO] --- 出参：{"result_message":"验证通过","result_code":0,"apptk":null,"newapptk":"4WeupYEogeweUGoHwUh3xxvczWNsp9kWK4tlAA45b1b0"} (logger.py:61)
[2018-10-12 13:30:24,377][    INFO] --- url: /otn/uamauthclient
入参: {'tk': u'4WeupYEogeweUGoHwUh3xxvczWNsp9kWK4tlAA45b1b0'}
请求方式: post
 (logger.py:61)
[2018-10-12 13:30:24,807][    INFO] --- 出参：{"apptk":"4WeupYEogeweUGoHwUh3xxvczWNsp9kWK4tlAA45b1b0","result_code":0,"result_message":"验证通过","username":"卞东海"} (logger.py:61)
[2018-10-12 13:30:26,563][    INFO] --- url: /otn/login/checkUser
入参: {'_json_att': ''}
请求方式: post
 (logger.py:61)
[2018-10-12 13:30:26,894][    INFO] --- 出参：{"validateMessagesShowId":"_validatorMessage","status":true,"httpstatus":200,"data":{"flag":true},"messages":[],"validateMessages":{}} (logger.py:61)
[2018-10-12 13:32:11,075][    INFO] --- url: /passport/web/auth/uamtk
入参: {'appid': 'otn'}
请求方式: post
 (logger.py:61)
[2018-10-12 13:32:11,446][    INFO] --- 出参：{"result_message":"用户未登录","result_code":1} (logger.py:61)
[2018-10-12 13:32:11,447][    INFO] --- url: /passport/captcha/captcha-check
入参: {'answer': '184,45', 'rand': 'sjrand', 'login_site': 'E'}
请求方式: post
 (logger.py:61)
[2018-10-12 13:32:11,631][    INFO] --- 出参：{"result_message":"验证码校验成功","result_code":"4"} (logger.py:61)
[2018-10-12 13:32:11,632][    INFO] --- url: /passport/web/login
入参: {'username': 'b624345050', 'password': '530530', 'appid': 'otn'}
请求方式: post
 (logger.py:61)
[2018-10-12 13:32:11,825][    INFO] --- 出参：{"result_message":"登录成功","result_code":0,"uamtk":"Vtb2uy5AsTtM_M4EjZNbPV7mgdf7-s9lFs0J-gzib1b0"} (logger.py:61)
[2018-10-12 13:32:11,826][    INFO] --- url: /passport/web/auth/uamtk
入参: {'appid': 'otn'}
请求方式: post
 (logger.py:61)
[2018-10-12 13:32:12,009][    INFO] --- 出参：{"result_message":"验证通过","result_code":0,"apptk":null,"newapptk":"SBmOUi4cSiNenzNCeFczSzSWBP9wCztW6KXNwgnxb1b0"} (logger.py:61)
[2018-10-12 13:32:12,010][    INFO] --- url: /otn/uamauthclient
入参: {'tk': u'SBmOUi4cSiNenzNCeFczSzSWBP9wCztW6KXNwgnxb1b0'}
请求方式: post
 (logger.py:61)
[2018-10-12 13:32:12,201][    INFO] --- 出参：{"apptk":"SBmOUi4cSiNenzNCeFczSzSWBP9wCztW6KXNwgnxb1b0","result_code":0,"result_message":"验证通过","username":"卞东海"} (logger.py:61)
[2018-10-12 13:32:14,268][    INFO] --- url: /otn/login/checkUser
入参: {'_json_att': ''}
请求方式: post
 (logger.py:61)
[2018-10-12 13:32:14,686][    INFO] --- 出参：{"validateMessagesShowId":"_validatorMessage","status":true,"httpstatus":200,"data":{"flag":true},"messages":[],"validateMessages":{}} (logger.py:61)
[2018-10-12 13:33:58,934][    INFO] --- url: /passport/web/auth/uamtk
入参: {'appid': 'otn'}
请求方式: post
 (logger.py:61)
[2018-10-12 13:33:59,125][    INFO] --- 出参：{"result_message":"用户未登录","result_code":1} (logger.py:61)
[2018-10-12 13:33:59,125][    INFO] --- url: /passport/captcha/captcha-check
入参: {'answer': '115,112,181,114', 'rand': 'sjrand', 'login_site': 'E'}
请求方式: post
 (logger.py:61)
[2018-10-12 13:33:59,603][    INFO] --- 出参：{"result_message":"验证码校验成功","result_code":"4"} (logger.py:61)
[2018-10-12 13:33:59,603][    INFO] --- url: /passport/web/login
入参: {'username': 'b624345050', 'password': '530530', 'appid': 'otn'}
请求方式: post
 (logger.py:61)
[2018-10-12 13:34:00,283][    INFO] --- 出参：{"result_message":"登录成功","result_code":0,"uamtk":"EJERUEspDY_xlkxnBxBdFenA7P8RIjc6ZT40Cw1pb1b0"} (logger.py:61)
[2018-10-12 13:34:00,284][    INFO] --- url: /passport/web/auth/uamtk
入参: {'appid': 'otn'}
请求方式: post
 (logger.py:61)
[2018-10-12 13:34:00,460][    INFO] --- 出参：{"result_message":"验证通过","result_code":0,"apptk":null,"newapptk":"fJUVlK74yvmDNRlrKpeXfN_VdPJzgS6kB07n5Amkb1b0"} (logger.py:61)
[2018-10-12 13:34:00,460][    INFO] --- url: /otn/uamauthclient
入参: {'tk': u'fJUVlK74yvmDNRlrKpeXfN_VdPJzgS6kB07n5Amkb1b0'}
请求方式: post
 (logger.py:61)
[2018-10-12 13:34:00,653][    INFO] --- 出参：{"apptk":"fJUVlK74yvmDNRlrKpeXfN_VdPJzgS6kB07n5Amkb1b0","result_code":0,"result_message":"验证通过","username":"卞东海"} (logger.py:61)
[2018-10-12 13:34:00,653][    INFO] --- url: /otn/login/checkUser
入参: {'_json_att': ''}
请求方式: post
 (logger.py:61)
[2018-10-12 13:34:00,830][    INFO] --- 出参：{"validateMessagesShowId":"_validatorMessage","status":true,"httpstatus":200,"data":{"flag":true},"messages":[],"validateMessages":{}} (logger.py:61)
[2018-10-12 13:34:04,234][    INFO] --- url: /otn/confirmPassenger/getPassengerDTOs
入参: {}
请求方式: get
 (logger.py:61)
[2018-10-12 13:34:04,566][    INFO] --- 出参：{"validateMessagesShowId":"_validatorMessage","status":true,"httpstatus":200,"data":{"isExist":true,"exMsg":"","two_isOpenClick":["93","95","97","99"],"other_isOpenClick":["91","93","98","99","95","97"],"normal_passengers":[{"code":"1","passenger_name":"卞东海","sex_code":"M","sex_name":"男","born_date":"1990-12-05 00:00:00","country_code":"CN","passenger_id_type_code":"1","passenger_id_type_name":"中国居民身份证","passenger_id_no":"342201199012057214","passenger_type":"1","passenger_flag":"0","passenger_type_name":"成人","mobile_no":"","phone_no":"","email":"469529324@qq.com","address":"","postalcode":"","first_letter":"","recordCount":"14","total_times":"99","index_id":"0","gat_born_date":"","gat_valid_date_start":"","gat_valid_date_end":"","gat_version":""},{"code":"3","passenger_name":"卞和威","sex_code":"M","sex_name":"男","born_date":"2015-04-11 00:00:00","country_code":"CN","passenger_id_type_code":"1","passenger_id_type_name":"中国居民身份证","passenger_id_no":"342201199306157210","passenger_type":"1","passenger_flag":"0","passenger_type_name":"成人","mobile_no":"18355379372","phone_no":"","email":"","address":"","postalcode":"","first_letter":"BHW","recordCount":"14","total_times":"99","index_id":"1","gat_born_date":"","gat_valid_date_start":"","gat_valid_date_end":"","gat_version":""},{"code":"2","passenger_name":"卞荣伟","sex_code":"M","sex_name":"男","born_date":"2014-01-07 00:00:00","country_code":"CN","passenger_id_type_code":"1","passenger_id_type_name":"中国居民身份证","passenger_id_no":"342201196503157216","passenger_type":"1","passenger_flag":"0","passenger_type_name":"成人","mobile_no":"","phone_no":"","email":"","address":"","postalcode":"","first_letter":"BRW","recordCount":"14","total_times":"97","index_id":"2","gat_born_date":"","gat_valid_date_start":"","gat_valid_date_end":"","gat_version":""},{"code":"4","passenger_name":"蔡开连","sex_code":"M","sex_name":"男","born_date":"2016-01-27 00:00:00","country_code":"CN","passenger_id_type_code":"1","passenger_id_type_name":"中国居民身份证","passenger_id_no":"522427198711255483","passenger_type":"1","passenger_flag":"0","passenger_type_name":"成人","mobile_no":"15220144676","phone_no":"","email":"","address":"","postalcode":"","first_letter":"CKL","recordCount":"14","total_times":"99","index_id":"3","gat_born_date":"","gat_valid_date_start":"","gat_valid_date_end":"","gat_version":""},{"code":"5","passenger_name":"陈云","sex_code":"M","sex_name":"男","born_date":"2016-01-14 00:00:00","country_code":"CN","passenger_id_type_code":"1","passenger_id_type_name":"中国居民身份证","passenger_id_no":"341222199009096336","passenger_type":"1","passenger_flag":"0","passenger_type_name":"成人","mobile_no":"13613087212","phone_no":"","email":"","address":"","postalcode":"","first_letter":"CY","recordCount":"14","total_times":"99","index_id":"4","gat_born_date":"","gat_valid_date_start":"","gat_valid_date_end":"","gat_version":""},{"code":"7","passenger_name":"顾凤武","sex_code":"M","sex_name":"男","born_date":"1900-01-01 00:00:00","country_code":"CN","passenger_id_type_code":"1","passenger_id_type_name":"中国居民身份证","passenger_id_no":"340122199102222417","passenger_type":"1","passenger_flag":"0","passenger_type_name":"成人","mobile_no":"15330722856","phone_no":"","email":"","address":"","postalcode":"","first_letter":"GFW","recordCount":"14","total_times":"99","index_id":"5","gat_born_date":"","gat_valid_date_start":"","gat_valid_date_end":"","gat_version":""},{"code":"6","passenger_name":"甘恢早","sex_code":"F","sex_name":"女","born_date":"1991-06-11 00:00:00","country_code":"CN","passenger_id_type_code":"1","passenger_id_type_name":"中国居民身份证","passenger_id_no":"342523199106118828","passenger_type":"3","passenger_flag":"0","passenger_type_name":"学生","mobile_no":"18226734364","phone_no":"","email":"","address":"","postalcode":"","first_letter":"GHZ","recordCount":"14","total_times":"99","index_id":"6","gat_born_date":"","gat_valid_date_start":"","gat_valid_date_end":"","gat_version":""},{"code":"8","passenger_name":"黎芳羡","sex_code":"F","sex_name":"女","born_date":"2014-03-01 00:00:00","country_code":"CN","passenger_id_type_code":"1","passenger_id_type_name":"中国居民身份证","passenger_id_no":"45072119900706044X","passenger_type":"1","passenger_flag":"0","passenger_type_name":"成人","mobile_no":"18255399993","phone_no":"","email":"","address":"","postalcode":"","first_letter":"LFX","recordCount":"14","total_times":"99","index_id":"7","gat_born_date":"","gat_valid_date_start":"","gat_valid_date_end":"","gat_version":""},{"code":"9","passenger_name":"鲁治","sex_code":"M","sex_name":"男","born_date":"2016-02-14 00:00:00","country_code":"CN","passenger_id_type_code":"1","passenger_id_type_name":"中国居民身份证","passenger_id_no":"342425199202260514","passenger_type":"1","passenger_flag":"0","passenger_type_name":"成人","mobile_no":"15851720052","phone_no":"","email":"","address":"","postalcode":"","first_letter":"LZ","recordCount":"14","total_times":"99","index_id":"8","gat_born_date":"","gat_valid_date_start":"","gat_valid_date_end":"","gat_version":""},{"code":"10","passenger_name":"韦明英","sex_code":"F","sex_name":"女","born_date":"2014-01-07 00:00:00","country_code":"CN","passenger_id_type_code":"1","passenger_id_type_name":"中国居民身份证","passenger_id_no":"342201197001017226","passenger_type":"1","passenger_flag":"0","passenger_type_name":"成人","mobile_no":"","phone_no":"","email":"","address":"","postalcode":"","first_letter":"WMY","recordCount":"14","total_times":"97","index_id":"9","gat_born_date":"","gat_valid_date_start":"","gat_valid_date_end":"","gat_version":""},{"code":"11","passenger_name":"许娟","sex_code":"F","sex_name":"女","born_date":"2014-04-08 00:00:00","country_code":"CN","passenger_id_type_code":"1","passenger_id_type_name":"中国居民身份证","passenger_id_no":"342427199407203743","passenger_type":"1","passenger_flag":"0","passenger_type_name":"成人","mobile_no":"15256068968","phone_no":"","email":"","address":"","postalcode":"","first_letter":"XJ","recordCount":"14","total_times":"99","index_id":"10","gat_born_date":"","gat_valid_date_start":"","gat_valid_date_end":"","gat_version":""},{"code":"12","passenger_name":"云玉芝","sex_code":"M","sex_name":"男","born_date":"2016-01-05 00:00:00","country_code":"CN","passenger_id_type_code":"1","passenger_id_type_name":"中国居民身份证","passenger_id_no":"342123196501201220","passenger_type":"1","passenger_flag":"0","passenger_type_name":"成人","mobile_no":"13613087212","phone_no":"","email":"","address":"","postalcode":"","first_letter":"YYZ","recordCount":"14","total_times":"99","index_id":"11","gat_born_date":"","gat_valid_date_start":"","gat_valid_date_end":"","gat_version":""},{"code":"14","passenger_name":"朱宝","sex_code":"F","sex_name":"女","born_date":"1993-07-12 00:00:00","country_code":"CN","passenger_id_type_code":"1","passenger_id_type_name":"中国居民身份证","passenger_id_no":"342423199307124006","passenger_type":"1","passenger_flag":"0","passenger_type_name":"成人","mobile_no":"15755387063","phone_no":"","email":"","address":"","postalcode":"","first_letter":"ZB","recordCount":"14","total_times":"99","index_id":"12","gat_born_date":"","gat_valid_date_start":"","gat_valid_date_end":"","gat_version":""},{"code":"13","passenger_name":"张丽","sex_code":"F","sex_name":"女","born_date":"2015-06-20 00:00:00","country_code":"CN","passenger_id_type_code":"1","passenger_id_type_name":"中国居民身份证","passenger_id_no":"340881199210301225","passenger_type":"1","passenger_flag":"0","passenger_type_name":"成人","mobile_no":"18256091240","phone_no":"","email":"","address":"","postalcode":"","first_letter":"ZL","recordCount":"14","total_times":"99","index_id":"13","gat_born_date":"","gat_valid_date_start":"","gat_valid_date_end":"","gat_version":""}],"dj_passengers":[]},"messages":[],"validateMessages":{}} (logger.py:61)
[2018-10-12 13:34:55,234][    INFO] --- url: /passport/web/auth/uamtk
入参: {'appid': 'otn'}
请求方式: post
 (logger.py:61)
[2018-10-12 13:34:55,590][    INFO] --- 出参：{"result_message":"用户未登录","result_code":1} (logger.py:61)
[2018-10-12 13:34:55,590][    INFO] --- url: /passport/captcha/captcha-check
入参: {'answer': '117,36,115,112', 'rand': 'sjrand', 'login_site': 'E'}
请求方式: post
 (logger.py:61)
[2018-10-12 13:34:56,267][    INFO] --- 出参：{"result_message":"验证码校验失败","result_code":"5"} (logger.py:61)
[2018-10-12 13:35:13,208][    INFO] --- url: /passport/web/auth/uamtk
入参: {'appid': 'otn'}
请求方式: post
 (logger.py:61)
[2018-10-12 13:35:13,884][    INFO] --- 出参：{"result_message":"用户未登录","result_code":1} (logger.py:61)
[2018-10-12 13:35:13,884][    INFO] --- url: /passport/captcha/captcha-check
入参: {'answer': '117,36', 'rand': 'sjrand', 'login_site': 'E'}
请求方式: post
 (logger.py:61)
[2018-10-12 13:35:14,071][    INFO] --- 出参：{"result_message":"验证码校验失败","result_code":"5"} (logger.py:61)
[2018-10-12 13:35:25,049][    INFO] --- url: /passport/web/auth/uamtk
入参: {'appid': 'otn'}
请求方式: post
 (logger.py:61)
[2018-10-12 13:35:25,411][    INFO] --- 出参：{"result_message":"用户未登录","result_code":1} (logger.py:61)
[2018-10-12 13:35:25,411][    INFO] --- url: /passport/captcha/captcha-check
入参: {'answer': '256,48', 'rand': 'sjrand', 'login_site': 'E'}
请求方式: post
 (logger.py:61)
[2018-10-12 13:35:25,592][    INFO] --- 出参：{"result_message":"验证码校验成功","result_code":"4"} (logger.py:61)
[2018-10-12 13:35:25,593][    INFO] --- url: /passport/web/login
入参: {'username': 'b624345050', 'password': '530530', 'appid': 'otn'}
请求方式: post
 (logger.py:61)
[2018-10-12 13:35:25,784][    INFO] --- 出参：{"result_message":"登录成功","result_code":0,"uamtk":"RTt6IxL89shcA0gDIUKJMHVj1BwuLSkzv7KvNQetb1b0"} (logger.py:61)
[2018-10-12 13:35:25,784][    INFO] --- url: /passport/web/auth/uamtk
入参: {'appid': 'otn'}
请求方式: post
 (logger.py:61)
[2018-10-12 13:35:25,961][    INFO] --- 出参：{"result_message":"验证通过","result_code":0,"apptk":null,"newapptk":"MWg11feVH1-Q4aQFSEVARff9fViLDl4lozUqOAtyb1b0"} (logger.py:61)
[2018-10-12 13:35:25,961][    INFO] --- url: /otn/uamauthclient
入参: {'tk': u'MWg11feVH1-Q4aQFSEVARff9fViLDl4lozUqOAtyb1b0'}
请求方式: post
 (logger.py:61)
[2018-10-12 13:35:26,149][    INFO] --- 出参：{"apptk":"MWg11feVH1-Q4aQFSEVARff9fViLDl4lozUqOAtyb1b0","result_code":0,"result_message":"验证通过","username":"卞东海"} (logger.py:61)
[2018-10-12 13:35:26,151][    INFO] --- url: /otn/login/checkUser
入参: {'_json_att': ''}
请求方式: post
 (logger.py:61)
[2018-10-12 13:35:26,321][    INFO] --- 出参：{"validateMessagesShowId":"_validatorMessage","status":true,"httpstatus":200,"data":{"flag":true},"messages":[],"validateMessages":{}} (logger.py:61)
[2018-10-12 13:36:24,890][    INFO] --- url: /passport/web/auth/uamtk
入参: {'appid': 'otn'}
请求方式: post
 (logger.py:61)
[2018-10-12 13:36:25,675][    INFO] --- 出参：{"result_message":"用户未登录","result_code":1} (logger.py:61)
[2018-10-12 13:36:25,676][    INFO] --- url: /passport/captcha/captcha-check
入参: {'answer': '105,46,184,45', 'rand': 'sjrand', 'login_site': 'E'}
请求方式: post
 (logger.py:61)
[2018-10-12 13:36:26,513][    INFO] --- 出参：{"result_message":"验证码校验成功","result_code":"4"} (logger.py:61)
[2018-10-12 13:36:26,514][    INFO] --- url: /passport/web/login
入参: {'username': 'b624345050', 'password': '530530', 'appid': 'otn'}
请求方式: post
 (logger.py:61)
[2018-10-12 13:36:26,932][    INFO] --- 出参：{"result_message":"登录成功","result_code":0,"uamtk":"GCyKNFIQJ1DCuPKC4TTmw0mduiZPYdQtnCqgaA36b1b0"} (logger.py:61)
[2018-10-12 13:36:26,932][    INFO] --- url: /passport/web/auth/uamtk
入参: {'appid': 'otn'}
请求方式: post
 (logger.py:61)
[2018-10-12 13:36:27,106][    INFO] --- 出参：{"result_message":"验证通过","result_code":0,"apptk":null,"newapptk":"ZnsHH6nt-u8mUld5vEc7Gi479FdIzUHmGKG90gcgb1b0"} (logger.py:61)
[2018-10-12 13:36:27,106][    INFO] --- url: /otn/uamauthclient
入参: {'tk': u'ZnsHH6nt-u8mUld5vEc7Gi479FdIzUHmGKG90gcgb1b0'}
请求方式: post
 (logger.py:61)
[2018-10-12 13:36:27,453][    INFO] --- 出参：{"apptk":"ZnsHH6nt-u8mUld5vEc7Gi479FdIzUHmGKG90gcgb1b0","result_code":0,"result_message":"验证通过","username":"卞东海"} (logger.py:61)
[2018-10-12 13:36:27,454][    INFO] --- url: /otn/login/checkUser
入参: {'_json_att': ''}
请求方式: post
 (logger.py:61)
[2018-10-12 13:36:27,627][    INFO] --- 出参：{"validateMessagesShowId":"_validatorMessage","status":true,"httpstatus":200,"data":{"flag":true},"messages":[],"validateMessages":{}} (logger.py:61)
[2018-10-12 13:37:38,976][    INFO] --- url: /passport/web/auth/uamtk
入参: {'appid': 'otn'}
请求方式: post
 (logger.py:61)
[2018-10-12 13:37:39,312][    INFO] --- 出参：{"result_message":"用户未登录","result_code":1} (logger.py:61)
[2018-10-12 13:37:39,312][    INFO] --- url: /passport/captcha/captcha-check
入参: {'answer': '115,112,181,114', 'rand': 'sjrand', 'login_site': 'E'}
请求方式: post
 (logger.py:61)
[2018-10-12 13:37:39,627][    INFO] --- 出参：{"result_message":"验证码校验成功","result_code":"4"} (logger.py:61)
[2018-10-12 13:37:39,627][    INFO] --- url: /passport/web/login
入参: {'username': 'b624345050', 'password': '530530', 'appid': 'otn'}
请求方式: post
 (logger.py:61)
[2018-10-12 13:37:40,463][    INFO] --- 出参：{"result_message":"登录成功","result_code":0,"uamtk":"ILvsVEeDhwt6_3YzTccQ0J8xQo525QuKFTH3cA27b1b0"} (logger.py:61)
[2018-10-12 13:37:40,464][    INFO] --- url: /passport/web/auth/uamtk
入参: {'appid': 'otn'}
请求方式: post
 (logger.py:61)
[2018-10-12 13:37:40,880][    INFO] --- 出参：{"result_message":"验证通过","result_code":0,"apptk":null,"newapptk":"CS-q025nCpSoexBzldrc7KXwThQ5hTYdedvtlA64b1b0"} (logger.py:61)
[2018-10-12 13:37:40,881][    INFO] --- url: /otn/uamauthclient
入参: {'tk': u'CS-q025nCpSoexBzldrc7KXwThQ5hTYdedvtlA64b1b0'}
请求方式: post
 (logger.py:61)
[2018-10-12 13:37:41,202][    INFO] --- 出参：{"apptk":"CS-q025nCpSoexBzldrc7KXwThQ5hTYdedvtlA64b1b0","result_code":0,"result_message":"验证通过","username":"卞东海"} (logger.py:61)
[2018-10-12 13:37:41,203][    INFO] --- url: /otn/login/checkUser
入参: {'_json_att': ''}
请求方式: post
 (logger.py:61)
[2018-10-12 13:37:41,508][    INFO] --- 出参：{"validateMessagesShowId":"_validatorMessage","status":true,"httpstatus":200,"data":{"flag":true},"messages":[],"validateMessages":{}} (logger.py:61)
[2018-10-12 13:40:17,951][    INFO] --- url: /passport/web/auth/uamtk
入参: {'appid': 'otn'}
请求方式: post
 (logger.py:61)
[2018-10-12 13:40:18,137][    INFO] --- 出参：{"result_message":"用户未登录","result_code":1} (logger.py:61)
[2018-10-12 13:40:18,137][    INFO] --- url: /passport/captcha/captcha-check
入参: {'answer': '105,46', 'rand': 'sjrand', 'login_site': 'E'}
请求方式: post
 (logger.py:61)
[2018-10-12 13:40:18,324][    INFO] --- 出参：{"result_message":"验证码校验失败","result_code":"5"} (logger.py:61)
[2018-10-12 13:40:26,678][    INFO] --- url: /passport/web/auth/uamtk
入参: {'appid': 'otn'}
请求方式: post
 (logger.py:61)
[2018-10-12 13:40:26,862][    INFO] --- 出参：{"result_message":"用户未登录","result_code":1} (logger.py:61)
[2018-10-12 13:40:26,863][    INFO] --- url: /passport/captcha/captcha-check
入参: {'answer': '115,112', 'rand': 'sjrand', 'login_site': 'E'}
请求方式: post
 (logger.py:61)
[2018-10-12 13:40:27,049][    INFO] --- 出参：{"result_message":"验证码校验成功","result_code":"4"} (logger.py:61)
[2018-10-12 13:40:27,050][    INFO] --- url: /passport/web/login
入参: {'username': 'b624345050', 'password': '530530', 'appid': 'otn'}
请求方式: post
 (logger.py:61)
[2018-10-12 13:40:27,247][    INFO] --- 出参：{"result_message":"登录成功","result_code":0,"uamtk":"22qvc1BYcPi2JwjHdKnY5OXCv_WiVtADQ175iA64b1b0"} (logger.py:61)
[2018-10-12 13:40:27,247][    INFO] --- url: /passport/web/auth/uamtk
入参: {'appid': 'otn'}
请求方式: post
 (logger.py:61)
[2018-10-12 13:40:27,428][    INFO] --- 出参：{"result_message":"验证通过","result_code":0,"apptk":null,"newapptk":"qAqc31PC1B_MaKMVKPBeM0n6Xl4EJNVKkkVEoQlmb1b0"} (logger.py:61)
[2018-10-12 13:40:27,429][    INFO] --- url: /otn/uamauthclient
入参: {'tk': u'qAqc31PC1B_MaKMVKPBeM0n6Xl4EJNVKkkVEoQlmb1b0'}
请求方式: post
 (logger.py:61)
[2018-10-12 13:40:27,627][    INFO] --- 出参：{"apptk":"qAqc31PC1B_MaKMVKPBeM0n6Xl4EJNVKkkVEoQlmb1b0","result_code":0,"result_message":"验证通过","username":"卞东海"} (logger.py:61)
[2018-10-12 13:40:27,628][    INFO] --- url: /otn/login/checkUser
入参: {'_json_att': ''}
请求方式: post
 (logger.py:61)
[2018-10-12 13:40:27,809][    INFO] --- 出参：{"validateMessagesShowId":"_validatorMessage","status":true,"httpstatus":200,"data":{"flag":true},"messages":[],"validateMessages":{}} (logger.py:61)
[2018-10-12 13:41:53,063][    INFO] --- url: /passport/web/auth/uamtk
入参: {'appid': 'otn'}
请求方式: post
 (logger.py:61)
[2018-10-12 13:41:53,246][    INFO] --- 出参：{"result_message":"用户未登录","result_code":1} (logger.py:61)
[2018-10-12 13:41:53,246][    INFO] --- url: /passport/captcha/captcha-check
入参: {'answer': '256,48', 'rand': 'sjrand', 'login_site': 'E'}
请求方式: post
 (logger.py:61)
[2018-10-12 13:41:53,447][    INFO] --- 出参：{"result_message":"验证码校验成功","result_code":"4"} (logger.py:61)
[2018-10-12 13:41:53,447][    INFO] --- url: /passport/web/login
入参: {'username': 'b624345050', 'password': '530530', 'appid': 'otn'}
请求方式: post
 (logger.py:61)
[2018-10-12 13:41:53,662][    INFO] --- 出参：{"result_message":"登录成功","result_code":0,"uamtk":"Nj73ld6I8tfyOQMaL1BR2a69MlV9Cn0G596A_gfsb1b0"} (logger.py:61)
[2018-10-12 13:41:53,662][    INFO] --- url: /passport/web/auth/uamtk
入参: {'appid': 'otn'}
请求方式: post
 (logger.py:61)
[2018-10-12 13:41:53,849][    INFO] --- 出参：{"result_message":"验证通过","result_code":0,"apptk":null,"newapptk":"Bw60Vp3yMpqg13PX7IbhFhOF-y_F3cd6c_OORA36b1b0"} (logger.py:61)
[2018-10-12 13:41:53,849][    INFO] --- url: /otn/uamauthclient
入参: {'tk': u'Bw60Vp3yMpqg13PX7IbhFhOF-y_F3cd6c_OORA36b1b0'}
请求方式: post
 (logger.py:61)
[2018-10-12 13:41:54,046][    INFO] --- 出参：{"apptk":"Bw60Vp3yMpqg13PX7IbhFhOF-y_F3cd6c_OORA36b1b0","result_code":0,"result_message":"验证通过","username":"卞东海"} (logger.py:61)
[2018-10-12 13:41:54,047][    INFO] --- url: /otn/login/checkUser
入参: {'_json_att': ''}
请求方式: post
 (logger.py:61)
[2018-10-12 13:41:54,235][    INFO] --- 出参：{"validateMessagesShowId":"_validatorMessage","status":true,"httpstatus":200,"data":{"flag":true},"messages":[],"validateMessages":{}} (logger.py:61)
[2018-10-12 13:46:44,571][    INFO] --- url: /passport/web/auth/uamtk
入参: {'appid': 'otn'}
请求方式: post
 (logger.py:61)
[2018-10-12 13:46:44,957][    INFO] --- 出参：{"result_message":"用户未登录","result_code":1} (logger.py:61)
[2018-10-12 13:46:44,958][    INFO] --- url: /passport/captcha/captcha-check
入参: {'answer': '105,46,184,45', 'rand': 'sjrand', 'login_site': 'E'}
请求方式: post
 (logger.py:61)
[2018-10-12 13:46:45,140][    INFO] --- 出参：{"result_message":"验证码校验成功","result_code":"4"} (logger.py:61)
[2018-10-12 13:46:45,140][    INFO] --- url: /passport/web/login
入参: {'username': 'b624345050', 'password': '530530', 'appid': 'otn'}
请求方式: post
 (logger.py:61)
[2018-10-12 13:46:45,328][    INFO] --- 出参：{"result_message":"登录成功","result_code":0,"uamtk":"5ofqOx6-I560dJ8D1hKNBAxc-J1o7NVIwV4Y5Qy0b1b0"} (logger.py:61)
[2018-10-12 13:46:45,328][    INFO] --- url: /passport/web/auth/uamtk
入参: {'appid': 'otn'}
请求方式: post
 (logger.py:61)
[2018-10-12 13:46:45,504][    INFO] --- 出参：{"result_message":"验证通过","result_code":0,"apptk":null,"newapptk":"P8SFUwZRURJTm4fu56RdD0MY88MTCPxYMC6IQw36b1b0"} (logger.py:61)
[2018-10-12 13:46:45,504][    INFO] --- url: /otn/uamauthclient
入参: {'tk': u'P8SFUwZRURJTm4fu56RdD0MY88MTCPxYMC6IQw36b1b0'}
请求方式: post
 (logger.py:61)
[2018-10-12 13:46:45,850][    INFO] --- 出参：{"apptk":"P8SFUwZRURJTm4fu56RdD0MY88MTCPxYMC6IQw36b1b0","result_code":0,"result_message":"验证通过","username":"卞东海"} (logger.py:61)
[2018-10-12 13:46:45,851][    INFO] --- url: /otn/login/checkUser
入参: {'_json_att': ''}
请求方式: post
 (logger.py:61)
[2018-10-12 13:46:46,025][    INFO] --- 出参：{"validateMessagesShowId":"_validatorMessage","status":true,"httpstatus":200,"data":{"flag":true},"messages":[],"validateMessages":{}} (logger.py:61)
[2018-10-12 13:50:13,784][    INFO] --- url: /passport/web/auth/uamtk
入参: {'appid': 'otn'}
请求方式: post
 (logger.py:61)
[2018-10-12 13:50:14,588][    INFO] --- 出参：{"result_message":"用户未登录","result_code":1} (logger.py:61)
[2018-10-12 13:50:14,589][    INFO] --- url: /passport/captcha/captcha-check
入参: {'answer': '117,36,115,112', 'rand': 'sjrand', 'login_site': 'E'}
请求方式: post
 (logger.py:61)
[2018-10-12 13:50:15,529][    INFO] --- 出参：{"result_message":"验证码校验失败","result_code":"5"} (logger.py:61)
[2018-10-12 13:50:21,607][    INFO] --- url: /passport/web/auth/uamtk
入参: {'appid': 'otn'}
请求方式: post
 (logger.py:61)
[2018-10-12 13:50:21,785][    INFO] --- 出参：{"result_message":"用户未登录","result_code":1} (logger.py:61)
[2018-10-12 13:50:21,785][    INFO] --- url: /passport/captcha/captcha-check
入参: {'answer': '42,46', 'rand': 'sjrand', 'login_site': 'E'}
请求方式: post
 (logger.py:61)
[2018-10-12 13:50:22,423][    INFO] --- 出参：{"result_message":"验证码校验成功","result_code":"4"} (logger.py:61)
[2018-10-12 13:50:22,423][    INFO] --- url: /passport/web/login
入参: {'username': 'b624345050', 'password': '530530', 'appid': 'otn'}
请求方式: post
 (logger.py:61)
[2018-10-12 13:50:22,624][    INFO] --- 出参：{"result_message":"登录成功","result_code":0,"uamtk":"IIFq2xF-LSY1srgF4VJB4jm1uqh-QiRCT3R20Azib1b0"} (logger.py:61)
[2018-10-12 13:50:22,625][    INFO] --- url: /passport/web/auth/uamtk
入参: {'appid': 'otn'}
请求方式: post
 (logger.py:61)
[2018-10-12 13:50:22,813][    INFO] --- 出参：{"result_message":"验证通过","result_code":0,"apptk":null,"newapptk":"mWwSTogpKjfy4loFbAwNK109vyB5uZLRYxa3GQhub1b0"} (logger.py:61)
[2018-10-12 13:50:22,814][    INFO] --- url: /otn/uamauthclient
入参: {'tk': u'mWwSTogpKjfy4loFbAwNK109vyB5uZLRYxa3GQhub1b0'}
请求方式: post
 (logger.py:61)
[2018-10-12 13:50:23,013][    INFO] --- 出参：{"apptk":"mWwSTogpKjfy4loFbAwNK109vyB5uZLRYxa3GQhub1b0","result_code":0,"result_message":"验证通过","username":"卞东海"} (logger.py:61)
[2018-10-12 13:50:23,013][    INFO] --- url: /otn/login/checkUser
入参: {'_json_att': ''}
请求方式: post
 (logger.py:61)
[2018-10-12 13:50:23,201][    INFO] --- 出参：{"validateMessagesShowId":"_validatorMessage","status":true,"httpstatus":200,"data":{"flag":true},"messages":[],"validateMessages":{}} (logger.py:61)
[2018-10-12 13:59:54,389][    INFO] --- url: /passport/web/auth/uamtk
入参: {'appid': 'otn'}
请求方式: post
 (logger.py:61)
[2018-10-12 13:59:55,214][    INFO] --- 出参：{"result_message":"用户未登录","result_code":1} (logger.py:61)
[2018-10-12 13:59:55,215][    INFO] --- url: /passport/captcha/captcha-check
入参: {'answer': '181,114,252,111', 'rand': 'sjrand', 'login_site': 'E'}
请求方式: post
 (logger.py:61)
[2018-10-12 13:59:55,398][    INFO] --- 出参：{"result_message":"验证码校验成功","result_code":"4"} (logger.py:61)
[2018-10-12 13:59:55,398][    INFO] --- url: /passport/web/login
入参: {'username': 'b624345050', 'password': '530530', 'appid': 'otn'}
请求方式: post
 (logger.py:61)
[2018-10-12 13:59:55,735][    INFO] --- 出参：{"result_message":"登录成功","result_code":0,"uamtk":"BVifSKmgWRYeEkAifD9sSpkaVFrbiKVXYON55wozb1b0"} (logger.py:61)
[2018-10-12 13:59:55,736][    INFO] --- url: /passport/web/auth/uamtk
入参: {'appid': 'otn'}
请求方式: post
 (logger.py:61)
[2018-10-12 13:59:55,914][    INFO] --- 出参：{"result_message":"验证通过","result_code":0,"apptk":null,"newapptk":"D99NCeqwYmix_UnVIguiN0fACKBNDFVSdxntyQtyb1b0"} (logger.py:61)
[2018-10-12 13:59:55,915][    INFO] --- url: /otn/uamauthclient
入参: {'tk': u'D99NCeqwYmix_UnVIguiN0fACKBNDFVSdxntyQtyb1b0'}
请求方式: post
 (logger.py:61)
[2018-10-12 13:59:56,108][    INFO] --- 出参：{"apptk":"D99NCeqwYmix_UnVIguiN0fACKBNDFVSdxntyQtyb1b0","result_code":0,"result_message":"验证通过","username":"卞东海"} (logger.py:61)
[2018-10-12 13:59:56,108][    INFO] --- url: /otn/login/checkUser
入参: {'_json_att': ''}
请求方式: post
 (logger.py:61)
[2018-10-12 13:59:56,290][    INFO] --- 出参：{"validateMessagesShowId":"_validatorMessage","status":true,"httpstatus":200,"data":{"flag":true},"messages":[],"validateMessages":{}} (logger.py:61)
[2018-10-12 14:04:38,408][    INFO] --- url: /passport/web/auth/uamtk
入参: {'appid': 'otn'}
请求方式: post
 (logger.py:61)
[2018-10-12 14:04:38,684][    INFO] --- 出参：{"result_message":"用户未登录","result_code":1} (logger.py:61)
[2018-10-12 14:04:38,685][    INFO] --- url: /passport/captcha/captcha-check
入参: {'answer': '184,45', 'rand': 'sjrand', 'login_site': 'E'}
请求方式: post
 (logger.py:61)
[2018-10-12 14:04:39,000][    INFO] --- 出参：{"result_message":"验证码校验成功","result_code":"4"} (logger.py:61)
[2018-10-12 14:04:39,001][    INFO] --- url: /passport/web/login
入参: {'username': 'b624345050', 'password': '530530', 'appid': 'otn'}
请求方式: post
 (logger.py:61)
[2018-10-12 14:04:39,189][    INFO] --- 出参：{"result_message":"登录成功","result_code":0,"uamtk":"lIGkpCHEtAljBKKbWAuVGZ70_hCLKmEUQUFEeg92b1b0"} (logger.py:61)
[2018-10-12 14:04:39,189][    INFO] --- url: /passport/web/auth/uamtk
入参: {'appid': 'otn'}
请求方式: post
 (logger.py:61)
[2018-10-12 14:04:39,359][    INFO] --- 出参：{"result_message":"验证通过","result_code":0,"apptk":null,"newapptk":"_tOoFtgqLK_uzx9al0xuYlnGQi8Vat6qriMWOAetb1b0"} (logger.py:61)
[2018-10-12 14:04:39,359][    INFO] --- url: /otn/uamauthclient
入参: {'tk': u'_tOoFtgqLK_uzx9al0xuYlnGQi8Vat6qriMWOAetb1b0'}
请求方式: post
 (logger.py:61)
[2018-10-12 14:04:39,533][    INFO] --- 出参：{"apptk":"_tOoFtgqLK_uzx9al0xuYlnGQi8Vat6qriMWOAetb1b0","result_code":0,"result_message":"验证通过","username":"卞东海"} (logger.py:61)
[2018-10-12 14:04:39,534][    INFO] --- url: /otn/login/checkUser
入参: {'_json_att': ''}
请求方式: post
 (logger.py:61)
[2018-10-12 14:04:39,698][    INFO] --- 出参：{"validateMessagesShowId":"_validatorMessage","status":true,"httpstatus":200,"data":{"flag":true},"messages":[],"validateMessages":{}} (logger.py:61)
[2018-10-12 14:04:42,282][    INFO] --- 查询到有余票，尝试提交订单 (GetTrainStatus.py:158)
[2018-10-12 14:04:42,283][    INFO] --- 查询到有余票，尝试提交订单 (GetTrainStatus.py:158)
[2018-10-12 14:04:42,283][    INFO] --- 车次配置信息: 深圳 --> 广州 时间: 2018-10-20 有误，或者返回数据异常，请检查: ["", "预订", "5l0000D94190", "D944", "AOH", "ZHQ", "IOQ", "IZQ", "06:33", "07:05", "00:32", "N", "cMjq8%2B0YrdbXCi924z6oW5Gb3VIXnaExo5RO6hQyM6SwCxk5", "20181019", "3", "H6", "04", "05", "1", "0", "", "无", "", "", "", "", "", "", "", "", "无", "", "", "无", "A0O0F0", "AOF", "0"]  (GetTrainStatus.py:135)
[2018-10-12 14:04:42,283][    INFO] --- 车次配置信息: 深圳 --> 广州 时间: 2018-10-20 有误，或者返回数据异常，请检查: ["", "预订", "5l0000D931D0", "D934", "AOH", "ZWQ", "IOQ", "IZQ", "06:40", "07:12", "00:32", "N", "cMjq8%2B0YrdbXCi924z6oW5Gb3VIXnaExo5RO6hQyM6SwCxk5", "20181019", "3", "H6", "04", "05", "1", "0", "", "无", "", "", "", "", "", "", "", "", "无", "", "", "无", "A0O0F0", "AOF", "0"]  (GetTrainStatus.py:135)
[2018-10-12 14:04:42,284][    INFO] --- 查询到有余票，尝试提交订单 (GetTrainStatus.py:158)
[2018-10-12 14:04:42,284][    INFO] --- 车次配置信息: 深圳 --> 广州 时间: 2018-10-20 有误，或者返回数据异常，请检查: ["", "预订", "5l0000D93521", "D938", "AOH", "IZQ", "IOQ", "IZQ", "06:46", "07:24", "00:38", "N", "cMjq8%2B0YrdbXCi924z6oW5Gb3VIXnaExo5RO6hQyM6SwCxk5", "20181019", "3", "H6", "04", "05", "1", "0", "", "无", "", "", "", "", "", "", "", "", "无", "", "", "无", "A0O0F0", "AOF", "0"]  (GetTrainStatus.py:135)
[2018-10-12 14:04:42,285][    INFO] --- 查询到有余票，尝试提交订单 (GetTrainStatus.py:158)
[2018-10-12 14:04:42,285][    INFO] --- 查询到有余票，尝试提交订单 (GetTrainStatus.py:158)
[2018-10-12 14:04:42,285][    INFO] --- 查询到有余票，尝试提交订单 (GetTrainStatus.py:158)
[2018-10-12 14:04:42,286][    INFO] --- 查询到有余票，尝试提交订单 (GetTrainStatus.py:158)
[2018-10-12 14:04:42,286][    INFO] --- 查询到有余票，尝试提交订单 (GetTrainStatus.py:158)
[2018-10-12 14:04:42,286][    INFO] --- 查询到有余票，尝试提交订单 (GetTrainStatus.py:158)
[2018-10-12 14:04:42,286][    INFO] --- 查询到有余票，尝试提交订单 (GetTrainStatus.py:158)
[2018-10-12 14:04:42,287][    INFO] --- 查询到有余票，尝试提交订单 (GetTrainStatus.py:158)
[2018-10-12 14:04:42,287][    INFO] --- 查询到有余票，尝试提交订单 (GetTrainStatus.py:158)
[2018-10-12 14:04:42,287][    INFO] --- 查询到有余票，尝试提交订单 (GetTrainStatus.py:158)
[2018-10-12 14:04:42,288][    INFO] --- 车次配置信息: 深圳 --> 广州 时间: 2018-10-20 有误，或者返回数据异常，请检查: ["", "预订", "6i000G131209", "G1312", "IOQ", "CUW", "IOQ", "IZQ", "07:38", "08:07", "00:29", "N", "PE%2BpHuljPbIsKw00ZalFRXgSLPbz0ExDYXZ37EgYQBhxAcy2", "20181020", "3", "Q7", "01", "02", "1", "0", "", "", "", "", "", "", "", "", "", "", "无", "无", "无", "", "O0M090", "OM9", "1"]  (GetTrainStatus.py:135)
[2018-10-12 14:04:42,288][    INFO] --- 查询到有余票，尝试提交订单 (GetTrainStatus.py:158)
[2018-10-12 14:04:42,289][    INFO] --- 查询到有余票，尝试提交订单 (GetTrainStatus.py:158)
[2018-10-12 14:04:42,289][    INFO] --- 查询到有余票，尝试提交订单 (GetTrainStatus.py:158)
[2018-10-12 14:04:42,289][    INFO] --- 查询到有余票，尝试提交订单 (GetTrainStatus.py:158)
[2018-10-12 14:04:42,290][    INFO] --- 查询到有余票，尝试提交订单 (GetTrainStatus.py:158)
[2018-10-12 14:04:42,290][    INFO] --- 查询到有余票，尝试提交订单 (GetTrainStatus.py:158)
[2018-10-12 14:04:42,290][    INFO] --- 查询到有余票，尝试提交订单 (GetTrainStatus.py:158)
[2018-10-12 14:04:42,291][    INFO] --- 查询到有余票，尝试提交订单 (GetTrainStatus.py:158)
[2018-10-12 14:04:42,291][    INFO] --- 车次配置信息: 深圳 --> 广州 时间: 2018-10-20 有误，或者返回数据异常，请检查: ["", "预订", "65000K134800", "K1348", "SZQ", "XAY", "SZQ", "GZQ", "08:10", "09:50", "01:40", "N", "KePF%2FlZbuzwH1WDxphc0DOKumESy89BPwh1bQKbJjzNoih8nmwdaOxmu9Eg%3D", "20181020", "3", "Q7", "01", "02", "0", "0", "", "", "", "无", "", "", "无", "", "无", "无", "", "", "", "", "10401030", "1413", "1"]  (GetTrainStatus.py:135)
[2018-10-12 14:04:42,292][    INFO] --- 车次配置信息: 深圳 --> 广州 时间: 2018-10-20 有误，或者返回数据异常，请检查: ["", "列车运行图调整,暂停发售", "6j000G634302", "G6342", "CBQ", "IZQ", "IOQ", "IZQ", "24:00", "24:00", "99:59", "IS_TIME_NOT_BUY", "", "20181020", "", "Q6", "04", "05", "0", "1", "", "", "", "", "", "", "", "", "", "", "", "", "", "", "", "", "1"]  (GetTrainStatus.py:135)
[2018-10-12 14:04:42,292][    INFO] --- 查询到有余票，尝试提交订单 (GetTrainStatus.py:158)
[2018-10-12 14:04:42,292][    INFO] --- 查询到有余票，尝试提交订单 (GetTrainStatus.py:158)
[2018-10-12 14:04:42,293][    INFO] --- 车次配置信息: 深圳 --> 广州 时间: 2018-10-20 有误，或者返回数据异常，请检查: ["", "预订", "6x00000G8000", "G80", "XJA", "BXP", "IOQ", "IZQ", "08:27", "08:56", "00:29", "N", "PE%2BpHuljPbIsKw00ZalFRXgSLPbz0ExDYXZ37EgYQBhxAcy2", "20181020", "3", "X1", "02", "03", "1", "0", "", "", "", "", "", "", "", "", "", "", "无", "无", "无", "", "O0M090", "OM9", "0"]  (GetTrainStatus.py:135)
[2018-10-12 14:04:42,293][    INFO] --- 查询到有余票，尝试提交订单 (GetTrainStatus.py:158)
[2018-10-12 14:04:42,293][    INFO] --- 查询到有余票，尝试提交订单 (GetTrainStatus.py:158)
[2018-10-12 14:04:42,293][    INFO] --- 查询到有余票，尝试提交订单 (GetTrainStatus.py:158)
[2018-10-12 14:04:42,294][    INFO] --- 查询到有余票，尝试提交订单 (GetTrainStatus.py:158)
[2018-10-12 14:04:42,294][    INFO] --- 查询到有余票，尝试提交订单 (GetTrainStatus.py:158)
[2018-10-12 14:04:42,294][    INFO] --- 查询到有余票，尝试提交订单 (GetTrainStatus.py:158)
[2018-10-12 14:04:42,295][    INFO] --- 查询到有余票，尝试提交订单 (GetTrainStatus.py:158)
[2018-10-12 14:04:42,295][    INFO] --- 查询到有余票，尝试提交订单 (GetTrainStatus.py:158)
[2018-10-12 14:04:42,295][    INFO] --- 查询到有余票，尝试提交订单 (GetTrainStatus.py:158)
[2018-10-12 14:04:42,296][    INFO] --- 查询到有余票，尝试提交订单 (GetTrainStatus.py:158)
[2018-10-12 14:04:42,296][    INFO] --- 查询到有余票，尝试提交订单 (GetTrainStatus.py:158)
[2018-10-12 14:04:42,296][    INFO] --- 查询到有余票，尝试提交订单 (GetTrainStatus.py:158)
[2018-10-12 14:04:42,297][    INFO] --- 车次配置信息: 深圳 --> 广州 时间: 2018-10-20 有误，或者返回数据异常，请检查: ["", "列车运行图调整,暂停发售", "6j000G634703", "G6346", "CBQ", "IZQ", "IOQ", "IZQ", "24:00", "24:00", "99:59", "IS_TIME_NOT_BUY", "", "20181020", "", "Q7", "06", "08", "0", "1", "", "", "", "", "", "", "", "", "", "", "", "", "", "", "", "", "0"]  (GetTrainStatus.py:135)
[2018-10-12 14:04:42,297][    INFO] --- 查询到有余票，尝试提交订单 (GetTrainStatus.py:158)
[2018-10-12 14:04:42,297][    INFO] --- 查询到有余票，尝试提交订单 (GetTrainStatus.py:158)
[2018-10-12 14:04:42,298][    INFO] --- 车次配置信息: 深圳 --> 广州 时间: 2018-10-20 有误，或者返回数据异常，请检查: ["", "预订", "650000Z23004", "Z230", "SZQ", "WAR", "SZQ", "GZQ", "09:30", "11:04", "01:34", "N", "%2BiFYrKmTTk%2BeDAGA3LhKiFMyikFD93fuhYAYFZFIfUGdH2M4", "20181020", "3", "Q7", "01", "02", "0", "0", "", "", "", "", "", "", "无", "", "无", "无", "", "", "", "", "101030", "113", "0"]  (GetTrainStatus.py:135)
[2018-10-12 14:04:42,298][    INFO] --- 查询到有余票，尝试提交订单 (GetTrainStatus.py:158)
[2018-10-12 14:04:42,298][    INFO] --- 查询到有余票，尝试提交订单 (GetTrainStatus.py:158)
[2018-10-12 14:04:42,298][    INFO] --- 查询到有余票，尝试提交订单 (GetTrainStatus.py:158)
[2018-10-12 14:04:42,299][    INFO] --- 查询到有余票，尝试提交订单 (GetTrainStatus.py:158)
[2018-10-12 14:04:42,299][    INFO] --- 查询到有余票，尝试提交订单 (GetTrainStatus.py:158)
[2018-10-12 14:04:42,299][    INFO] --- 查询到有余票，尝试提交订单 (GetTrainStatus.py:158)
[2018-10-12 14:04:42,300][    INFO] --- 查询到有余票，尝试提交订单 (GetTrainStatus.py:158)
[2018-10-12 14:04:42,300][    INFO] --- 查询到有余票，尝试提交订单 (GetTrainStatus.py:158)
[2018-10-12 14:04:42,300][    INFO] --- 查询到有余票，尝试提交订单 (GetTrainStatus.py:158)
[2018-10-12 14:04:42,301][    INFO] --- 查询到有余票，尝试提交订单 (GetTrainStatus.py:158)
[2018-10-12 14:04:42,301][    INFO] --- 查询到有余票，尝试提交订单 (GetTrainStatus.py:158)
[2018-10-12 14:04:42,301][    INFO] --- 查询到有余票，尝试提交订单 (GetTrainStatus.py:158)
[2018-10-12 14:04:42,301][    INFO] --- 查询到有余票，尝试提交订单 (GetTrainStatus.py:158)
[2018-10-12 14:04:42,302][    INFO] --- 查询到有余票，尝试提交订单 (GetTrainStatus.py:158)
[2018-10-12 14:04:42,302][    INFO] --- 查询到有余票，尝试提交订单 (GetTrainStatus.py:158)
[2018-10-12 14:04:42,302][    INFO] --- 查询到有余票，尝试提交订单 (GetTrainStatus.py:158)
[2018-10-12 14:04:42,303][    INFO] --- 查询到有余票，尝试提交订单 (GetTrainStatus.py:158)
[2018-10-12 14:04:42,303][    INFO] --- 查询到有余票，尝试提交订单 (GetTrainStatus.py:158)
[2018-10-12 14:04:42,303][    INFO] --- 查询到有余票，尝试提交订单 (GetTrainStatus.py:158)
[2018-10-12 14:04:42,304][    INFO] --- 查询到有余票，尝试提交订单 (GetTrainStatus.py:158)
[2018-10-12 14:04:42,304][    INFO] --- 查询到有余票，尝试提交订单 (GetTrainStatus.py:158)
[2018-10-12 14:04:42,304][    INFO] --- 查询到有余票，尝试提交订单 (GetTrainStatus.py:158)
[2018-10-12 14:04:42,304][    INFO] --- 查询到有余票，尝试提交订单 (GetTrainStatus.py:158)
[2018-10-12 14:04:42,305][    INFO] --- 车次配置信息: 深圳 --> 广州 时间: 2018-10-20 有误，或者返回数据异常，请检查: ["", "预订", "650000K4860B", "K486", "SZQ", "ICW", "SZQ", "GZQ", "11:05", "12:55", "01:50", "N", "KePF%2FlZbuzwH1WDxphc0DOKumESy89BPwh1bQKbJjzNoih8nmwdaOxmu9Eg%3D", "20181020", "3", "QZ", "01", "03", "0", "0", "", "", "", "无", "", "", "无", "", "无", "无", "", "", "", "", "10401030", "1413", "1"]  (GetTrainStatus.py:135)
[2018-10-12 14:04:42,305][    INFO] --- 查询到有余票，尝试提交订单 (GetTrainStatus.py:158)
[2018-10-12 14:04:42,306][    INFO] --- 查询到有余票，尝试提交订单 (GetTrainStatus.py:158)
[2018-10-12 14:04:42,306][    INFO] --- 查询到有余票，尝试提交订单 (GetTrainStatus.py:158)
[2018-10-12 14:04:42,306][    INFO] --- 查询到有余票，尝试提交订单 (GetTrainStatus.py:158)
[2018-10-12 14:04:42,306][    INFO] --- 查询到有余票，尝试提交订单 (GetTrainStatus.py:158)
[2018-10-12 14:04:42,307][    INFO] --- 车次配置信息: 深圳 --> 广州 时间: 2018-10-20 有误，或者返回数据异常，请检查: ["", "预订", "6x0000G10000", "G100", "XJA", "AOH", "IOQ", "IZQ", "11:32", "12:01", "00:29", "N", "PE%2BpHuljPbIsKw00ZalFRXgSLPbz0ExDYXZ37EgYQBhxAcy2", "20181020", "3", "X1", "02", "03", "1", "0", "", "", "", "", "", "", "", "", "", "", "无", "无", "无", "", "O0M090", "OM9", "0"]  (GetTrainStatus.py:135)
[2018-10-12 14:04:42,307][    INFO] --- 查询到有余票，尝试提交订单 (GetTrainStatus.py:158)
[2018-10-12 14:04:42,307][    INFO] --- 查询到有余票，尝试提交订单 (GetTrainStatus.py:158)
[2018-10-12 14:04:42,308][    INFO] --- 查询到有余票，尝试提交订单 (GetTrainStatus.py:158)
[2018-10-12 14:04:42,308][    INFO] --- 查询到有余票，尝试提交订单 (GetTrainStatus.py:158)
[2018-10-12 14:04:42,308][    INFO] --- 查询到有余票，尝试提交订单 (GetTrainStatus.py:158)
[2018-10-12 14:04:42,309][    INFO] --- 查询到有余票，尝试提交订单 (GetTrainStatus.py:158)
[2018-10-12 14:04:42,309][    INFO] --- 查询到有余票，尝试提交订单 (GetTrainStatus.py:158)
[2018-10-12 14:04:42,309][    INFO] --- 查询到有余票，尝试提交订单 (GetTrainStatus.py:158)
[2018-10-12 14:04:42,310][    INFO] --- 查询到有余票，尝试提交订单 (GetTrainStatus.py:158)
[2018-10-12 14:04:42,310][    INFO] --- 查询到有余票，尝试提交订单 (GetTrainStatus.py:158)
[2018-10-12 14:04:42,310][    INFO] --- 查询到有余票，尝试提交订单 (GetTrainStatus.py:158)
[2018-10-12 14:04:42,310][    INFO] --- 查询到有余票，尝试提交订单 (GetTrainStatus.py:158)
[2018-10-12 14:04:42,311][    INFO] --- 查询到有余票，尝试提交订单 (GetTrainStatus.py:158)
[2018-10-12 14:04:42,311][    INFO] --- 车次配置信息: 深圳 --> 广州 时间: 2018-10-20 有误，或者返回数据异常，请检查: ["", "预订", "6i000G291404", "G2914", "IOQ", "NFZ", "IOQ", "IZQ", "12:22", "12:58", "00:36", "N", "PE%2BpHuljPbIsKw00ZalFRXgSLPbz0ExDYXZ37EgYQBhxAcy2", "20181020", "3", "Q9", "01", "03", "1", "0", "", "", "", "", "", "", "", "", "", "", "无", "无", "无", "", "O0M090", "OM9", "0"]  (GetTrainStatus.py:135)
[2018-10-12 14:04:42,311][    INFO] --- 查询到有余票，尝试提交订单 (GetTrainStatus.py:158)
[2018-10-12 14:04:42,312][    INFO] --- 车次配置信息: 深圳 --> 广州 时间: 2018-10-20 有误，或者返回数据异常，请检查: ["", "预订", "6x0000G31200", "G312", "XJA", "KOM", "IOQ", "IZQ", "12:28", "13:05", "00:37", "N", "PE%2BpHuljPbIsKw00ZalFRXgSLPbz0ExDYXZ37EgYQBhxAcy2", "20181020", "3", "X1", "02", "04", "1", "0", "", "", "", "", "", "", "", "", "", "", "无", "无", "无", "", "O0M090", "OM9", "0"]  (GetTrainStatus.py:135)
[2018-10-12 14:04:42,312][    INFO] --- 查询到有余票，尝试提交订单 (GetTrainStatus.py:158)
[2018-10-12 14:04:42,312][    INFO] --- 查询到有余票，尝试提交订单 (GetTrainStatus.py:158)
[2018-10-12 14:04:42,313][    INFO] --- 查询到有余票，尝试提交订单 (GetTrainStatus.py:158)
[2018-10-12 14:04:42,313][    INFO] --- 查询到有余票，尝试提交订单 (GetTrainStatus.py:158)
[2018-10-12 14:04:42,313][    INFO] --- 查询到有余票，尝试提交订单 (GetTrainStatus.py:158)
[2018-10-12 14:04:42,314][    INFO] --- 查询到有余票，尝试提交订单 (GetTrainStatus.py:158)
[2018-10-12 14:04:42,314][    INFO] --- 查询到有余票，尝试提交订单 (GetTrainStatus.py:158)
[2018-10-12 14:04:42,314][    INFO] --- 查询到有余票，尝试提交订单 (GetTrainStatus.py:158)
[2018-10-12 14:04:42,315][    INFO] --- 查询到有余票，尝试提交订单 (GetTrainStatus.py:158)
[2018-10-12 14:04:42,315][    INFO] --- 查询到有余票，尝试提交订单 (GetTrainStatus.py:158)
[2018-10-12 14:04:42,315][    INFO] --- 查询到有余票，尝试提交订单 (GetTrainStatus.py:158)
[2018-10-12 14:04:42,316][    INFO] --- 查询到有余票，尝试提交订单 (GetTrainStatus.py:158)
[2018-10-12 14:04:42,316][    INFO] --- 查询到有余票，尝试提交订单 (GetTrainStatus.py:158)
[2018-10-12 14:04:42,316][    INFO] --- 查询到有余票，尝试提交订单 (GetTrainStatus.py:158)
[2018-10-12 14:04:42,316][    INFO] --- 查询到有余票，尝试提交订单 (GetTrainStatus.py:158)
[2018-10-12 14:04:42,317][    INFO] --- 查询到有余票，尝试提交订单 (GetTrainStatus.py:158)
[2018-10-12 14:04:42,317][    INFO] --- 查询到有余票，尝试提交订单 (GetTrainStatus.py:158)
[2018-10-12 14:04:42,317][    INFO] --- 查询到有余票，尝试提交订单 (GetTrainStatus.py:158)
[2018-10-12 14:04:42,318][    INFO] --- 查询到有余票，尝试提交订单 (GetTrainStatus.py:158)
[2018-10-12 14:04:42,318][    INFO] --- 查询到有余票，尝试提交订单 (GetTrainStatus.py:158)
[2018-10-12 14:04:42,318][    INFO] --- 查询到有余票，尝试提交订单 (GetTrainStatus.py:158)
[2018-10-12 14:04:42,318][    INFO] --- 查询到有余票，尝试提交订单 (GetTrainStatus.py:158)
[2018-10-12 14:04:42,319][    INFO] --- 查询到有余票，尝试提交订单 (GetTrainStatus.py:158)
[2018-10-12 14:04:42,319][    INFO] --- 查询到有余票，尝试提交订单 (GetTrainStatus.py:158)
[2018-10-12 14:04:42,319][    INFO] --- 查询到有余票，尝试提交订单 (GetTrainStatus.py:158)
[2018-10-12 14:04:42,319][    INFO] --- 查询到有余票，尝试提交订单 (GetTrainStatus.py:158)
[2018-10-12 14:04:42,320][    INFO] --- 查询到有余票，尝试提交订单 (GetTrainStatus.py:158)
[2018-10-12 14:04:42,320][    INFO] --- 查询到有余票，尝试提交订单 (GetTrainStatus.py:158)
[2018-10-12 14:04:42,320][    INFO] --- 查询到有余票，尝试提交订单 (GetTrainStatus.py:158)
[2018-10-12 14:04:42,320][    INFO] --- 查询到有余票，尝试提交订单 (GetTrainStatus.py:158)
[2018-10-12 14:04:42,321][    INFO] --- 查询到有余票，尝试提交订单 (GetTrainStatus.py:158)
[2018-10-12 14:04:42,321][    INFO] --- 查询到有余票，尝试提交订单 (GetTrainStatus.py:158)
[2018-10-12 14:04:42,321][    INFO] --- 查询到有余票，尝试提交订单 (GetTrainStatus.py:158)
[2018-10-12 14:04:42,321][    INFO] --- 查询到有余票，尝试提交订单 (GetTrainStatus.py:158)
[2018-10-12 14:04:42,322][    INFO] --- 查询到有余票，尝试提交订单 (GetTrainStatus.py:158)
[2018-10-12 14:04:42,322][    INFO] --- 查询到有余票，尝试提交订单 (GetTrainStatus.py:158)
[2018-10-12 14:04:42,322][    INFO] --- 查询到有余票，尝试提交订单 (GetTrainStatus.py:158)
[2018-10-12 14:04:42,322][    INFO] --- 查询到有余票，尝试提交订单 (GetTrainStatus.py:158)
[2018-10-12 14:04:42,323][    INFO] --- 查询到有余票，尝试提交订单 (GetTrainStatus.py:158)
[2018-10-12 14:04:42,323][    INFO] --- 查询到有余票，尝试提交订单 (GetTrainStatus.py:158)
[2018-10-12 14:04:42,323][    INFO] --- 查询到有余票，尝试提交订单 (GetTrainStatus.py:158)
[2018-10-12 14:04:42,323][    INFO] --- 查询到有余票，尝试提交订单 (GetTrainStatus.py:158)
[2018-10-12 14:04:42,324][    INFO] --- 查询到有余票，尝试提交订单 (GetTrainStatus.py:158)
[2018-10-12 14:04:42,324][    INFO] --- 查询到有余票，尝试提交订单 (GetTrainStatus.py:158)
[2018-10-12 14:04:42,324][    INFO] --- 查询到有余票，尝试提交订单 (GetTrainStatus.py:158)
[2018-10-12 14:04:42,325][    INFO] --- 查询到有余票，尝试提交订单 (GetTrainStatus.py:158)
[2018-10-12 14:04:42,325][    INFO] --- 查询到有余票，尝试提交订单 (GetTrainStatus.py:158)
[2018-10-12 14:04:42,325][    INFO] --- 查询到有余票，尝试提交订单 (GetTrainStatus.py:158)
[2018-10-12 14:04:42,325][    INFO] --- 查询到有余票，尝试提交订单 (GetTrainStatus.py:158)
[2018-10-12 14:04:42,326][    INFO] --- 查询到有余票，尝试提交订单 (GetTrainStatus.py:158)
[2018-10-12 14:04:42,326][    INFO] --- 查询到有余票，尝试提交订单 (GetTrainStatus.py:158)
[2018-10-12 14:04:42,326][    INFO] --- 查询到有余票，尝试提交订单 (GetTrainStatus.py:158)
[2018-10-12 14:04:42,326][    INFO] --- 查询到有余票，尝试提交订单 (GetTrainStatus.py:158)
[2018-10-12 14:04:42,327][    INFO] --- 查询到有余票，尝试提交订单 (GetTrainStatus.py:158)
[2018-10-12 14:04:42,327][    INFO] --- 车次配置信息: 深圳 --> 广州 时间: 2018-10-20 有误，或者返回数据异常，请检查: ["", "预订", "690000K2380B", "K238", "OSQ", "TYV", "OSQ", "GZQ", "15:40", "18:09", "02:29", "N", "lh6s%2B1zYkzjJ9Jc9WIqO10FDNxg5bRIpIxO83UzaXB2iIDhrA884dYhX3h0%3D", "20181020", "3", "Q7", "01", "03", "0", "0", "", "", "", "无", "", "", "无", "", "无", "无", "", "", "", "", "10401030", "1413", "0"]  (GetTrainStatus.py:135)
[2018-10-12 14:04:42,327][    INFO] --- 查询到有余票，尝试提交订单 (GetTrainStatus.py:158)
[2018-10-12 14:04:42,327][    INFO] --- 查询到有余票，尝试提交订单 (GetTrainStatus.py:158)
[2018-10-12 14:04:42,328][    INFO] --- 车次配置信息: 深圳 --> 广州 时间: 2018-10-20 有误，或者返回数据异常，请检查: ["", "预订", "6j000G632709", "G6326", "CBQ", "IZQ", "IOQ", "IZQ", "15:51", "16:27", "00:36", "N", "PE%2BpHuljPbIsKw00ZalFRXgSLPbz0ExDYXZ37EgYQBhxAcy2", "20181020", "3", "Q9", "05", "07", "1", "0", "", "", "", "", "", "", "", "", "", "", "无", "无", "无", "", "O0M090", "OM9", "0"]  (GetTrainStatus.py:135)
[2018-10-12 14:04:42,328][    INFO] --- 查询到有余票，尝试提交订单 (GetTrainStatus.py:158)
[2018-10-12 14:04:42,328][    INFO] --- 查询到有余票，尝试提交订单 (GetTrainStatus.py:158)
[2018-10-12 14:04:42,329][    INFO] --- 查询到有余票，尝试提交订单 (GetTrainStatus.py:158)
[2018-10-12 14:04:42,329][    INFO] --- 查询到有余票，尝试提交订单 (GetTrainStatus.py:158)
[2018-10-12 14:04:42,329][    INFO] --- 查询到有余票，尝试提交订单 (GetTrainStatus.py:158)
[2018-10-12 14:04:42,329][    INFO] --- 查询到有余票，尝试提交订单 (GetTrainStatus.py:158)
[2018-10-12 14:04:42,329][    INFO] --- 查询到有余票，尝试提交订单 (GetTrainStatus.py:158)
[2018-10-12 14:04:42,330][    INFO] --- 查询到有余票，尝试提交订单 (GetTrainStatus.py:158)
[2018-10-12 14:04:42,330][    INFO] --- 查询到有余票，尝试提交订单 (GetTrainStatus.py:158)
[2018-10-12 14:04:42,330][    INFO] --- 查询到有余票，尝试提交订单 (GetTrainStatus.py:158)
[2018-10-12 14:04:42,331][    INFO] --- 查询到有余票，尝试提交订单 (GetTrainStatus.py:158)
[2018-10-12 14:04:42,331][    INFO] --- 查询到有余票，尝试提交订单 (GetTrainStatus.py:158)
[2018-10-12 14:04:42,331][    INFO] --- 查询到有余票，尝试提交订单 (GetTrainStatus.py:158)
[2018-10-12 14:04:42,331][    INFO] --- 查询到有余票，尝试提交订单 (GetTrainStatus.py:158)
[2018-10-12 14:04:42,331][    INFO] --- 查询到有余票，尝试提交订单 (GetTrainStatus.py:158)
[2018-10-12 14:04:42,332][    INFO] --- 查询到有余票，尝试提交订单 (GetTrainStatus.py:158)
[2018-10-12 14:04:42,332][    INFO] --- 查询到有余票，尝试提交订单 (GetTrainStatus.py:158)
[2018-10-12 14:04:42,332][    INFO] --- 查询到有余票，尝试提交订单 (GetTrainStatus.py:158)
[2018-10-12 14:04:42,332][    INFO] --- 查询到有余票，尝试提交订单 (GetTrainStatus.py:158)
[2018-10-12 14:04:42,333][    INFO] --- 查询到有余票，尝试提交订单 (GetTrainStatus.py:158)
[2018-10-12 14:04:42,333][    INFO] --- 查询到有余票，尝试提交订单 (GetTrainStatus.py:158)
[2018-10-12 14:04:42,333][    INFO] --- 查询到有余票，尝试提交订单 (GetTrainStatus.py:158)
[2018-10-12 14:04:42,333][    INFO] --- 查询到有余票，尝试提交订单 (GetTrainStatus.py:158)
[2018-10-12 14:04:42,334][    INFO] --- 查询到有余票，尝试提交订单 (GetTrainStatus.py:158)
[2018-10-12 14:04:42,334][    INFO] --- 车次配置信息: 深圳 --> 广州 时间: 2018-10-20 有误，或者返回数据异常，请检查: ["", "预订", "6x000G611400", "G6114", "XJA", "CWQ", "IOQ", "IZQ", "17:40", "18:09", "00:29", "N", "PE%2BpHuljPbIsKw00ZalFRXgSLPbz0ExDYXZ37EgYQBhxAcy2", "20181020", "3", "X1", "02", "03", "1", "0", "", "", "", "", "", "", "", "", "", "", "无", "无", "无", "", "O0M090", "OM9", "0"]  (GetTrainStatus.py:135)
[2018-10-12 14:04:42,334][    INFO] --- 查询到有余票，尝试提交订单 (GetTrainStatus.py:158)
[2018-10-12 14:04:42,335][    INFO] --- 查询到有余票，尝试提交订单 (GetTrainStatus.py:158)
[2018-10-12 14:04:42,335][    INFO] --- 查询到有余票，尝试提交订单 (GetTrainStatus.py:158)
[2018-10-12 14:04:42,335][    INFO] --- 查询到有余票，尝试提交订单 (GetTrainStatus.py:158)
[2018-10-12 14:04:42,336][    INFO] --- 查询到有余票，尝试提交订单 (GetTrainStatus.py:158)
[2018-10-12 14:04:42,336][    INFO] --- 查询到有余票，尝试提交订单 (GetTrainStatus.py:158)
[2018-10-12 14:04:42,336][    INFO] --- 查询到有余票，尝试提交订单 (GetTrainStatus.py:158)
[2018-10-12 14:04:42,336][    INFO] --- 查询到有余票，尝试提交订单 (GetTrainStatus.py:158)
[2018-10-12 14:04:42,337][    INFO] --- 查询到有余票，尝试提交订单 (GetTrainStatus.py:158)
[2018-10-12 14:04:42,337][    INFO] --- 查询到有余票，尝试提交订单 (GetTrainStatus.py:158)
[2018-10-12 14:04:42,337][    INFO] --- 车次配置信息: 深圳 --> 广州 时间: 2018-10-20 有误，或者返回数据异常，请检查: ["", "预订", "6j000G603900", "G6038", "IFQ", "CWQ", "IOQ", "IZQ", "18:42", "19:11", "00:29", "N", "b%2BkstZ%2FpgQVY6seAn8bIoQdG1r9gRTzkfhEU%2BtcBRE7WyncFdoNgu3h%2BFNM%3D", "20181020", "3", "Q7", "02", "03", "1", "0", "", "", "", "", "", "", "无", "", "", "", "无", "无", "无", "", "O090M0O0", "O9MO", "0"]  (GetTrainStatus.py:135)
[2018-10-12 14:04:42,337][    INFO] --- 查询到有余票，尝试提交订单 (GetTrainStatus.py:158)
[2018-10-12 14:04:42,338][    INFO] --- 查询到有余票，尝试提交订单 (GetTrainStatus.py:158)
[2018-10-12 14:04:42,338][    INFO] --- 查询到有余票，尝试提交订单 (GetTrainStatus.py:158)
[2018-10-12 14:04:42,338][    INFO] --- 查询到有余票，尝试提交订单 (GetTrainStatus.py:158)
[2018-10-12 14:04:42,338][    INFO] --- 查询到有余票，尝试提交订单 (GetTrainStatus.py:158)
[2018-10-12 14:04:42,339][    INFO] --- 查询到有余票，尝试提交订单 (GetTrainStatus.py:158)
[2018-10-12 14:04:42,339][    INFO] --- 查询到有余票，尝试提交订单 (GetTrainStatus.py:158)
[2018-10-12 14:04:42,339][    INFO] --- 查询到有余票，尝试提交订单 (GetTrainStatus.py:158)
[2018-10-12 14:04:42,339][    INFO] --- 查询到有余票，尝试提交订单 (GetTrainStatus.py:158)
[2018-10-12 14:04:42,340][    INFO] --- 查询到有余票，尝试提交订单 (GetTrainStatus.py:158)
[2018-10-12 14:04:42,340][    INFO] --- 查询到有余票，尝试提交订单 (GetTrainStatus.py:158)
[2018-10-12 14:04:42,340][    INFO] --- 查询到有余票，尝试提交订单 (GetTrainStatus.py:158)
[2018-10-12 14:04:42,341][    INFO] --- 查询到有余票，尝试提交订单 (GetTrainStatus.py:158)
[2018-10-12 14:04:42,341][    INFO] --- 查询到有余票，尝试提交订单 (GetTrainStatus.py:158)
[2018-10-12 14:04:42,341][    INFO] --- 车次配置信息: 深圳 --> 广州 时间: 2018-10-20 有误，或者返回数据异常，请检查: ["", "预订", "6i0000D9020E", "D902", "IOQ", "BXP", "IOQ", "IZQ", "19:34", "20:12", "00:38", "N", "616Qr43OpsQ1gerNFehf2lhv7QWimqg3", "20181020", "3", "Q6", "01", "02", "1", "0", "", "", "", "", "", "", "", "", "", "", "无", "", "", "无", "O0F0", "OF", "0"]  (GetTrainStatus.py:135)
[2018-10-12 14:04:42,341][    INFO] --- 查询到有余票，尝试提交订单 (GetTrainStatus.py:158)
[2018-10-12 14:04:42,342][    INFO] --- 车次配置信息: 深圳 --> 广州 时间: 2018-10-20 有误，或者返回数据异常，请检查: ["", "预订", "6i0000D9040E", "D904", "IOQ", "BXP", "IOQ", "IZQ", "19:45", "20:17", "00:32", "N", "l9HhawyWLffedJ8mb6IghVzCXemKTTzq", "20181020", "3", "Q9", "01", "02", "1", "0", "", "", "", "", "", "", "", "", "", "", "无", "", "", "无", "F0O0", "FO", "0"]  (GetTrainStatus.py:135)
[2018-10-12 14:04:42,342][    INFO] --- 车次配置信息: 深圳 --> 广州 时间: 2018-10-20 有误，或者返回数据异常，请检查: ["", "列车运行图调整,暂停发售", "65000K90040A", "K9004", "BJQ", "YYQ", "BJQ", "GGQ", "24:00", "24:00", "99:59", "IS_TIME_NOT_BUY", "", "20181020", "", "Q9", "01", "03", "0", "1", "", "", "", "", "", "", "", "", "", "", "", "", "", "", "", "", "1"]  (GetTrainStatus.py:135)
[2018-10-12 14:04:42,342][    INFO] --- 查询到有余票，尝试提交订单 (GetTrainStatus.py:158)
[2018-10-12 14:04:42,343][    INFO] --- 车次配置信息: 深圳 --> 广州 时间: 2018-10-20 有误，或者返回数据异常，请检查: ["", "预订", "69000K90600H", "K9060", "OSQ", "HHQ", "OSQ", "GZQ", "19:50", "21:56", "02:06", "N", "%2Far%2Bux2r5Zf2F7hJvwcgpJ9wW2SfZ8gRmoJuhzorcxySG2T0UKE5CmzZRMA%3D", "20181020", "3", "QZ", "01", "04", "0", "0", "", "", "", "无", "", "", "无", "", "无", "无", "", "", "", "", "10403010", "1431", "1"]  (GetTrainStatus.py:135)
[2018-10-12 14:04:42,343][    INFO] --- 车次配置信息: 深圳 --> 广州 时间: 2018-10-20 有误，或者返回数据异常，请检查: ["", "列车停运", "6i0000D9100A", "D910", "IOQ", "BXP", "IOQ", "IZQ", "24:00", "24:00", "99:59", "IS_TIME_NOT_BUY", "", "20181020", "", "Q7", "01", "02", "0", "1", "", "", "", "", "", "", "", "", "", "", "", "", "", "", "", "", "0"]  (GetTrainStatus.py:135)
[2018-10-12 14:04:42,343][    INFO] --- 车次配置信息: 深圳 --> 广州 时间: 2018-10-20 有误，或者返回数据异常，请检查: ["", "预订", "6i0000D9280D", "D928", "IOQ", "BXP", "IOQ", "IZQ", "19:55", "20:27", "00:32", "N", "l9HhawyWLffedJ8mb6IghVzCXemKTTzq", "20181020", "3", "Q7", "01", "02", "1", "0", "", "", "", "", "", "", "", "", "", "", "无", "", "", "无", "F0O0", "FO", "0"]  (GetTrainStatus.py:135)
[2018-10-12 14:04:42,343][    INFO] --- 查询到有余票，尝试提交订单 (GetTrainStatus.py:158)
[2018-10-12 14:04:42,344][    INFO] --- 查询到有余票，尝试提交订单 (GetTrainStatus.py:158)
[2018-10-12 14:04:42,344][    INFO] --- 查询到有余票，尝试提交订单 (GetTrainStatus.py:158)
[2018-10-12 14:04:42,344][    INFO] --- 查询到有余票，尝试提交订单 (GetTrainStatus.py:158)
[2018-10-12 14:04:42,345][    INFO] --- 查询到有余票，尝试提交订单 (GetTrainStatus.py:158)
[2018-10-12 14:04:42,345][    INFO] --- 查询到有余票，尝试提交订单 (GetTrainStatus.py:158)
[2018-10-12 14:04:42,345][    INFO] --- 查询到有余票，尝试提交订单 (GetTrainStatus.py:158)
[2018-10-12 14:04:42,345][    INFO] --- 查询到有余票，尝试提交订单 (GetTrainStatus.py:158)
[2018-10-12 14:04:42,346][    INFO] --- 查询到有余票，尝试提交订单 (GetTrainStatus.py:158)
[2018-10-12 14:04:42,346][    INFO] --- 查询到有余票，尝试提交订单 (GetTrainStatus.py:158)
[2018-10-12 14:04:42,346][    INFO] --- 查询到有余票，尝试提交订单 (GetTrainStatus.py:158)
[2018-10-12 14:04:42,346][    INFO] --- 查询到有余票，尝试提交订单 (GetTrainStatus.py:158)
[2018-10-12 14:04:42,347][    INFO] --- 查询到有余票，尝试提交订单 (GetTrainStatus.py:158)
[2018-10-12 14:04:42,347][    INFO] --- 查询到有余票，尝试提交订单 (GetTrainStatus.py:158)
[2018-10-12 14:04:42,347][    INFO] --- 查询到有余票，尝试提交订单 (GetTrainStatus.py:158)
[2018-10-12 14:04:42,347][    INFO] --- 查询到有余票，尝试提交订单 (GetTrainStatus.py:158)
[2018-10-12 14:04:42,348][    INFO] --- 查询到有余票，尝试提交订单 (GetTrainStatus.py:158)
[2018-10-12 14:04:42,348][    INFO] --- 查询到有余票，尝试提交订单 (GetTrainStatus.py:158)
[2018-10-12 14:04:42,348][    INFO] --- 查询到有余票，尝试提交订单 (GetTrainStatus.py:158)
[2018-10-12 14:04:42,348][    INFO] --- 查询到有余票，尝试提交订单 (GetTrainStatus.py:158)
[2018-10-12 14:04:42,349][    INFO] --- 查询到有余票，尝试提交订单 (GetTrainStatus.py:158)
[2018-10-12 14:04:42,349][    INFO] --- 查询到有余票，尝试提交订单 (GetTrainStatus.py:158)
[2018-10-12 14:04:42,349][    INFO] --- 查询到有余票，尝试提交订单 (GetTrainStatus.py:158)
[2018-10-12 14:04:42,349][    INFO] --- 查询到有余票，尝试提交订单 (GetTrainStatus.py:158)
[2018-10-12 14:04:42,350][    INFO] --- 车次配置信息: 深圳 --> 广州 时间: 2018-10-20 有误，或者返回数据异常，请检查: ["", "预订", "6j000G63110C", "G6310", "CBQ", "IZQ", "IOQ", "IZQ", "21:29", "22:05", "00:36", "N", "PE%2BpHuljPbIsKw00ZalFRXgSLPbz0ExDYXZ37EgYQBhxAcy2", "20181020", "3", "Q7", "04", "06", "1", "0", "", "", "", "", "", "", "", "", "", "", "无", "无", "无", "", "O0M090", "OM9", "0"]  (GetTrainStatus.py:135)
[2018-10-12 14:04:42,350][    INFO] --- 查询到有余票，尝试提交订单 (GetTrainStatus.py:158)
[2018-10-12 14:04:42,350][    INFO] --- 查询到有余票，尝试提交订单 (GetTrainStatus.py:158)
[2018-10-12 14:04:42,350][    INFO] --- 查询到有余票，尝试提交订单 (GetTrainStatus.py:158)
[2018-10-12 14:04:42,351][    INFO] --- 查询到有余票，尝试提交订单 (GetTrainStatus.py:158)
[2018-10-12 14:04:42,351][    INFO] --- 查询到有余票，尝试提交订单 (GetTrainStatus.py:158)
[2018-10-12 14:04:42,351][    INFO] --- 查询到有余票，尝试提交订单 (GetTrainStatus.py:158)
[2018-10-12 14:04:42,351][    INFO] --- 查询到有余票，尝试提交订单 (GetTrainStatus.py:158)
[2018-10-12 14:04:42,352][    INFO] --- 查询到有余票，尝试提交订单 (GetTrainStatus.py:158)
[2018-10-12 14:04:42,352][    INFO] --- 查询到有余票，尝试提交订单 (GetTrainStatus.py:158)
[2018-10-12 14:04:42,352][    INFO] --- 查询到有余票，尝试提交订单 (GetTrainStatus.py:158)
[2018-10-12 14:04:42,352][    INFO] --- 查询到有余票，尝试提交订单 (GetTrainStatus.py:158)
[2018-10-12 14:04:42,353][    INFO] --- 查询到有余票，尝试提交订单 (GetTrainStatus.py:158)
[2018-10-12 14:04:42,353][    INFO] --- 查询到有余票，尝试提交订单 (GetTrainStatus.py:158)
[2018-10-12 14:04:42,353][    INFO] --- 查询到有余票，尝试提交订单 (GetTrainStatus.py:158)
