[2018-11-24 19:19:46,083][    INFO] --- url: /passport/web/auth/uamtk
入参: {'appid': 'otn'}
请求方式: post
 (logger.py:61)
[2018-11-24 19:19:46,436][    INFO] --- 出参：{"result_message":"用户未登录","result_code":1} (logger.py:61)
[2018-11-24 19:20:22,255][    INFO] --- url: /passport/web/auth/uamtk
入参: {'appid': 'otn'}
请求方式: post
 (logger.py:61)
[2018-11-24 19:20:22,563][    INFO] --- 出参：{"result_message":"用户未登录","result_code":1} (logger.py:61)
[2018-11-24 19:20:22,563][    INFO] --- url: /passport/captcha/captcha-check
入参: {'answer': '184,45,256,48', 'rand': 'sjrand', 'login_site': 'E'}
请求方式: post
 (logger.py:61)
[2018-11-24 19:20:22,721][    INFO] --- 出参：{"result_message":"验证码校验失败,信息为空","result_code":"8"} (logger.py:61)
[2018-11-24 19:20:37,107][    INFO] --- url: /passport/web/auth/uamtk
入参: {'appid': 'otn'}
请求方式: post
 (logger.py:61)
[2018-11-24 19:20:37,269][    INFO] --- 出参：{"result_message":"用户未登录","result_code":1} (logger.py:61)
[2018-11-24 19:20:37,270][    INFO] --- url: /passport/captcha/captcha-check
入参: {'answer': '256,48,117,36,115,112', 'rand': 'sjrand', 'login_site': 'E'}
请求方式: post
 (logger.py:61)
[2018-11-24 19:20:37,442][    INFO] --- 出参：{"result_message":"验证码校验失败,信息为空","result_code":"8"} (logger.py:61)
[2018-11-24 19:20:57,351][    INFO] --- url: /passport/web/auth/uamtk
入参: {'appid': 'otn'}
请求方式: post
 (logger.py:61)
[2018-11-24 19:20:57,514][    INFO] --- 出参：{"result_message":"用户未登录","result_code":1} (logger.py:61)
[2018-11-24 19:20:57,514][    INFO] --- url: /passport/captcha/captcha-check
入参: {'answer': '117,36,252,111', 'rand': 'sjrand', 'login_site': 'E'}
请求方式: post
 (logger.py:61)
[2018-11-24 19:20:57,685][    INFO] --- 出参：{"result_message":"验证码校验失败,信息为空","result_code":"8"} (logger.py:61)
[2018-11-24 19:20:58,886][    INFO] --- url: /passport/web/auth/uamtk
入参: {'appid': 'otn'}
请求方式: post
 (logger.py:61)
[2018-11-24 19:20:59,060][    INFO] --- 出参：{"result_message":"用户未登录","result_code":1} (logger.py:61)
[2018-11-24 19:20:59,061][    INFO] --- url: /passport/captcha/captcha-check
入参: {'answer': None, 'rand': 'sjrand', 'login_site': 'E'}
请求方式: post
 (logger.py:61)
[2018-11-24 19:20:59,437][    INFO] --- 出参：{"result_message":"验证码校验失败,信息为空","result_code":"8"} (logger.py:61)
[2018-11-24 19:22:19,093][    INFO] --- url: /passport/web/auth/uamtk
入参: {'appid': 'otn'}
请求方式: post
 (logger.py:61)
[2018-11-24 19:22:19,566][    INFO] --- 出参：{"result_message":"用户未登录","result_code":1} (logger.py:61)
[2018-11-24 19:22:19,567][    INFO] --- url: /passport/captcha/captcha-check
入参: {'answer': None, 'rand': 'sjrand', 'login_site': 'E'}
请求方式: post
 (logger.py:61)
[2018-11-24 19:22:19,725][    INFO] --- 出参：{"result_message":"验证码校验失败,信息为空","result_code":"8"} (logger.py:61)
[2018-11-24 19:23:41,683][    INFO] --- url: /passport/web/auth/uamtk
入参: {'appid': 'otn'}
请求方式: post
 (logger.py:61)
[2018-11-24 19:23:42,069][    INFO] --- 出参：{"result_message":"用户未登录","result_code":1} (logger.py:61)
[2018-11-24 19:24:28,847][    INFO] --- url: /passport/captcha/captcha-check
入参: {'answer': '117,36,252,111', 'rand': 'sjrand', 'login_site': 'E'}
请求方式: post
 (logger.py:61)
[2018-11-24 19:24:29,084][    INFO] --- 出参：{"result_message":"验证码校验失败,信息为空","result_code":"8"} (logger.py:61)
[2018-11-24 19:25:18,386][    INFO] --- url: /passport/web/auth/uamtk
入参: {'appid': 'otn'}
请求方式: post
 (logger.py:61)
[2018-11-24 19:25:18,743][    INFO] --- 出参：{"result_message":"用户未登录","result_code":1} (logger.py:61)
[2018-11-24 19:25:18,744][    INFO] --- url: /passport/captcha/captcha-check
入参: {'answer': '184,45,252,111', 'rand': 'sjrand', 'login_site': 'E'}
请求方式: post
 (logger.py:61)
[2018-11-24 19:25:18,916][    INFO] --- 出参：{"result_message":"验证码校验失败,信息为空","result_code":"8"} (logger.py:61)
[2018-11-24 19:36:19,487][    INFO] --- url: /passport/web/auth/uamtk
入参: {'appid': 'otn'}
请求方式: post
 (logger.py:61)
[2018-11-24 19:36:19,789][    INFO] --- 出参：{"result_message":"用户未登录","result_code":1} (logger.py:61)
[2018-11-24 19:36:19,789][    INFO] --- url: /passport/captcha/captcha-check
入参: {'answer': '105,46,184,45,117,36', 'rand': 'sjrand', 'login_site': 'E'}
请求方式: post
 (logger.py:61)
[2018-11-24 19:36:19,970][    INFO] --- 出参：{"result_message":"验证码校验失败,信息为空","result_code":"8"} (logger.py:61)
[2018-11-24 19:36:21,160][    INFO] --- url: /passport/web/auth/uamtk
入参: {'appid': 'otn'}
请求方式: post
 (logger.py:61)
[2018-11-24 19:36:21,334][    INFO] --- 出参：{"result_message":"用户未登录","result_code":1} (logger.py:61)
[2018-11-24 19:36:21,334][    INFO] --- url: /passport/captcha/captcha-check
入参: {'answer': None, 'rand': 'sjrand', 'login_site': 'E'}
请求方式: post
 (logger.py:61)
[2018-11-24 19:36:21,585][    INFO] --- 出参：{"result_message":"验证码校验失败,信息为空","result_code":"8"} (logger.py:61)
[2018-11-24 19:38:49,979][    INFO] --- url: /passport/web/auth/uamtk
入参: {'appid': 'otn'}
请求方式: post
 (logger.py:61)
[2018-11-24 19:38:50,509][    INFO] --- 出参：{"result_message":"用户未登录","result_code":1} (logger.py:61)
[2018-11-24 19:38:50,510][    INFO] --- url: /passport/captcha/captcha-check
入参: {'answer': None, 'rand': 'sjrand', 'login_site': 'E'}
请求方式: post
 (logger.py:61)
[2018-11-24 19:38:50,722][    INFO] --- 出参：{"result_message":"验证码校验失败,信息为空","result_code":"8"} (logger.py:61)
[2018-11-24 19:42:22,468][    INFO] --- url: /passport/web/auth/uamtk
入参: {'appid': 'otn'}
请求方式: post
 (logger.py:61)
[2018-11-24 19:42:22,857][    INFO] --- 出参：{"result_message":"用户未登录","result_code":1} (logger.py:61)
[2018-11-24 19:58:45,321][    INFO] --- url: /passport/web/auth/uamtk
入参: {'appid': 'otn'}
请求方式: post
 (logger.py:61)
[2018-11-24 19:58:45,378][    INFO] --- url: /passport/web/auth/uamtk
入参: {'appid': 'otn'}
请求方式: post
 (logger.py:61)
[2018-11-24 19:58:45,717][    INFO] --- 出参：{"result_message":"用户未登录","result_code":1} (logger.py:61)
[2018-11-24 19:58:45,717][    INFO] --- url: /passport/captcha/captcha-check
入参: {'answer': None, 'rand': 'sjrand', 'login_site': 'E'}
请求方式: post
 (logger.py:61)
[2018-11-24 19:58:45,732][    INFO] --- 出参：{"result_message":"用户未登录","result_code":1} (logger.py:61)
[2018-11-24 19:58:45,733][    INFO] --- url: /passport/captcha/captcha-check
入参: {'answer': None, 'rand': 'sjrand', 'login_site': 'E'}
请求方式: post
 (logger.py:61)
[2018-11-24 19:58:45,871][    INFO] --- 出参：{"result_message":"验证码校验失败,信息为空","result_code":"8"} (logger.py:61)
[2018-11-24 19:58:45,888][    INFO] --- 出参：{"result_message":"验证码校验失败,信息为空","result_code":"8"} (logger.py:61)
[2018-11-24 22:30:49,480][    INFO] --- url: /passport/web/auth/uamtk
入参: {'appid': 'otn'}
请求方式: post
 (logger.py:61)
[2018-11-24 22:30:49,851][    INFO] --- 出参：{"result_message":"用户未登录","result_code":1} (logger.py:61)
[2018-11-24 22:31:17,518][    INFO] --- url: /passport/web/auth/uamtk
入参: {'appid': 'otn'}
请求方式: post
 (logger.py:61)
[2018-11-24 22:31:17,924][    INFO] --- 出参：{"result_message":"用户未登录","result_code":1} (logger.py:61)
[2018-11-24 22:32:28,145][    INFO] --- url: /passport/web/auth/uamtk
入参: {'appid': 'otn'}
请求方式: post
 (logger.py:61)
[2018-11-24 22:32:28,566][    INFO] --- 出参：{"result_message":"用户未登录","result_code":1} (logger.py:61)
[2018-11-24 22:33:39,249][    INFO] --- url: /passport/captcha/captcha-check
入参: {'answer': '117,36,181,114', 'rand': 'sjrand', 'login_site': 'E'}
请求方式: post
 (logger.py:61)
[2018-11-24 22:33:39,627][    INFO] --- 出参：{"result_message":"验证码校验失败,信息为空","result_code":"8"} (logger.py:61)
[2018-11-24 22:35:06,781][    INFO] --- url: /passport/web/auth/uamtk
入参: {'appid': 'otn'}
请求方式: post
 (logger.py:61)
[2018-11-24 22:35:07,105][    INFO] --- 出参：{"result_message":"用户未登录","result_code":1} (logger.py:61)
[2018-11-24 22:35:07,106][    INFO] --- url: /passport/captcha/captcha-check
入参: {'answer': '105,46,252,111', 'rand': 'sjrand', 'login_site': 'E'}
请求方式: post
 (logger.py:61)
[2018-11-24 22:35:07,281][    INFO] --- 出参：{"result_message":"验证码校验失败,信息为空","result_code":"8"} (logger.py:61)
[2018-11-24 22:36:33,371][    INFO] --- url: /passport/web/auth/uamtk
入参: {'appid': 'otn'}
请求方式: post
 (logger.py:61)
[2018-11-24 22:36:33,843][    INFO] --- 出参：{"result_message":"用户未登录","result_code":1} (logger.py:61)
[2018-11-24 22:36:33,843][    INFO] --- url: /passport/captcha/captcha-check
入参: {'answer': None, 'rand': 'sjrand', 'login_site': 'E'}
请求方式: post
 (logger.py:61)
[2018-11-24 22:36:34,102][    INFO] --- 出参：{"result_message":"验证码校验失败,信息为空","result_code":"8"} (logger.py:61)
[2018-11-24 22:38:43,066][    INFO] --- url: /passport/web/auth/uamtk
入参: {'appid': 'otn'}
请求方式: post
 (logger.py:61)
[2018-11-24 22:38:43,468][    INFO] --- 出参：{"result_message":"用户未登录","result_code":1} (logger.py:61)
[2018-11-24 22:39:03,715][    INFO] --- url: /passport/captcha/captcha-check
入参: {'answer': '105,46', 'rand': 'sjrand', 'login_site': 'E'}
请求方式: post
 (logger.py:61)
[2018-11-24 22:39:03,994][    INFO] --- 出参：{"result_message":"验证码校验失败,信息为空","result_code":"8"} (logger.py:61)
[2018-11-24 22:39:38,237][    INFO] --- url: /passport/web/auth/uamtk
入参: {'appid': 'otn'}
请求方式: post
 (logger.py:61)
[2018-11-24 22:39:38,755][    INFO] --- 出参：{"result_message":"用户未登录","result_code":1} (logger.py:61)
[2018-11-24 22:39:38,755][    INFO] --- url: /passport/captcha/captcha-check
入参: {'answer': '42,46', 'rand': 'sjrand', 'login_site': 'E'}
请求方式: post
 (logger.py:61)
[2018-11-24 22:39:39,034][    INFO] --- 出参：{"result_message":"验证码校验失败","result_code":"5"} (logger.py:61)
[2018-11-24 22:39:57,743][    INFO] --- url: /passport/web/auth/uamtk
入参: {'appid': 'otn'}
请求方式: post
 (logger.py:61)
[2018-11-24 22:39:57,943][    INFO] --- 出参：{"result_message":"用户未登录","result_code":1} (logger.py:61)
[2018-11-24 22:39:57,943][    INFO] --- url: /passport/captcha/captcha-check
入参: {'answer': '184,45,117,36,115,112', 'rand': 'sjrand', 'login_site': 'E'}
请求方式: post
 (logger.py:61)
[2018-11-24 22:39:58,125][    INFO] --- 出参：{"result_message":"验证码校验失败","result_code":"5"} (logger.py:61)
[2018-11-24 22:40:09,258][    INFO] --- url: /passport/web/auth/uamtk
入参: {'appid': 'otn'}
请求方式: post
 (logger.py:61)
[2018-11-24 22:40:09,461][    INFO] --- 出参：{"result_message":"用户未登录","result_code":1} (logger.py:61)
[2018-11-24 22:40:09,461][    INFO] --- url: /passport/captcha/captcha-check
入参: {'answer': '117,36,115,112,181,114', 'rand': 'sjrand', 'login_site': 'E'}
请求方式: post
 (logger.py:61)
[2018-11-24 22:40:09,748][    INFO] --- 出参：{"result_message":"验证码校验失败","result_code":"5"} (logger.py:61)
[2018-11-24 22:40:18,919][    INFO] --- url: /passport/web/auth/uamtk
入参: {'appid': 'otn'}
请求方式: post
 (logger.py:61)
[2018-11-24 22:40:19,121][    INFO] --- 出参：{"result_message":"用户未登录","result_code":1} (logger.py:61)
[2018-11-24 22:40:19,121][    INFO] --- url: /passport/captcha/captcha-check
入参: {'answer': '105,46,256,48', 'rand': 'sjrand', 'login_site': 'E'}
请求方式: post
 (logger.py:61)
[2018-11-24 22:40:19,374][    INFO] --- 出参：{"result_message":"验证码校验成功","result_code":"4"} (logger.py:61)
[2018-11-24 22:40:19,374][    INFO] --- url: /passport/web/login
入参: {'username': 'b624345050', 'password': '530530', 'appid': 'otn'}
请求方式: post
 (logger.py:61)
[2018-11-24 22:40:19,566][    INFO] --- 出参：{"result_message":"登录成功","result_code":0,"uamtk":"Frn4nNX199wCEqRJR0aWsFN6bZsNlsacTfIraA36b2b0"} (logger.py:61)
[2018-11-24 22:40:19,566][    INFO] --- url: /passport/web/auth/uamtk
入参: {'appid': 'otn'}
请求方式: post
 (logger.py:61)
[2018-11-24 22:40:19,854][    INFO] --- 出参：{"result_message":"用户未登录","result_code":1} (logger.py:61)
[2018-11-24 22:40:41,854][    INFO] --- url: /passport/web/auth/uamtk
入参: {'appid': 'otn'}
请求方式: post
 (logger.py:61)
[2018-11-24 22:40:42,125][    INFO] --- 出参：{"result_message":"用户未登录","result_code":1} (logger.py:61)
[2018-11-24 22:40:42,126][    INFO] --- url: /passport/captcha/captcha-check
入参: {'answer': '42,46,184,45,117,36,252,111', 'rand': 'sjrand', 'login_site': 'E'}
请求方式: post
 (logger.py:61)
[2018-11-24 22:40:42,414][    INFO] --- 出参：{"result_message":"验证码校验失败","result_code":"5"} (logger.py:61)
[2018-11-24 22:48:48,468][    INFO] --- url: /passport/web/auth/uamtk
入参: {'appid': 'otn'}
请求方式: post
 (logger.py:61)
[2018-11-24 22:48:48,923][    INFO] --- 出参：{"result_message":"用户未登录","result_code":1} (logger.py:61)
[2018-11-24 22:49:00,620][    INFO] --- url: /passport/web/auth/uamtk
入参: {'appid': 'otn'}
请求方式: post
 (logger.py:61)
[2018-11-24 22:49:00,824][    INFO] --- 出参：{"result_message":"用户未登录","result_code":1} (logger.py:61)
[2018-11-24 22:49:00,825][    INFO] --- url: /passport/captcha/captcha-check
入参: {'answer': '115,112', 'rand': 'sjrand', 'login_site': 'E'}
请求方式: post
 (logger.py:61)
[2018-11-24 22:49:01,002][    INFO] --- 出参：{"result_message":"验证码校验成功","result_code":"4"} (logger.py:61)
[2018-11-24 22:49:44,806][    INFO] --- url: /passport/web/auth/uamtk
入参: {'appid': 'otn'}
请求方式: post
 (logger.py:61)
[2018-11-24 22:49:45,133][    INFO] --- 出参：{"result_message":"用户未登录","result_code":1} (logger.py:61)
[2018-11-24 22:49:53,674][    INFO] --- url: /passport/web/auth/uamtk
入参: {'appid': 'otn'}
请求方式: post
 (logger.py:61)
[2018-11-24 22:49:53,843][    INFO] --- 出参：{"result_message":"用户未登录","result_code":1} (logger.py:61)
[2018-11-24 22:49:53,844][    INFO] --- url: /passport/captcha/captcha-check
入参: {'answer': '42,46,184,45', 'rand': 'sjrand', 'login_site': 'E'}
请求方式: post
 (logger.py:61)
[2018-11-24 22:49:54,017][    INFO] --- 出参：{"result_message":"验证码校验成功","result_code":"4"} (logger.py:61)
[2018-11-24 22:49:54,017][    INFO] --- url: /passport/web/login
入参: {'username': 'b624345050', 'password': '530530', 'appid': 'otn'}
请求方式: post
 (logger.py:61)
[2018-11-24 22:49:54,202][    INFO] --- 出参：{"result_message":"登录成功","result_code":0,"uamtk":"szbtt52o7aRrLgFdLphG6pY0Hzye7yitT-hujA64b2b0"} (logger.py:61)
[2018-11-24 22:49:54,202][    INFO] --- url: /passport/web/auth/uamtk
入参: {'appid': 'otn'}
请求方式: post
 (logger.py:61)
[2018-11-24 22:49:54,373][    INFO] --- 出参：{"result_message":"验证通过","result_code":0,"apptk":null,"newapptk":"rCaCyaRnyzLnJMAOaiz_WRrQOWYCXb_fwrTnLwcgb2b0"} (logger.py:61)
[2018-11-24 22:49:54,373][    INFO] --- url: /otn/uamauthclient
入参: {'tk': u'rCaCyaRnyzLnJMAOaiz_WRrQOWYCXb_fwrTnLwcgb2b0'}
请求方式: post
 (logger.py:61)
[2018-11-24 22:49:54,554][    INFO] --- 出参：{"apptk":"rCaCyaRnyzLnJMAOaiz_WRrQOWYCXb_fwrTnLwcgb2b0","result_code":0,"result_message":"验证通过","username":"卞东海"} (logger.py:61)
[2018-11-24 22:52:44,437][    INFO] --- url: /passport/web/auth/uamtk
入参: {'appid': 'otn'}
请求方式: post
 (logger.py:61)
[2018-11-24 22:52:44,929][    INFO] --- 出参：{"result_message":"用户未登录","result_code":1} (logger.py:61)
[2018-11-24 22:52:44,930][    INFO] --- url: /passport/captcha/captcha-check
入参: {'answer': None, 'rand': 'sjrand', 'login_site': 'E'}
请求方式: post
 (logger.py:61)
[2018-11-24 22:52:45,334][    INFO] --- 出参：{"result_message":"验证码校验失败,信息为空","result_code":"8"} (logger.py:61)
